[0.065s] Invoking command in '/home/luis/my_ws/build/multicamera': CMAKE_PREFIX_PATH=/home/luis/my_ws/install/cv_bridge:/home/luis/my_ws/install/vision_opencv:/home/luis/my_ws/install/rocket:/home/luis/my_ws/install/my_msgs:/home/luis/my_ws/install/multicamera:/home/luis/my_ws/install/image_geometry:/home/luis/my_ws/install/camara:/opt/ros/jazzy/opt/gz_math_vendor:/opt/ros/jazzy/opt/gz_utils_vendor:/opt/ros/jazzy/opt/gz_cmake_vendor:/home/luis/my_ws/install/opencv_tests:/home/luis/my_ws/install/iarocks_py:/opt/ros/jazzy DEBUGINFOD_URLS=https://debuginfod.ubuntu.com LD_LIBRARY_PATH=/home/luis/my_ws/install/cv_bridge/lib:/home/luis/my_ws/install/my_msgs/lib:/home/luis/my_ws/install/image_geometry/lib:/opt/ros/jazzy/opt/rviz_ogre_vendor/lib:/opt/ros/jazzy/lib/x86_64-linux-gnu:/opt/ros/jazzy/opt/gz_math_vendor/lib:/opt/ros/jazzy/opt/gz_utils_vendor/lib:/opt/ros/jazzy/opt/gz_cmake_vendor/lib:/opt/ros/jazzy/lib PYTHONPATH=/home/luis/my_ws/install/cv_bridge/lib/python3.12/site-packages:/home/luis/my_ws/install/opencv_tests/lib/python3.12/site-packages:/home/luis/my_ws/install/my_msgs/lib/python3.12/site-packages:/home/luis/my_ws/install/image_geometry/lib/python3.12/site-packages:/home/luis/my_ws/install/iarocks_py/lib/python3.12/site-packages:/opt/ros/jazzy/lib/python3.12/site-packages /usr/bin/cmake --build /home/luis/my_ws/build/multicamera -- -j12 -l12
[0.490s] [ 50%] [32mBuilding CXX object CMakeFiles/camera_subscriber.dir/src/camera_subscriber.cpp.o[0m
[0.491s] [ 50%] [32mBuilding CXX object CMakeFiles/camera_publisher.dir/src/camera_publisher.cpp.o[0m
[4.046s] [01m[K/home/luis/my_ws/src/multicamera/src/camera_publisher.cpp:[m[K In constructor ‘[01m[KSerialPort::[01;32m[KSerialPort[m[K(const std::string&, int)[m[K’:
[4.046s] [01m[K/home/luis/my_ws/src/multicamera/src/camera_publisher.cpp:25:25:[m[K [01;31m[Kerror: [m[Kaggregate ‘[01m[KSerialPort::SerialPort(const std::string&, int)::termios2 t[m[K’ has incomplete type and cannot be defined
[4.047s]    25 |         struct termios2 [01;31m[Kt[m[K;
[4.047s]       |                         [01;31m[K^[m[K
[4.048s] In file included from [01m[K/usr/include/x86_64-linux-gnu/asm/ioctl.h:1[m[K,
[4.048s]                  from [01m[K/usr/include/linux/ioctl.h:5[m[K,
[4.048s]                  from [01m[K/usr/include/asm-generic/ioctls.h:5[m[K,
[4.048s]                  from [01m[K/usr/include/x86_64-linux-gnu/asm/ioctls.h:1[m[K,
[4.049s]                  from [01m[K/usr/include/x86_64-linux-gnu/bits/ioctls.h:23[m[K,
[4.049s]                  from [01m[K/usr/include/x86_64-linux-gnu/sys/ioctl.h:26[m[K,
[4.049s]                  from [01m[K/home/luis/my_ws/src/multicamera/src/camera_publisher.cpp:1[m[K:
[4.049s] [01m[K/home/luis/my_ws/src/multicamera/src/camera_publisher.cpp:26:24:[m[K [01;31m[Kerror: [m[Kinvalid application of ‘[01m[Ksizeof[m[K’ to incomplete type ‘[01m[KSerialPort::SerialPort(const std::string&, int)::termios2[m[K’
[4.050s]    26 |         if (ioctl(fd_, [01;31m[KTCGETS2[m[K, &t) < 0)
[4.050s]       |                        [01;31m[K^~~~~~~[m[K
[4.062s] [01m[K/home/luis/my_ws/src/multicamera/src/camera_publisher.cpp:39:22:[m[K [01;31m[Kerror: [m[K‘[01m[KBOTHER[m[K’ was not declared in this scope
[4.062s]    39 |         t.c_cflag |= [01;31m[KBOTHER[m[K;
[4.063s]       |                      [01;31m[K^~~~~~[m[K
[4.063s] [01m[K/home/luis/my_ws/src/multicamera/src/camera_publisher.cpp:43:24:[m[K [01;31m[Kerror: [m[Kinvalid application of ‘[01m[Ksizeof[m[K’ to incomplete type ‘[01m[KSerialPort::SerialPort(const std::string&, int)::termios2[m[K’
[4.063s]    43 |         if (ioctl(fd_, [01;31m[KTCSETS2[m[K, &t) < 0)
[4.063s]       |                        [01;31m[K^~~~~~~[m[K
[6.261s] gmake[2]: *** [CMakeFiles/camera_publisher.dir/build.make:76: CMakeFiles/camera_publisher.dir/src/camera_publisher.cpp.o] Error 1
[6.262s] gmake[1]: *** [CMakeFiles/Makefile2:139: CMakeFiles/camera_publisher.dir/all] Error 2
[6.262s] gmake[1]: *** Waiting for unfinished jobs....
[11.731s] [ 75%] [32m[1mLinking CXX executable camera_subscriber[0m
[12.546s] [ 75%] Built target camera_subscriber
[12.547s] gmake: *** [Makefile:146: all] Error 2
[12.550s] Invoked command in '/home/luis/my_ws/build/multicamera' returned '2': CMAKE_PREFIX_PATH=/home/luis/my_ws/install/cv_bridge:/home/luis/my_ws/install/vision_opencv:/home/luis/my_ws/install/rocket:/home/luis/my_ws/install/my_msgs:/home/luis/my_ws/install/multicamera:/home/luis/my_ws/install/image_geometry:/home/luis/my_ws/install/camara:/opt/ros/jazzy/opt/gz_math_vendor:/opt/ros/jazzy/opt/gz_utils_vendor:/opt/ros/jazzy/opt/gz_cmake_vendor:/home/luis/my_ws/install/opencv_tests:/home/luis/my_ws/install/iarocks_py:/opt/ros/jazzy DEBUGINFOD_URLS=https://debuginfod.ubuntu.com LD_LIBRARY_PATH=/home/luis/my_ws/install/cv_bridge/lib:/home/luis/my_ws/install/my_msgs/lib:/home/luis/my_ws/install/image_geometry/lib:/opt/ros/jazzy/opt/rviz_ogre_vendor/lib:/opt/ros/jazzy/lib/x86_64-linux-gnu:/opt/ros/jazzy/opt/gz_math_vendor/lib:/opt/ros/jazzy/opt/gz_utils_vendor/lib:/opt/ros/jazzy/opt/gz_cmake_vendor/lib:/opt/ros/jazzy/lib PYTHONPATH=/home/luis/my_ws/install/cv_bridge/lib/python3.12/site-packages:/home/luis/my_ws/install/opencv_tests/lib/python3.12/site-packages:/home/luis/my_ws/install/my_msgs/lib/python3.12/site-packages:/home/luis/my_ws/install/image_geometry/lib/python3.12/site-packages:/home/luis/my_ws/install/iarocks_py/lib/python3.12/site-packages:/opt/ros/jazzy/lib/python3.12/site-packages /usr/bin/cmake --build /home/luis/my_ws/build/multicamera -- -j12 -l12
