[0.502s] Invoking command in '/home/luis/my_ws/build/my_msgs': CMAKE_PREFIX_PATH=${CMAKE_PREFIX_PATH}:/home/luis/my_ws/install/opencv_tests:/home/luis/my_ws/install/iarocks_py:/opt/ros/jazzy DEBUGINFOD_URLS=https://debuginfod.ubuntu.com /usr/bin/cmake --build /home/luis/my_ws/build/my_msgs -- -j12 -l12
[0.636s] [  2%] Built target my_msgs__rosidl_generator_type_description
[0.660s] [  2%] Built target ament_cmake_python_copy_my_msgs
[0.690s] [  5%] Built target my_msgs__cpp
[0.691s] [ 20%] Built target my_msgs__rosidl_generator_c
[0.756s] [ 29%] Built target my_msgs__rosidl_typesupport_fastrtps_c
[0.756s] [ 38%] Built target my_msgs__rosidl_typesupport_introspection_cpp
[0.764s] [ 47%] Built target my_msgs__rosidl_typesupport_fastrtps_cpp
[0.765s] [ 55%] Built target my_msgs__rosidl_typesupport_introspection_c
[0.770s] [ 64%] Built target my_msgs__rosidl_typesupport_c
[0.774s] [ 73%] Built target my_msgs__rosidl_typesupport_cpp
[0.814s] [ 73%] Built target my_msgs
[0.858s] [ 76%] Built target my_msgs__py
[0.906s] [ 82%] Built target my_msgs__rosidl_generator_py
[0.959s] [ 88%] Built target my_msgs_s__rosidl_typesupport_c
[0.959s] [ 94%] Built target my_msgs_s__rosidl_typesupport_fastrtps_c
[0.959s] [100%] Built target my_msgs_s__rosidl_typesupport_introspection_c
[1.178s] running egg_info
[1.216s] writing my_msgs.egg-info/PKG-INFO
[1.217s] writing dependency_links to my_msgs.egg-info/dependency_links.txt
[1.217s] writing top-level names to my_msgs.egg-info/top_level.txt
[1.332s] reading manifest file 'my_msgs.egg-info/SOURCES.txt'
[1.332s] writing manifest file 'my_msgs.egg-info/SOURCES.txt'
[1.386s] [100%] Built target ament_cmake_python_build_my_msgs_egg
[1.628s] Invoked command in '/home/luis/my_ws/build/my_msgs' returned '0': CMAKE_PREFIX_PATH=${CMAKE_PREFIX_PATH}:/home/luis/my_ws/install/opencv_tests:/home/luis/my_ws/install/iarocks_py:/opt/ros/jazzy DEBUGINFOD_URLS=https://debuginfod.ubuntu.com /usr/bin/cmake --build /home/luis/my_ws/build/my_msgs -- -j12 -l12
[1.629s] Invoking command in '/home/luis/my_ws/build/my_msgs': CMAKE_PREFIX_PATH=${CMAKE_PREFIX_PATH}:/home/luis/my_ws/install/opencv_tests:/home/luis/my_ws/install/iarocks_py:/opt/ros/jazzy DEBUGINFOD_URLS=https://debuginfod.ubuntu.com /usr/bin/cmake --install /home/luis/my_ws/build/my_msgs
[1.648s] -- Install configuration: ""
[1.649s] -- Up-to-date: /home/luis/my_ws/install/my_msgs/share/ament_index/resource_index/rosidl_interfaces/my_msgs
[1.649s] -- Up-to-date: /home/luis/my_ws/install/my_msgs/share/my_msgs/msg/CamaraMensajes.json
[1.650s] -- Up-to-date: /home/luis/my_ws/install/my_msgs/include/my_msgs/my_msgs
[1.650s] -- Up-to-date: /home/luis/my_ws/install/my_msgs/include/my_msgs/my_msgs/msg
[1.650s] -- Up-to-date: /home/luis/my_ws/install/my_msgs/include/my_msgs/my_msgs/msg/camara_mensajes.h
[1.650s] -- Up-to-date: /home/luis/my_ws/install/my_msgs/include/my_msgs/my_msgs/msg/rosidl_generator_c__visibility_control.h
[1.651s] -- Up-to-date: /home/luis/my_ws/install/my_msgs/include/my_msgs/my_msgs/msg/detail
[1.651s] -- Up-to-date: /home/luis/my_ws/install/my_msgs/include/my_msgs/my_msgs/msg/detail/camara_mensajes__type_support.c
[1.651s] -- Up-to-date: /home/luis/my_ws/install/my_msgs/include/my_msgs/my_msgs/msg/detail/camara_mensajes__functions.c
[1.652s] -- Up-to-date: /home/luis/my_ws/install/my_msgs/include/my_msgs/my_msgs/msg/detail/camara_mensajes__description.c
[1.652s] -- Up-to-date: /home/luis/my_ws/install/my_msgs/include/my_msgs/my_msgs/msg/detail/camara_mensajes__functions.h
[1.653s] -- Up-to-date: /home/luis/my_ws/install/my_msgs/include/my_msgs/my_msgs/msg/detail/camara_mensajes__struct.h
[1.653s] -- Up-to-date: /home/luis/my_ws/install/my_msgs/include/my_msgs/my_msgs/msg/detail/camara_mensajes__type_support.h
[1.654s] -- Up-to-date: /home/luis/my_ws/install/my_msgs/share/my_msgs/environment/library_path.sh
[1.654s] -- Up-to-date: /home/luis/my_ws/install/my_msgs/share/my_msgs/environment/library_path.dsv
[1.654s] -- Up-to-date: /home/luis/my_ws/install/my_msgs/lib/libmy_msgs__rosidl_generator_c.so
[1.654s] -- Up-to-date: /home/luis/my_ws/install/my_msgs/include/my_msgs/my_msgs
[1.655s] -- Up-to-date: /home/luis/my_ws/install/my_msgs/include/my_msgs/my_msgs/msg
[1.655s] -- Up-to-date: /home/luis/my_ws/install/my_msgs/include/my_msgs/my_msgs/msg/rosidl_typesupport_fastrtps_c__visibility_control.h
[1.655s] -- Up-to-date: /home/luis/my_ws/install/my_msgs/include/my_msgs/my_msgs/msg/detail
[1.655s] -- Up-to-date: /home/luis/my_ws/install/my_msgs/include/my_msgs/my_msgs/msg/detail/camara_mensajes__rosidl_typesupport_fastrtps_c.h
[1.656s] -- Up-to-date: /home/luis/my_ws/install/my_msgs/lib/libmy_msgs__rosidl_typesupport_fastrtps_c.so
[1.658s] -- Up-to-date: /home/luis/my_ws/install/my_msgs/include/my_msgs/my_msgs
[1.659s] -- Up-to-date: /home/luis/my_ws/install/my_msgs/include/my_msgs/my_msgs/msg
[1.660s] -- Up-to-date: /home/luis/my_ws/install/my_msgs/include/my_msgs/my_msgs/msg/camara_mensajes.hpp
[1.660s] -- Up-to-date: /home/luis/my_ws/install/my_msgs/include/my_msgs/my_msgs/msg/detail
[1.660s] -- Up-to-date: /home/luis/my_ws/install/my_msgs/include/my_msgs/my_msgs/msg/detail/camara_mensajes__struct.hpp
[1.661s] -- Up-to-date: /home/luis/my_ws/install/my_msgs/include/my_msgs/my_msgs/msg/detail/camara_mensajes__builder.hpp
[1.661s] -- Up-to-date: /home/luis/my_ws/install/my_msgs/include/my_msgs/my_msgs/msg/detail/camara_mensajes__type_support.hpp
[1.661s] -- Up-to-date: /home/luis/my_ws/install/my_msgs/include/my_msgs/my_msgs/msg/detail/camara_mensajes__traits.hpp
[1.661s] -- Up-to-date: /home/luis/my_ws/install/my_msgs/include/my_msgs/my_msgs/msg/rosidl_generator_cpp__visibility_control.hpp
[1.662s] -- Up-to-date: /home/luis/my_ws/install/my_msgs/include/my_msgs/my_msgs
[1.662s] -- Up-to-date: /home/luis/my_ws/install/my_msgs/include/my_msgs/my_msgs/msg
[1.662s] -- Up-to-date: /home/luis/my_ws/install/my_msgs/include/my_msgs/my_msgs/msg/rosidl_typesupport_fastrtps_cpp__visibility_control.h
[1.662s] -- Up-to-date: /home/luis/my_ws/install/my_msgs/include/my_msgs/my_msgs/msg/detail
[1.663s] -- Up-to-date: /home/luis/my_ws/install/my_msgs/include/my_msgs/my_msgs/msg/detail/camara_mensajes__rosidl_typesupport_fastrtps_cpp.hpp
[1.663s] -- Up-to-date: /home/luis/my_ws/install/my_msgs/include/my_msgs/my_msgs/msg/detail/dds_fastrtps
[1.663s] -- Up-to-date: /home/luis/my_ws/install/my_msgs/lib/libmy_msgs__rosidl_typesupport_fastrtps_cpp.so
[1.664s] -- Up-to-date: /home/luis/my_ws/install/my_msgs/include/my_msgs/my_msgs
[1.664s] -- Up-to-date: /home/luis/my_ws/install/my_msgs/include/my_msgs/my_msgs/msg
[1.664s] -- Up-to-date: /home/luis/my_ws/install/my_msgs/include/my_msgs/my_msgs/msg/detail
[1.664s] -- Up-to-date: /home/luis/my_ws/install/my_msgs/include/my_msgs/my_msgs/msg/detail/camara_mensajes__type_support.c
[1.665s] -- Up-to-date: /home/luis/my_ws/install/my_msgs/include/my_msgs/my_msgs/msg/detail/camara_mensajes__rosidl_typesupport_introspection_c.h
[1.665s] -- Up-to-date: /home/luis/my_ws/install/my_msgs/include/my_msgs/my_msgs/msg/rosidl_typesupport_introspection_c__visibility_control.h
[1.665s] -- Up-to-date: /home/luis/my_ws/install/my_msgs/lib/libmy_msgs__rosidl_typesupport_introspection_c.so
[1.666s] -- Up-to-date: /home/luis/my_ws/install/my_msgs/lib/libmy_msgs__rosidl_typesupport_c.so
[1.666s] -- Up-to-date: /home/luis/my_ws/install/my_msgs/include/my_msgs/my_msgs
[1.666s] -- Up-to-date: /home/luis/my_ws/install/my_msgs/include/my_msgs/my_msgs/msg
[1.666s] -- Up-to-date: /home/luis/my_ws/install/my_msgs/include/my_msgs/my_msgs/msg/detail
[1.667s] -- Up-to-date: /home/luis/my_ws/install/my_msgs/include/my_msgs/my_msgs/msg/detail/camara_mensajes__rosidl_typesupport_introspection_cpp.hpp
[1.667s] -- Up-to-date: /home/luis/my_ws/install/my_msgs/include/my_msgs/my_msgs/msg/detail/camara_mensajes__type_support.cpp
[1.668s] -- Up-to-date: /home/luis/my_ws/install/my_msgs/lib/libmy_msgs__rosidl_typesupport_introspection_cpp.so
[1.671s] -- Up-to-date: /home/luis/my_ws/install/my_msgs/lib/libmy_msgs__rosidl_typesupport_cpp.so
[1.671s] -- Up-to-date: /home/luis/my_ws/install/my_msgs/share/my_msgs/environment/pythonpath.sh
[1.673s] -- Up-to-date: /home/luis/my_ws/install/my_msgs/share/my_msgs/environment/pythonpath.dsv
[1.673s] -- Up-to-date: /home/luis/my_ws/install/my_msgs/lib/python3.12/site-packages/my_msgs-0.0.0-py3.12.egg-info
[1.674s] -- Installing: /home/luis/my_ws/install/my_msgs/lib/python3.12/site-packages/my_msgs-0.0.0-py3.12.egg-info/PKG-INFO
[1.674s] -- Installing: /home/luis/my_ws/install/my_msgs/lib/python3.12/site-packages/my_msgs-0.0.0-py3.12.egg-info/SOURCES.txt
[1.674s] -- Installing: /home/luis/my_ws/install/my_msgs/lib/python3.12/site-packages/my_msgs-0.0.0-py3.12.egg-info/top_level.txt
[1.675s] -- Installing: /home/luis/my_ws/install/my_msgs/lib/python3.12/site-packages/my_msgs-0.0.0-py3.12.egg-info/dependency_links.txt
[1.675s] -- Up-to-date: /home/luis/my_ws/install/my_msgs/lib/python3.12/site-packages/my_msgs
[1.675s] -- Up-to-date: /home/luis/my_ws/install/my_msgs/lib/python3.12/site-packages/my_msgs/__init__.py
[1.675s] -- Up-to-date: /home/luis/my_ws/install/my_msgs/lib/python3.12/site-packages/my_msgs/_my_msgs_s.ep.rosidl_typesupport_c.c
[1.675s] -- Up-to-date: /home/luis/my_ws/install/my_msgs/lib/python3.12/site-packages/my_msgs/my_msgs_s__rosidl_typesupport_fastrtps_c.so
[1.676s] -- Up-to-date: /home/luis/my_ws/install/my_msgs/lib/python3.12/site-packages/my_msgs/_my_msgs_s.ep.rosidl_typesupport_introspection_c.c
[1.676s] -- Up-to-date: /home/luis/my_ws/install/my_msgs/lib/python3.12/site-packages/my_msgs/msg
[1.676s] -- Up-to-date: /home/luis/my_ws/install/my_msgs/lib/python3.12/site-packages/my_msgs/msg/_camara_mensajes_s.c
[1.676s] -- Up-to-date: /home/luis/my_ws/install/my_msgs/lib/python3.12/site-packages/my_msgs/msg/__init__.py
[1.677s] -- Up-to-date: /home/luis/my_ws/install/my_msgs/lib/python3.12/site-packages/my_msgs/msg/_camara_mensajes.py
[1.677s] -- Up-to-date: /home/luis/my_ws/install/my_msgs/lib/python3.12/site-packages/my_msgs/_my_msgs_s.ep.rosidl_typesupport_fastrtps_c.c
[1.677s] -- Up-to-date: /home/luis/my_ws/install/my_msgs/lib/python3.12/site-packages/my_msgs/my_msgs_s__rosidl_typesupport_introspection_c.so
[1.677s] -- Up-to-date: /home/luis/my_ws/install/my_msgs/lib/python3.12/site-packages/my_msgs/my_msgs_s__rosidl_typesupport_c.so
[1.762s] Listing '/home/luis/my_ws/install/my_msgs/lib/python3.12/site-packages/my_msgs'...
[1.762s] Listing '/home/luis/my_ws/install/my_msgs/lib/python3.12/site-packages/my_msgs/msg'...
[1.780s] -- Up-to-date: /home/luis/my_ws/install/my_msgs/lib/python3.12/site-packages/my_msgs/my_msgs_s__rosidl_typesupport_fastrtps_c.so
[1.782s] -- Up-to-date: /home/luis/my_ws/install/my_msgs/lib/python3.12/site-packages/my_msgs/my_msgs_s__rosidl_typesupport_introspection_c.so
[1.783s] -- Up-to-date: /home/luis/my_ws/install/my_msgs/lib/python3.12/site-packages/my_msgs/my_msgs_s__rosidl_typesupport_c.so
[1.783s] -- Up-to-date: /home/luis/my_ws/install/my_msgs/lib/libmy_msgs__rosidl_generator_py.so
[1.784s] -- Up-to-date: /home/luis/my_ws/install/my_msgs/share/my_msgs/msg/CamaraMensajes.idl
[1.784s] -- Up-to-date: /home/luis/my_ws/install/my_msgs/share/my_msgs/msg/CamaraMensajes.msg
[1.784s] -- Up-to-date: /home/luis/my_ws/install/my_msgs/share/ament_index/resource_index/package_run_dependencies/my_msgs
[1.788s] -- Up-to-date: /home/luis/my_ws/install/my_msgs/share/ament_index/resource_index/parent_prefix_path/my_msgs
[1.788s] -- Up-to-date: /home/luis/my_ws/install/my_msgs/share/my_msgs/environment/ament_prefix_path.sh
[1.789s] -- Up-to-date: /home/luis/my_ws/install/my_msgs/share/my_msgs/environment/ament_prefix_path.dsv
[1.789s] -- Up-to-date: /home/luis/my_ws/install/my_msgs/share/my_msgs/environment/path.sh
[1.789s] -- Up-to-date: /home/luis/my_ws/install/my_msgs/share/my_msgs/environment/path.dsv
[1.789s] -- Up-to-date: /home/luis/my_ws/install/my_msgs/share/my_msgs/local_setup.bash
[1.789s] -- Up-to-date: /home/luis/my_ws/install/my_msgs/share/my_msgs/local_setup.sh
[1.790s] -- Up-to-date: /home/luis/my_ws/install/my_msgs/share/my_msgs/local_setup.zsh
[1.790s] -- Up-to-date: /home/luis/my_ws/install/my_msgs/share/my_msgs/local_setup.dsv
[1.790s] -- Installing: /home/luis/my_ws/install/my_msgs/share/my_msgs/package.dsv
[1.790s] -- Up-to-date: /home/luis/my_ws/install/my_msgs/share/ament_index/resource_index/packages/my_msgs
[1.791s] -- Up-to-date: /home/luis/my_ws/install/my_msgs/share/my_msgs/cmake/export_my_msgs__rosidl_generator_cExport.cmake
[1.791s] -- Up-to-date: /home/luis/my_ws/install/my_msgs/share/my_msgs/cmake/export_my_msgs__rosidl_generator_cExport-noconfig.cmake
[1.791s] -- Up-to-date: /home/luis/my_ws/install/my_msgs/share/my_msgs/cmake/export_my_msgs__rosidl_typesupport_fastrtps_cExport.cmake
[1.791s] -- Up-to-date: /home/luis/my_ws/install/my_msgs/share/my_msgs/cmake/export_my_msgs__rosidl_typesupport_fastrtps_cExport-noconfig.cmake
[1.791s] -- Up-to-date: /home/luis/my_ws/install/my_msgs/share/my_msgs/cmake/export_my_msgs__rosidl_generator_cppExport.cmake
[1.791s] -- Up-to-date: /home/luis/my_ws/install/my_msgs/share/my_msgs/cmake/export_my_msgs__rosidl_typesupport_fastrtps_cppExport.cmake
[1.791s] -- Up-to-date: /home/luis/my_ws/install/my_msgs/share/my_msgs/cmake/export_my_msgs__rosidl_typesupport_fastrtps_cppExport-noconfig.cmake
[1.792s] -- Up-to-date: /home/luis/my_ws/install/my_msgs/share/my_msgs/cmake/my_msgs__rosidl_typesupport_introspection_cExport.cmake
[1.792s] -- Up-to-date: /home/luis/my_ws/install/my_msgs/share/my_msgs/cmake/my_msgs__rosidl_typesupport_introspection_cExport-noconfig.cmake
[1.792s] -- Up-to-date: /home/luis/my_ws/install/my_msgs/share/my_msgs/cmake/my_msgs__rosidl_typesupport_cExport.cmake
[1.792s] -- Up-to-date: /home/luis/my_ws/install/my_msgs/share/my_msgs/cmake/my_msgs__rosidl_typesupport_cExport-noconfig.cmake
[1.792s] -- Up-to-date: /home/luis/my_ws/install/my_msgs/share/my_msgs/cmake/my_msgs__rosidl_typesupport_introspection_cppExport.cmake
[1.793s] -- Up-to-date: /home/luis/my_ws/install/my_msgs/share/my_msgs/cmake/my_msgs__rosidl_typesupport_introspection_cppExport-noconfig.cmake
[1.793s] -- Up-to-date: /home/luis/my_ws/install/my_msgs/share/my_msgs/cmake/my_msgs__rosidl_typesupport_cppExport.cmake
[1.793s] -- Up-to-date: /home/luis/my_ws/install/my_msgs/share/my_msgs/cmake/my_msgs__rosidl_typesupport_cppExport-noconfig.cmake
[1.793s] -- Up-to-date: /home/luis/my_ws/install/my_msgs/share/my_msgs/cmake/export_my_msgs__rosidl_generator_pyExport.cmake
[1.793s] -- Up-to-date: /home/luis/my_ws/install/my_msgs/share/my_msgs/cmake/export_my_msgs__rosidl_generator_pyExport-noconfig.cmake
[1.793s] -- Up-to-date: /home/luis/my_ws/install/my_msgs/share/my_msgs/cmake/rosidl_cmake-extras.cmake
[1.793s] -- Up-to-date: /home/luis/my_ws/install/my_msgs/share/my_msgs/cmake/ament_cmake_export_dependencies-extras.cmake
[1.794s] -- Up-to-date: /home/luis/my_ws/install/my_msgs/share/my_msgs/cmake/ament_cmake_export_include_directories-extras.cmake
[1.794s] -- Up-to-date: /home/luis/my_ws/install/my_msgs/share/my_msgs/cmake/ament_cmake_export_libraries-extras.cmake
[1.794s] -- Up-to-date: /home/luis/my_ws/install/my_msgs/share/my_msgs/cmake/ament_cmake_export_targets-extras.cmake
[1.794s] -- Up-to-date: /home/luis/my_ws/install/my_msgs/share/my_msgs/cmake/rosidl_cmake_export_typesupport_targets-extras.cmake
[1.794s] -- Up-to-date: /home/luis/my_ws/install/my_msgs/share/my_msgs/cmake/rosidl_cmake_export_typesupport_libraries-extras.cmake
[1.794s] -- Up-to-date: /home/luis/my_ws/install/my_msgs/share/my_msgs/cmake/my_msgsConfig.cmake
[1.795s] -- Up-to-date: /home/luis/my_ws/install/my_msgs/share/my_msgs/cmake/my_msgsConfig-version.cmake
[1.795s] -- Up-to-date: /home/luis/my_ws/install/my_msgs/share/my_msgs/package.xml
[1.802s] Invoked command in '/home/luis/my_ws/build/my_msgs' returned '0': CMAKE_PREFIX_PATH=${CMAKE_PREFIX_PATH}:/home/luis/my_ws/install/opencv_tests:/home/luis/my_ws/install/iarocks_py:/opt/ros/jazzy DEBUGINFOD_URLS=https://debuginfod.ubuntu.com /usr/bin/cmake --install /home/luis/my_ws/build/my_msgs
