[0.019s] Invoking command in '/home/luis/my_ws/src/build/image_geometry': CMAKE_PREFIX_PATH=${CMAKE_PREFIX_PATH}:/opt/ros/jazzy DEBUGINFOD_URLS=https://debuginfod.ubuntu.com /usr/bin/cmake /home/luis/my_ws/src/vision_opencv/image_geometry -DCMAKE_INSTALL_PREFIX=/home/luis/my_ws/src/install/image_geometry
[0.294s] -- The C compiler identification is GNU 13.3.0
[0.295s] -- The CXX compiler identification is GNU 13.3.0
[0.295s] -- Detecting C compiler ABI info
[0.295s] -- Detecting C compiler ABI info - done
[0.295s] -- Check for working C compiler: /usr/bin/cc - skipped
[0.295s] -- Detecting C compile features
[0.295s] -- Detecting C compile features - done
[0.296s] -- Detecting CXX compiler ABI info
[0.440s] -- Detecting CXX compiler ABI info - done
[0.453s] -- Check for working CXX compiler: /usr/bin/c++ - skipped
[0.453s] -- Detecting CXX compile features
[0.454s] -- Detecting CXX compile features - done
[0.456s] -- Found ament_cmake_python: 2.5.4 (/opt/ros/jazzy/share/ament_cmake_python/cmake)
[0.458s] -- Found ament_cmake_ros: 0.12.0 (/opt/ros/jazzy/share/ament_cmake_ros/cmake)
[0.662s] -- Found Python3: /usr/bin/python3 (found version "3.12.3") found components: Interpreter 
[0.954s] -- Found OpenCV: /usr (found version "4.6.0") found components: calib3d core highgui imgproc 
[0.956s] -- Found sensor_msgs: 5.3.6 (/opt/ros/jazzy/share/sensor_msgs/cmake)
[1.006s] -- Found rosidl_generator_c: 4.6.6 (/opt/ros/jazzy/share/rosidl_generator_c/cmake)
[1.024s] -- Found rosidl_generator_cpp: 4.6.6 (/opt/ros/jazzy/share/rosidl_generator_cpp/cmake)
[1.042s] -- Using all available rosidl_typesupport_c: rosidl_typesupport_fastrtps_c;rosidl_typesupport_introspection_c
[1.060s] -- Using all available rosidl_typesupport_cpp: rosidl_typesupport_fastrtps_cpp;rosidl_typesupport_introspection_cpp
[1.680s] -- Found gtest sources under '/opt/ros/jazzy/src/gtest_vendor': C++ tests using 'Google Test' will be built
[1.685s] -- Performing Test CMAKE_HAVE_LIBC_PTHREAD
[1.844s] -- Performing Test CMAKE_HAVE_LIBC_PTHREAD - Success
[1.846s] -- Found Threads: TRUE  
[2.014s] -- Configuring done (2.0s)
[2.054s] -- Generating done (0.0s)
[2.062s] -- Build files have been written to: /home/luis/my_ws/src/build/image_geometry
[2.076s] Invoked command in '/home/luis/my_ws/src/build/image_geometry' returned '0': CMAKE_PREFIX_PATH=${CMAKE_PREFIX_PATH}:/opt/ros/jazzy DEBUGINFOD_URLS=https://debuginfod.ubuntu.com /usr/bin/cmake /home/luis/my_ws/src/vision_opencv/image_geometry -DCMAKE_INSTALL_PREFIX=/home/luis/my_ws/src/install/image_geometry
[2.077s] Invoking command in '/home/luis/my_ws/src/build/image_geometry': CMAKE_PREFIX_PATH=${CMAKE_PREFIX_PATH}:/opt/ros/jazzy DEBUGINFOD_URLS=https://debuginfod.ubuntu.com /usr/bin/cmake --build /home/luis/my_ws/src/build/image_geometry -- -j12 -l12
[2.176s] [  9%] [32mBuilding CXX object gtest/CMakeFiles/gtest_main.dir/src/gtest_main.cc.o[0m
[2.177s] [ 18%] [32mBuilding CXX object gtest/CMakeFiles/gtest.dir/src/gtest-all.cc.o[0m
[2.183s] [ 27%] [32mBuilding CXX object CMakeFiles/image_geometry.dir/src/pinhole_camera_model.cpp.o[0m
[2.203s] [ 36%] [32mBuilding CXX object CMakeFiles/image_geometry.dir/src/stereo_camera_model.cpp.o[0m
[2.207s] [ 36%] Built target ament_cmake_python_copy_image_geometry
[2.759s] running egg_info
[2.762s] creating image_geometry.egg-info
[2.816s] writing image_geometry.egg-info/PKG-INFO
[2.816s] writing dependency_links to image_geometry.egg-info/dependency_links.txt
[2.818s] writing top-level names to image_geometry.egg-info/top_level.txt
[2.818s] writing manifest file 'image_geometry.egg-info/SOURCES.txt'
[2.956s] reading manifest file 'image_geometry.egg-info/SOURCES.txt'
[2.956s] writing manifest file 'image_geometry.egg-info/SOURCES.txt'
[3.096s] [ 36%] Built target ament_cmake_python_build_image_geometry_egg
[4.116s] [ 45%] [32m[1mLinking CXX static library libgtest_main.a[0m
[4.221s] [ 45%] Built target gtest_main
[4.958s] [ 54%] [32m[1mLinking CXX shared library libimage_geometry.so[0m
[5.372s] [ 54%] Built target image_geometry
[10.664s] [ 63%] [32m[1mLinking CXX static library libgtest.a[0m
[10.960s] [ 63%] Built target gtest
[11.049s] [ 72%] [32mBuilding CXX object test/CMakeFiles/image_geometry-utest-equi.dir/utest_equi.cpp.o[0m
[11.050s] [ 81%] [32mBuilding CXX object test/CMakeFiles/image_geometry-utest.dir/utest.cpp.o[0m
[15.269s] [ 90%] [32m[1mLinking CXX executable image_geometry-utest-equi[0m
[15.572s] [100%] [32m[1mLinking CXX executable image_geometry-utest[0m
[15.946s] [100%] Built target image_geometry-utest-equi
[16.204s] [100%] Built target image_geometry-utest
[16.245s] Invoked command in '/home/luis/my_ws/src/build/image_geometry' returned '0': CMAKE_PREFIX_PATH=${CMAKE_PREFIX_PATH}:/opt/ros/jazzy DEBUGINFOD_URLS=https://debuginfod.ubuntu.com /usr/bin/cmake --build /home/luis/my_ws/src/build/image_geometry -- -j12 -l12
[16.246s] Invoking command in '/home/luis/my_ws/src/build/image_geometry': CMAKE_PREFIX_PATH=${CMAKE_PREFIX_PATH}:/opt/ros/jazzy DEBUGINFOD_URLS=https://debuginfod.ubuntu.com /usr/bin/cmake --install /home/luis/my_ws/src/build/image_geometry
[16.259s] -- Install configuration: ""
[16.259s] -- Installing: /home/luis/my_ws/src/install/image_geometry/share/image_geometry/environment/pythonpath.sh
[16.259s] -- Installing: /home/luis/my_ws/src/install/image_geometry/share/image_geometry/environment/pythonpath.dsv
[16.260s] -- Installing: /home/luis/my_ws/src/install/image_geometry/lib/python3.12/site-packages/image_geometry-4.1.0-py3.12.egg-info
[16.260s] -- Installing: /home/luis/my_ws/src/install/image_geometry/lib/python3.12/site-packages/image_geometry-4.1.0-py3.12.egg-info/PKG-INFO
[16.260s] -- Installing: /home/luis/my_ws/src/install/image_geometry/lib/python3.12/site-packages/image_geometry-4.1.0-py3.12.egg-info/SOURCES.txt
[16.260s] -- Installing: /home/luis/my_ws/src/install/image_geometry/lib/python3.12/site-packages/image_geometry-4.1.0-py3.12.egg-info/top_level.txt
[16.260s] -- Installing: /home/luis/my_ws/src/install/image_geometry/lib/python3.12/site-packages/image_geometry-4.1.0-py3.12.egg-info/dependency_links.txt
[16.260s] -- Installing: /home/luis/my_ws/src/install/image_geometry/lib/python3.12/site-packages/image_geometry
[16.261s] -- Installing: /home/luis/my_ws/src/install/image_geometry/lib/python3.12/site-packages/image_geometry/__init__.py
[16.261s] -- Installing: /home/luis/my_ws/src/install/image_geometry/lib/python3.12/site-packages/image_geometry/cameramodels.py
[16.333s] Listing '/home/luis/my_ws/src/install/image_geometry/lib/python3.12/site-packages/image_geometry'...
[16.333s] Compiling '/home/luis/my_ws/src/install/image_geometry/lib/python3.12/site-packages/image_geometry/__init__.py'...
[16.333s] Compiling '/home/luis/my_ws/src/install/image_geometry/lib/python3.12/site-packages/image_geometry/cameramodels.py'...
[16.347s] -- Installing: /home/luis/my_ws/src/install/image_geometry/include/image_geometry
[16.348s] -- Installing: /home/luis/my_ws/src/install/image_geometry/include/image_geometry/image_geometry
[16.348s] -- Installing: /home/luis/my_ws/src/install/image_geometry/include/image_geometry/image_geometry/visibility_control.hpp
[16.348s] -- Installing: /home/luis/my_ws/src/install/image_geometry/include/image_geometry/image_geometry/stereo_camera_model.hpp
[16.349s] -- Installing: /home/luis/my_ws/src/install/image_geometry/include/image_geometry/image_geometry/pinhole_camera_model.hpp
[16.349s] -- Installing: /home/luis/my_ws/src/install/image_geometry/lib/libimage_geometry.so
[16.350s] -- Set non-toolchain portion of runtime path of "/home/luis/my_ws/src/install/image_geometry/lib/libimage_geometry.so" to ""
[16.350s] -- Installing: /home/luis/my_ws/src/install/image_geometry/share/ament_index/resource_index/package_run_dependencies/image_geometry
[16.351s] -- Installing: /home/luis/my_ws/src/install/image_geometry/share/ament_index/resource_index/parent_prefix_path/image_geometry
[16.351s] -- Installing: /home/luis/my_ws/src/install/image_geometry/share/image_geometry/environment/ament_prefix_path.sh
[16.351s] -- Installing: /home/luis/my_ws/src/install/image_geometry/share/image_geometry/environment/ament_prefix_path.dsv
[16.351s] -- Installing: /home/luis/my_ws/src/install/image_geometry/share/image_geometry/environment/path.sh
[16.352s] -- Installing: /home/luis/my_ws/src/install/image_geometry/share/image_geometry/environment/path.dsv
[16.352s] -- Installing: /home/luis/my_ws/src/install/image_geometry/share/image_geometry/local_setup.bash
[16.352s] -- Installing: /home/luis/my_ws/src/install/image_geometry/share/image_geometry/local_setup.sh
[16.352s] -- Installing: /home/luis/my_ws/src/install/image_geometry/share/image_geometry/local_setup.zsh
[16.353s] -- Installing: /home/luis/my_ws/src/install/image_geometry/share/image_geometry/local_setup.dsv
[16.353s] -- Installing: /home/luis/my_ws/src/install/image_geometry/share/image_geometry/package.dsv
[16.353s] -- Installing: /home/luis/my_ws/src/install/image_geometry/share/ament_index/resource_index/packages/image_geometry
[16.353s] -- Installing: /home/luis/my_ws/src/install/image_geometry/share/image_geometry/cmake/export_image_geometryExport.cmake
[16.354s] -- Installing: /home/luis/my_ws/src/install/image_geometry/share/image_geometry/cmake/export_image_geometryExport-noconfig.cmake
[16.354s] -- Installing: /home/luis/my_ws/src/install/image_geometry/share/image_geometry/cmake/ament_cmake_export_targets-extras.cmake
[16.354s] -- Installing: /home/luis/my_ws/src/install/image_geometry/share/image_geometry/cmake/ament_cmake_export_dependencies-extras.cmake
[16.354s] -- Installing: /home/luis/my_ws/src/install/image_geometry/share/image_geometry/cmake/image_geometryConfig.cmake
[16.355s] -- Installing: /home/luis/my_ws/src/install/image_geometry/share/image_geometry/cmake/image_geometryConfig-version.cmake
[16.355s] -- Installing: /home/luis/my_ws/src/install/image_geometry/share/image_geometry/package.xml
[16.361s] Invoked command in '/home/luis/my_ws/src/build/image_geometry' returned '0': CMAKE_PREFIX_PATH=${CMAKE_PREFIX_PATH}:/opt/ros/jazzy DEBUGINFOD_URLS=https://debuginfod.ubuntu.com /usr/bin/cmake --install /home/luis/my_ws/src/build/image_geometry
