[0.625s] Invoking command in '/home/luis/my_ws/build/my_msgs': CMAKE_PREFIX_PATH=${CMAKE_PREFIX_PATH}:/home/luis/my_ws/install/opencv_tests:/home/luis/my_ws/install/iarocks_py:/opt/ros/jazzy DEBUGINFOD_URLS=https://debuginfod.ubuntu.com /usr/bin/cmake --build /home/luis/my_ws/build/my_msgs -- -j12 -l12
[0.764s] [  2%] Built target my_msgs__rosidl_generator_type_description
[0.796s] [  2%] Built target ament_cmake_python_copy_my_msgs
[0.826s] [  5%] Built target my_msgs__cpp
[0.833s] [ 20%] Built target my_msgs__rosidl_generator_c
[0.901s] [ 29%] Built target my_msgs__rosidl_typesupport_c
[0.908s] [ 47%] Built target my_msgs__rosidl_typesupport_cpp
[0.909s] [ 47%] Built target my_msgs__rosidl_typesupport_fastrtps_c
[0.910s] [ 55%] Built target my_msgs__rosidl_typesupport_introspection_c
[0.910s] [ 64%] Built target my_msgs__rosidl_typesupport_fastrtps_cpp
[0.928s] [ 73%] Built target my_msgs__rosidl_typesupport_introspection_cpp
[0.978s] [ 73%] Built target my_msgs
[1.031s] [ 76%] Built target my_msgs__py
[1.088s] [ 82%] Built target my_msgs__rosidl_generator_py
[1.137s] [ 88%] Built target my_msgs_s__rosidl_typesupport_introspection_c
[1.138s] [100%] Built target my_msgs_s__rosidl_typesupport_c
[1.138s] [100%] Built target my_msgs_s__rosidl_typesupport_fastrtps_c
[1.293s] running egg_info
[1.344s] writing my_msgs.egg-info/PKG-INFO
[1.345s] writing dependency_links to my_msgs.egg-info/dependency_links.txt
[1.345s] writing top-level names to my_msgs.egg-info/top_level.txt
[1.486s] reading manifest file 'my_msgs.egg-info/SOURCES.txt'
[1.487s] writing manifest file 'my_msgs.egg-info/SOURCES.txt'
[1.573s] [100%] Built target ament_cmake_python_build_my_msgs_egg
[1.828s] Invoked command in '/home/luis/my_ws/build/my_msgs' returned '0': CMAKE_PREFIX_PATH=${CMAKE_PREFIX_PATH}:/home/luis/my_ws/install/opencv_tests:/home/luis/my_ws/install/iarocks_py:/opt/ros/jazzy DEBUGINFOD_URLS=https://debuginfod.ubuntu.com /usr/bin/cmake --build /home/luis/my_ws/build/my_msgs -- -j12 -l12
[1.829s] Invoking command in '/home/luis/my_ws/build/my_msgs': CMAKE_PREFIX_PATH=${CMAKE_PREFIX_PATH}:/home/luis/my_ws/install/opencv_tests:/home/luis/my_ws/install/iarocks_py:/opt/ros/jazzy DEBUGINFOD_URLS=https://debuginfod.ubuntu.com /usr/bin/cmake --install /home/luis/my_ws/build/my_msgs
[1.844s] -- Install configuration: ""
[1.845s] -- Up-to-date: /home/luis/my_ws/install/my_msgs/share/ament_index/resource_index/rosidl_interfaces/my_msgs
[1.845s] -- Up-to-date: /home/luis/my_ws/install/my_msgs/share/my_msgs/msg/CamaraMensajes.json
[1.846s] -- Up-to-date: /home/luis/my_ws/install/my_msgs/include/my_msgs/my_msgs
[1.846s] -- Up-to-date: /home/luis/my_ws/install/my_msgs/include/my_msgs/my_msgs/msg
[1.846s] -- Up-to-date: /home/luis/my_ws/install/my_msgs/include/my_msgs/my_msgs/msg/camara_mensajes.h
[1.847s] -- Up-to-date: /home/luis/my_ws/install/my_msgs/include/my_msgs/my_msgs/msg/rosidl_generator_c__visibility_control.h
[1.847s] -- Up-to-date: /home/luis/my_ws/install/my_msgs/include/my_msgs/my_msgs/msg/detail
[1.847s] -- Up-to-date: /home/luis/my_ws/install/my_msgs/include/my_msgs/my_msgs/msg/detail/camara_mensajes__type_support.c
[1.847s] -- Up-to-date: /home/luis/my_ws/install/my_msgs/include/my_msgs/my_msgs/msg/detail/camara_mensajes__functions.c
[1.848s] -- Up-to-date: /home/luis/my_ws/install/my_msgs/include/my_msgs/my_msgs/msg/detail/camara_mensajes__description.c
[1.848s] -- Up-to-date: /home/luis/my_ws/install/my_msgs/include/my_msgs/my_msgs/msg/detail/camara_mensajes__functions.h
[1.848s] -- Up-to-date: /home/luis/my_ws/install/my_msgs/include/my_msgs/my_msgs/msg/detail/camara_mensajes__struct.h
[1.848s] -- Up-to-date: /home/luis/my_ws/install/my_msgs/include/my_msgs/my_msgs/msg/detail/camara_mensajes__type_support.h
[1.849s] -- Up-to-date: /home/luis/my_ws/install/my_msgs/share/my_msgs/environment/library_path.sh
[1.849s] -- Up-to-date: /home/luis/my_ws/install/my_msgs/share/my_msgs/environment/library_path.dsv
[1.849s] -- Up-to-date: /home/luis/my_ws/install/my_msgs/lib/libmy_msgs__rosidl_generator_c.so
[1.850s] -- Up-to-date: /home/luis/my_ws/install/my_msgs/include/my_msgs/my_msgs
[1.850s] -- Up-to-date: /home/luis/my_ws/install/my_msgs/include/my_msgs/my_msgs/msg
[1.850s] -- Up-to-date: /home/luis/my_ws/install/my_msgs/include/my_msgs/my_msgs/msg/rosidl_typesupport_fastrtps_c__visibility_control.h
[1.850s] -- Up-to-date: /home/luis/my_ws/install/my_msgs/include/my_msgs/my_msgs/msg/detail
[1.851s] -- Up-to-date: /home/luis/my_ws/install/my_msgs/include/my_msgs/my_msgs/msg/detail/camara_mensajes__rosidl_typesupport_fastrtps_c.h
[1.851s] -- Up-to-date: /home/luis/my_ws/install/my_msgs/lib/libmy_msgs__rosidl_typesupport_fastrtps_c.so
[1.851s] -- Up-to-date: /home/luis/my_ws/install/my_msgs/include/my_msgs/my_msgs
[1.851s] -- Up-to-date: /home/luis/my_ws/install/my_msgs/include/my_msgs/my_msgs/msg
[1.852s] -- Up-to-date: /home/luis/my_ws/install/my_msgs/include/my_msgs/my_msgs/msg/camara_mensajes.hpp
[1.852s] -- Up-to-date: /home/luis/my_ws/install/my_msgs/include/my_msgs/my_msgs/msg/detail
[1.852s] -- Up-to-date: /home/luis/my_ws/install/my_msgs/include/my_msgs/my_msgs/msg/detail/camara_mensajes__struct.hpp
[1.852s] -- Up-to-date: /home/luis/my_ws/install/my_msgs/include/my_msgs/my_msgs/msg/detail/camara_mensajes__builder.hpp
[1.853s] -- Up-to-date: /home/luis/my_ws/install/my_msgs/include/my_msgs/my_msgs/msg/detail/camara_mensajes__type_support.hpp
[1.853s] -- Up-to-date: /home/luis/my_ws/install/my_msgs/include/my_msgs/my_msgs/msg/detail/camara_mensajes__traits.hpp
[1.853s] -- Up-to-date: /home/luis/my_ws/install/my_msgs/include/my_msgs/my_msgs/msg/rosidl_generator_cpp__visibility_control.hpp
[1.853s] -- Up-to-date: /home/luis/my_ws/install/my_msgs/include/my_msgs/my_msgs
[1.853s] -- Up-to-date: /home/luis/my_ws/install/my_msgs/include/my_msgs/my_msgs/msg
[1.854s] -- Up-to-date: /home/luis/my_ws/install/my_msgs/include/my_msgs/my_msgs/msg/rosidl_typesupport_fastrtps_cpp__visibility_control.h
[1.854s] -- Up-to-date: /home/luis/my_ws/install/my_msgs/include/my_msgs/my_msgs/msg/detail
[1.854s] -- Up-to-date: /home/luis/my_ws/install/my_msgs/include/my_msgs/my_msgs/msg/detail/camara_mensajes__rosidl_typesupport_fastrtps_cpp.hpp
[1.855s] -- Up-to-date: /home/luis/my_ws/install/my_msgs/include/my_msgs/my_msgs/msg/detail/dds_fastrtps
[1.855s] -- Up-to-date: /home/luis/my_ws/install/my_msgs/lib/libmy_msgs__rosidl_typesupport_fastrtps_cpp.so
[1.855s] -- Up-to-date: /home/luis/my_ws/install/my_msgs/include/my_msgs/my_msgs
[1.855s] -- Up-to-date: /home/luis/my_ws/install/my_msgs/include/my_msgs/my_msgs/msg
[1.855s] -- Up-to-date: /home/luis/my_ws/install/my_msgs/include/my_msgs/my_msgs/msg/detail
[1.855s] -- Up-to-date: /home/luis/my_ws/install/my_msgs/include/my_msgs/my_msgs/msg/detail/camara_mensajes__type_support.c
[1.856s] -- Up-to-date: /home/luis/my_ws/install/my_msgs/include/my_msgs/my_msgs/msg/detail/camara_mensajes__rosidl_typesupport_introspection_c.h
[1.856s] -- Up-to-date: /home/luis/my_ws/install/my_msgs/include/my_msgs/my_msgs/msg/rosidl_typesupport_introspection_c__visibility_control.h
[1.856s] -- Up-to-date: /home/luis/my_ws/install/my_msgs/lib/libmy_msgs__rosidl_typesupport_introspection_c.so
[1.856s] -- Up-to-date: /home/luis/my_ws/install/my_msgs/lib/libmy_msgs__rosidl_typesupport_c.so
[1.856s] -- Up-to-date: /home/luis/my_ws/install/my_msgs/include/my_msgs/my_msgs
[1.856s] -- Up-to-date: /home/luis/my_ws/install/my_msgs/include/my_msgs/my_msgs/msg
[1.856s] -- Up-to-date: /home/luis/my_ws/install/my_msgs/include/my_msgs/my_msgs/msg/detail
[1.857s] -- Up-to-date: /home/luis/my_ws/install/my_msgs/include/my_msgs/my_msgs/msg/detail/camara_mensajes__rosidl_typesupport_introspection_cpp.hpp
[1.857s] -- Up-to-date: /home/luis/my_ws/install/my_msgs/include/my_msgs/my_msgs/msg/detail/camara_mensajes__type_support.cpp
[1.857s] -- Up-to-date: /home/luis/my_ws/install/my_msgs/lib/libmy_msgs__rosidl_typesupport_introspection_cpp.so
[1.857s] -- Up-to-date: /home/luis/my_ws/install/my_msgs/lib/libmy_msgs__rosidl_typesupport_cpp.so
[1.857s] -- Up-to-date: /home/luis/my_ws/install/my_msgs/share/my_msgs/environment/pythonpath.sh
[1.858s] -- Up-to-date: /home/luis/my_ws/install/my_msgs/share/my_msgs/environment/pythonpath.dsv
[1.858s] -- Up-to-date: /home/luis/my_ws/install/my_msgs/lib/python3.12/site-packages/my_msgs-0.0.0-py3.12.egg-info
[1.858s] -- Installing: /home/luis/my_ws/install/my_msgs/lib/python3.12/site-packages/my_msgs-0.0.0-py3.12.egg-info/PKG-INFO
[1.858s] -- Installing: /home/luis/my_ws/install/my_msgs/lib/python3.12/site-packages/my_msgs-0.0.0-py3.12.egg-info/SOURCES.txt
[1.858s] -- Installing: /home/luis/my_ws/install/my_msgs/lib/python3.12/site-packages/my_msgs-0.0.0-py3.12.egg-info/top_level.txt
[1.858s] -- Installing: /home/luis/my_ws/install/my_msgs/lib/python3.12/site-packages/my_msgs-0.0.0-py3.12.egg-info/dependency_links.txt
[1.859s] -- Up-to-date: /home/luis/my_ws/install/my_msgs/lib/python3.12/site-packages/my_msgs
[1.859s] -- Up-to-date: /home/luis/my_ws/install/my_msgs/lib/python3.12/site-packages/my_msgs/__init__.py
[1.859s] -- Up-to-date: /home/luis/my_ws/install/my_msgs/lib/python3.12/site-packages/my_msgs/_my_msgs_s.ep.rosidl_typesupport_c.c
[1.859s] -- Up-to-date: /home/luis/my_ws/install/my_msgs/lib/python3.12/site-packages/my_msgs/my_msgs_s__rosidl_typesupport_fastrtps_c.so
[1.860s] -- Up-to-date: /home/luis/my_ws/install/my_msgs/lib/python3.12/site-packages/my_msgs/_my_msgs_s.ep.rosidl_typesupport_introspection_c.c
[1.860s] -- Up-to-date: /home/luis/my_ws/install/my_msgs/lib/python3.12/site-packages/my_msgs/msg
[1.860s] -- Up-to-date: /home/luis/my_ws/install/my_msgs/lib/python3.12/site-packages/my_msgs/msg/_camara_mensajes_s.c
[1.860s] -- Up-to-date: /home/luis/my_ws/install/my_msgs/lib/python3.12/site-packages/my_msgs/msg/__init__.py
[1.860s] -- Up-to-date: /home/luis/my_ws/install/my_msgs/lib/python3.12/site-packages/my_msgs/msg/_camara_mensajes.py
[1.861s] -- Up-to-date: /home/luis/my_ws/install/my_msgs/lib/python3.12/site-packages/my_msgs/_my_msgs_s.ep.rosidl_typesupport_fastrtps_c.c
[1.861s] -- Up-to-date: /home/luis/my_ws/install/my_msgs/lib/python3.12/site-packages/my_msgs/my_msgs_s__rosidl_typesupport_introspection_c.so
[1.861s] -- Up-to-date: /home/luis/my_ws/install/my_msgs/lib/python3.12/site-packages/my_msgs/my_msgs_s__rosidl_typesupport_c.so
[1.935s] Listing '/home/luis/my_ws/install/my_msgs/lib/python3.12/site-packages/my_msgs'...
[1.935s] Listing '/home/luis/my_ws/install/my_msgs/lib/python3.12/site-packages/my_msgs/msg'...
[1.947s] -- Up-to-date: /home/luis/my_ws/install/my_msgs/lib/python3.12/site-packages/my_msgs/my_msgs_s__rosidl_typesupport_fastrtps_c.so
[1.948s] -- Up-to-date: /home/luis/my_ws/install/my_msgs/lib/python3.12/site-packages/my_msgs/my_msgs_s__rosidl_typesupport_introspection_c.so
[1.949s] -- Up-to-date: /home/luis/my_ws/install/my_msgs/lib/python3.12/site-packages/my_msgs/my_msgs_s__rosidl_typesupport_c.so
[1.950s] -- Up-to-date: /home/luis/my_ws/install/my_msgs/lib/libmy_msgs__rosidl_generator_py.so
[1.952s] -- Up-to-date: /home/luis/my_ws/install/my_msgs/share/my_msgs/msg/CamaraMensajes.idl
[1.952s] -- Up-to-date: /home/luis/my_ws/install/my_msgs/share/my_msgs/msg/CamaraMensajes.msg
[1.952s] -- Up-to-date: /home/luis/my_ws/install/my_msgs/share/ament_index/resource_index/package_run_dependencies/my_msgs
[1.952s] -- Up-to-date: /home/luis/my_ws/install/my_msgs/share/ament_index/resource_index/parent_prefix_path/my_msgs
[1.953s] -- Up-to-date: /home/luis/my_ws/install/my_msgs/share/my_msgs/environment/ament_prefix_path.sh
[1.953s] -- Up-to-date: /home/luis/my_ws/install/my_msgs/share/my_msgs/environment/ament_prefix_path.dsv
[1.953s] -- Up-to-date: /home/luis/my_ws/install/my_msgs/share/my_msgs/environment/path.sh
[1.953s] -- Up-to-date: /home/luis/my_ws/install/my_msgs/share/my_msgs/environment/path.dsv
[1.955s] -- Up-to-date: /home/luis/my_ws/install/my_msgs/share/my_msgs/local_setup.bash
[1.955s] -- Up-to-date: /home/luis/my_ws/install/my_msgs/share/my_msgs/local_setup.sh
[1.955s] -- Up-to-date: /home/luis/my_ws/install/my_msgs/share/my_msgs/local_setup.zsh
[1.956s] -- Up-to-date: /home/luis/my_ws/install/my_msgs/share/my_msgs/local_setup.dsv
[1.956s] -- Installing: /home/luis/my_ws/install/my_msgs/share/my_msgs/package.dsv
[1.957s] -- Up-to-date: /home/luis/my_ws/install/my_msgs/share/ament_index/resource_index/packages/my_msgs
[1.957s] -- Up-to-date: /home/luis/my_ws/install/my_msgs/share/my_msgs/cmake/export_my_msgs__rosidl_generator_cExport.cmake
[1.957s] -- Up-to-date: /home/luis/my_ws/install/my_msgs/share/my_msgs/cmake/export_my_msgs__rosidl_generator_cExport-noconfig.cmake
[1.957s] -- Up-to-date: /home/luis/my_ws/install/my_msgs/share/my_msgs/cmake/export_my_msgs__rosidl_typesupport_fastrtps_cExport.cmake
[1.957s] -- Up-to-date: /home/luis/my_ws/install/my_msgs/share/my_msgs/cmake/export_my_msgs__rosidl_typesupport_fastrtps_cExport-noconfig.cmake
[1.958s] -- Up-to-date: /home/luis/my_ws/install/my_msgs/share/my_msgs/cmake/export_my_msgs__rosidl_generator_cppExport.cmake
[1.958s] -- Up-to-date: /home/luis/my_ws/install/my_msgs/share/my_msgs/cmake/export_my_msgs__rosidl_typesupport_fastrtps_cppExport.cmake
[1.958s] -- Up-to-date: /home/luis/my_ws/install/my_msgs/share/my_msgs/cmake/export_my_msgs__rosidl_typesupport_fastrtps_cppExport-noconfig.cmake
[1.960s] -- Up-to-date: /home/luis/my_ws/install/my_msgs/share/my_msgs/cmake/my_msgs__rosidl_typesupport_introspection_cExport.cmake
[1.960s] -- Up-to-date: /home/luis/my_ws/install/my_msgs/share/my_msgs/cmake/my_msgs__rosidl_typesupport_introspection_cExport-noconfig.cmake
[1.960s] -- Up-to-date: /home/luis/my_ws/install/my_msgs/share/my_msgs/cmake/my_msgs__rosidl_typesupport_cExport.cmake
[1.960s] -- Up-to-date: /home/luis/my_ws/install/my_msgs/share/my_msgs/cmake/my_msgs__rosidl_typesupport_cExport-noconfig.cmake
[1.961s] -- Up-to-date: /home/luis/my_ws/install/my_msgs/share/my_msgs/cmake/my_msgs__rosidl_typesupport_introspection_cppExport.cmake
[1.961s] -- Up-to-date: /home/luis/my_ws/install/my_msgs/share/my_msgs/cmake/my_msgs__rosidl_typesupport_introspection_cppExport-noconfig.cmake
[1.961s] -- Up-to-date: /home/luis/my_ws/install/my_msgs/share/my_msgs/cmake/my_msgs__rosidl_typesupport_cppExport.cmake
[1.962s] -- Up-to-date: /home/luis/my_ws/install/my_msgs/share/my_msgs/cmake/my_msgs__rosidl_typesupport_cppExport-noconfig.cmake
[1.962s] -- Up-to-date: /home/luis/my_ws/install/my_msgs/share/my_msgs/cmake/export_my_msgs__rosidl_generator_pyExport.cmake
[1.962s] -- Up-to-date: /home/luis/my_ws/install/my_msgs/share/my_msgs/cmake/export_my_msgs__rosidl_generator_pyExport-noconfig.cmake
[1.962s] -- Up-to-date: /home/luis/my_ws/install/my_msgs/share/my_msgs/cmake/rosidl_cmake-extras.cmake
[1.962s] -- Up-to-date: /home/luis/my_ws/install/my_msgs/share/my_msgs/cmake/ament_cmake_export_dependencies-extras.cmake
[1.963s] -- Up-to-date: /home/luis/my_ws/install/my_msgs/share/my_msgs/cmake/ament_cmake_export_include_directories-extras.cmake
[1.963s] -- Up-to-date: /home/luis/my_ws/install/my_msgs/share/my_msgs/cmake/ament_cmake_export_libraries-extras.cmake
[1.963s] -- Up-to-date: /home/luis/my_ws/install/my_msgs/share/my_msgs/cmake/ament_cmake_export_targets-extras.cmake
[1.964s] -- Up-to-date: /home/luis/my_ws/install/my_msgs/share/my_msgs/cmake/rosidl_cmake_export_typesupport_targets-extras.cmake
[1.964s] -- Up-to-date: /home/luis/my_ws/install/my_msgs/share/my_msgs/cmake/rosidl_cmake_export_typesupport_libraries-extras.cmake
[1.964s] -- Up-to-date: /home/luis/my_ws/install/my_msgs/share/my_msgs/cmake/my_msgsConfig.cmake
[1.964s] -- Up-to-date: /home/luis/my_ws/install/my_msgs/share/my_msgs/cmake/my_msgsConfig-version.cmake
[1.964s] -- Up-to-date: /home/luis/my_ws/install/my_msgs/share/my_msgs/package.xml
[1.975s] Invoked command in '/home/luis/my_ws/build/my_msgs' returned '0': CMAKE_PREFIX_PATH=${CMAKE_PREFIX_PATH}:/home/luis/my_ws/install/opencv_tests:/home/luis/my_ws/install/iarocks_py:/opt/ros/jazzy DEBUGINFOD_URLS=https://debuginfod.ubuntu.com /usr/bin/cmake --install /home/luis/my_ws/build/my_msgs
