[0.031s] Invoking command in '/home/luis/my_ws/build/multicamera': AMENT_PREFIX_PATH=/home/luis/my_ws/install/cv_bridge:${AMENT_PREFIX_PATH} CMAKE_PREFIX_PATH=/home/luis/my_ws/install/cv_bridge:/opt/ros/jazzy/opt/gz_math_vendor:/opt/ros/jazzy/opt/gz_utils_vendor:/opt/ros/jazzy/opt/gz_cmake_vendor:/opt/ros/jazzy DEBUGINFOD_URLS=https://debuginfod.ubuntu.com LD_LIBRARY_PATH=/home/luis/my_ws/install/cv_bridge/lib:${LD_LIBRARY_PATH} PYTHONPATH=/home/luis/my_ws/install/cv_bridge/lib/python3.12/site-packages:${PYTHONPATH} /usr/bin/cmake --build /home/luis/my_ws/build/multicamera -- -j12 -l12
[0.508s] [ 25%] [32mBuilding CXX object CMakeFiles/camera_subscriber.dir/src/camera_subscriber.cpp.o[0m
[0.509s] [ 50%] [32mBuilding CXX object CMakeFiles/camera_publisher.dir/src/camera_publisher.cpp.o[0m
[7.897s] [ 75%] [32m[1mLinking CXX executable camera_publisher[0m
[8.297s] [ 75%] Built target camera_publisher
[11.369s] [100%] [32m[1mLinking CXX executable camera_subscriber[0m
[12.186s] [100%] Built target camera_subscriber
[12.213s] Invoked command in '/home/luis/my_ws/build/multicamera' returned '0': AMENT_PREFIX_PATH=/home/luis/my_ws/install/cv_bridge:${AMENT_PREFIX_PATH} CMAKE_PREFIX_PATH=/home/luis/my_ws/install/cv_bridge:/opt/ros/jazzy/opt/gz_math_vendor:/opt/ros/jazzy/opt/gz_utils_vendor:/opt/ros/jazzy/opt/gz_cmake_vendor:/opt/ros/jazzy DEBUGINFOD_URLS=https://debuginfod.ubuntu.com LD_LIBRARY_PATH=/home/luis/my_ws/install/cv_bridge/lib:${LD_LIBRARY_PATH} PYTHONPATH=/home/luis/my_ws/install/cv_bridge/lib/python3.12/site-packages:${PYTHONPATH} /usr/bin/cmake --build /home/luis/my_ws/build/multicamera -- -j12 -l12
[12.219s] Invoking command in '/home/luis/my_ws/build/multicamera': AMENT_PREFIX_PATH=/home/luis/my_ws/install/cv_bridge:${AMENT_PREFIX_PATH} CMAKE_PREFIX_PATH=/home/luis/my_ws/install/cv_bridge:/opt/ros/jazzy/opt/gz_math_vendor:/opt/ros/jazzy/opt/gz_utils_vendor:/opt/ros/jazzy/opt/gz_cmake_vendor:/opt/ros/jazzy DEBUGINFOD_URLS=https://debuginfod.ubuntu.com LD_LIBRARY_PATH=/home/luis/my_ws/install/cv_bridge/lib:${LD_LIBRARY_PATH} PYTHONPATH=/home/luis/my_ws/install/cv_bridge/lib/python3.12/site-packages:${PYTHONPATH} /usr/bin/cmake --install /home/luis/my_ws/build/multicamera
[12.227s] -- Install configuration: ""
[12.227s] -- Installing: /home/luis/my_ws/install/multicamera/lib/multicamera/camera_publisher
[12.229s] -- Set non-toolchain portion of runtime path of "/home/luis/my_ws/install/multicamera/lib/multicamera/camera_publisher" to ""
[12.230s] -- Installing: /home/luis/my_ws/install/multicamera/lib/multicamera/camera_subscriber
[12.238s] -- Set non-toolchain portion of runtime path of "/home/luis/my_ws/install/multicamera/lib/multicamera/camera_subscriber" to ""
[12.238s] -- Up-to-date: /home/luis/my_ws/install/multicamera/share/ament_index/resource_index/package_run_dependencies/multicamera
[12.238s] -- Up-to-date: /home/luis/my_ws/install/multicamera/share/ament_index/resource_index/parent_prefix_path/multicamera
[12.238s] -- Up-to-date: /home/luis/my_ws/install/multicamera/share/multicamera/environment/ament_prefix_path.sh
[12.239s] -- Up-to-date: /home/luis/my_ws/install/multicamera/share/multicamera/environment/ament_prefix_path.dsv
[12.239s] -- Up-to-date: /home/luis/my_ws/install/multicamera/share/multicamera/environment/path.sh
[12.239s] -- Up-to-date: /home/luis/my_ws/install/multicamera/share/multicamera/environment/path.dsv
[12.239s] -- Up-to-date: /home/luis/my_ws/install/multicamera/share/multicamera/local_setup.bash
[12.239s] -- Up-to-date: /home/luis/my_ws/install/multicamera/share/multicamera/local_setup.sh
[12.239s] -- Up-to-date: /home/luis/my_ws/install/multicamera/share/multicamera/local_setup.zsh
[12.239s] -- Up-to-date: /home/luis/my_ws/install/multicamera/share/multicamera/local_setup.dsv
[12.239s] -- Installing: /home/luis/my_ws/install/multicamera/share/multicamera/package.dsv
[12.240s] -- Up-to-date: /home/luis/my_ws/install/multicamera/share/ament_index/resource_index/packages/multicamera
[12.240s] -- Up-to-date: /home/luis/my_ws/install/multicamera/share/multicamera/cmake/multicameraConfig.cmake
[12.240s] -- Up-to-date: /home/luis/my_ws/install/multicamera/share/multicamera/cmake/multicameraConfig-version.cmake
[12.240s] -- Up-to-date: /home/luis/my_ws/install/multicamera/share/multicamera/package.xml
[12.242s] Invoked command in '/home/luis/my_ws/build/multicamera' returned '0': AMENT_PREFIX_PATH=/home/luis/my_ws/install/cv_bridge:${AMENT_PREFIX_PATH} CMAKE_PREFIX_PATH=/home/luis/my_ws/install/cv_bridge:/opt/ros/jazzy/opt/gz_math_vendor:/opt/ros/jazzy/opt/gz_utils_vendor:/opt/ros/jazzy/opt/gz_cmake_vendor:/opt/ros/jazzy DEBUGINFOD_URLS=https://debuginfod.ubuntu.com LD_LIBRARY_PATH=/home/luis/my_ws/install/cv_bridge/lib:${LD_LIBRARY_PATH} PYTHONPATH=/home/luis/my_ws/install/cv_bridge/lib/python3.12/site-packages:${PYTHONPATH} /usr/bin/cmake --install /home/luis/my_ws/build/multicamera
