[0.025s] Invoking command in '/home/luis/my_ws/build/camara': CMAKE_PREFIX_PATH=${CMAKE_PREFIX_PATH}:/home/luis/my_ws/install/opencv_tests:/home/luis/my_ws/install/iarocks_py:/opt/ros/jazzy DEBUGINFOD_URLS=https://debuginfod.ubuntu.com /usr/bin/cmake --build /home/luis/my_ws/build/camara -- -j12 -l12
[0.291s] [100%] Built target subscriber
[0.291s] [100%] Built target camara_node
[0.291s] Invoked command in '/home/luis/my_ws/build/camara' returned '0': CMAKE_PREFIX_PATH=${CMAKE_PREFIX_PATH}:/home/luis/my_ws/install/opencv_tests:/home/luis/my_ws/install/iarocks_py:/opt/ros/jazzy DEBUGINFOD_URLS=https://debuginfod.ubuntu.com /usr/bin/cmake --build /home/luis/my_ws/build/camara -- -j12 -l12
[0.305s] Invoking command in '/home/luis/my_ws/build/camara': CMAKE_PREFIX_PATH=${CMAKE_PREFIX_PATH}:/home/luis/my_ws/install/opencv_tests:/home/luis/my_ws/install/iarocks_py:/opt/ros/jazzy DEBUGINFOD_URLS=https://debuginfod.ubuntu.com /usr/bin/cmake --install /home/luis/my_ws/build/camara
[0.315s] -- Install configuration: ""
[0.315s] -- Up-to-date: /home/luis/my_ws/install/camara/lib/camara/camara_node
[0.315s] -- Up-to-date: /home/luis/my_ws/install/camara/lib/camara/subscriber
[0.316s] -- Up-to-date: /home/luis/my_ws/install/camara/share/ament_index/resource_index/package_run_dependencies/camara
[0.316s] -- Up-to-date: /home/luis/my_ws/install/camara/share/ament_index/resource_index/parent_prefix_path/camara
[0.316s] -- Up-to-date: /home/luis/my_ws/install/camara/share/camara/environment/ament_prefix_path.sh
[0.317s] -- Up-to-date: /home/luis/my_ws/install/camara/share/camara/environment/ament_prefix_path.dsv
[0.317s] -- Up-to-date: /home/luis/my_ws/install/camara/share/camara/environment/path.sh
[0.317s] -- Up-to-date: /home/luis/my_ws/install/camara/share/camara/environment/path.dsv
[0.317s] -- Up-to-date: /home/luis/my_ws/install/camara/share/camara/local_setup.bash
[0.317s] -- Up-to-date: /home/luis/my_ws/install/camara/share/camara/local_setup.sh
[0.317s] -- Up-to-date: /home/luis/my_ws/install/camara/share/camara/local_setup.zsh
[0.318s] -- Up-to-date: /home/luis/my_ws/install/camara/share/camara/local_setup.dsv
[0.318s] -- Installing: /home/luis/my_ws/install/camara/share/camara/package.dsv
[0.318s] -- Up-to-date: /home/luis/my_ws/install/camara/share/ament_index/resource_index/packages/camara
[0.318s] -- Up-to-date: /home/luis/my_ws/install/camara/share/camara/cmake/camaraConfig.cmake
[0.318s] -- Up-to-date: /home/luis/my_ws/install/camara/share/camara/cmake/camaraConfig-version.cmake
[0.319s] -- Up-to-date: /home/luis/my_ws/install/camara/share/camara/package.xml
[0.320s] Invoked command in '/home/luis/my_ws/build/camara' returned '0': CMAKE_PREFIX_PATH=${CMAKE_PREFIX_PATH}:/home/luis/my_ws/install/opencv_tests:/home/luis/my_ws/install/iarocks_py:/opt/ros/jazzy DEBUGINFOD_URLS=https://debuginfod.ubuntu.com /usr/bin/cmake --install /home/luis/my_ws/build/camara
