[0.034s] Invoking command in '/home/luis/my_ws/build/camara': CMAKE_PREFIX_PATH=${CMAKE_PREFIX_PATH}:/opt/ros/jazzy DEBUGINFOD_URLS=https://debuginfod.ubuntu.com /usr/bin/cmake /home/luis/my_ws/src/camara -DCMAKE_INSTALL_PREFIX=/home/luis/my_ws/install/camara
[0.456s] -- The C compiler identification is GNU 13.3.0
[0.456s] -- The CXX compiler identification is GNU 13.3.0
[0.457s] -- Detecting C compiler ABI info
[0.488s] -- Detecting C compiler ABI info - done
[0.506s] -- Check for working C compiler: /usr/bin/cc - skipped
[0.506s] -- Detecting C compile features
[0.507s] -- Detecting C compile features - done
[0.526s] -- Detecting CXX compiler ABI info
[0.722s] -- Detecting CXX compiler ABI info - done
[0.738s] -- Check for working CXX compiler: /usr/bin/c++ - skipped
[0.739s] -- Detecting CXX compile features
[0.740s] -- Detecting CXX compile features - done
[0.751s] -- Found ament_cmake: 2.5.4 (/opt/ros/jazzy/share/ament_cmake/cmake)
[1.027s] -- Found Python3: /usr/bin/python3 (found version "3.12.3") found components: Interpreter 
[1.218s] -- Found rclcpp: 28.1.12 (/opt/ros/jazzy/share/rclcpp/cmake)
[1.290s] -- Found rosidl_generator_c: 4.6.6 (/opt/ros/jazzy/share/rosidl_generator_c/cmake)
[1.313s] -- Found rosidl_generator_cpp: 4.6.6 (/opt/ros/jazzy/share/rosidl_generator_cpp/cmake)
[1.344s] -- Using all available rosidl_typesupport_c: rosidl_typesupport_fastrtps_c;rosidl_typesupport_introspection_c
[1.382s] -- Using all available rosidl_typesupport_cpp: rosidl_typesupport_fastrtps_cpp;rosidl_typesupport_introspection_cpp
[1.519s] -- Found rmw_implementation_cmake: 7.3.2 (/opt/ros/jazzy/share/rmw_implementation_cmake/cmake)
[1.523s] -- Found rmw_fastrtps_cpp: 8.4.3 (/opt/ros/jazzy/share/rmw_fastrtps_cpp/cmake)
[1.675s] -- Found OpenSSL: /usr/lib/x86_64-linux-gnu/libcrypto.so (found version "3.0.13")  
[1.713s] -- Found FastRTPS: /opt/ros/jazzy/include (Required is at least version "2.13") 
[1.757s] -- Using RMW implementation 'rmw_fastrtps_cpp' as default
[1.889s] -- Found std_msgs: 5.3.6 (/opt/ros/jazzy/share/std_msgs/cmake)
[1.917s] -- Found sensor_msgs: 5.3.6 (/opt/ros/jazzy/share/sensor_msgs/cmake)
[1.993s] -- Found image_transport: 5.1.7 (/opt/ros/jazzy/share/image_transport/cmake)
[2.058s] -- Found OpenCV: /usr (found version "4.6.0") 
[2.214s] -- Configuring done (2.2s)
[2.253s] -- Generating done (0.0s)
[2.263s] -- Build files have been written to: /home/luis/my_ws/build/camara
[2.284s] Invoked command in '/home/luis/my_ws/build/camara' returned '0': CMAKE_PREFIX_PATH=${CMAKE_PREFIX_PATH}:/opt/ros/jazzy DEBUGINFOD_URLS=https://debuginfod.ubuntu.com /usr/bin/cmake /home/luis/my_ws/src/camara -DCMAKE_INSTALL_PREFIX=/home/luis/my_ws/install/camara
[2.287s] Invoking command in '/home/luis/my_ws/build/camara': CMAKE_PREFIX_PATH=${CMAKE_PREFIX_PATH}:/opt/ros/jazzy DEBUGINFOD_URLS=https://debuginfod.ubuntu.com /usr/bin/cmake --build /home/luis/my_ws/build/camara -- -j12 -l12
[2.378s] [ 25%] [32mBuilding CXX object CMakeFiles/camara_node.dir/src/camara_node.cpp.o[0m
[2.382s] [ 50%] [32mBuilding CXX object CMakeFiles/subscriber.dir/src/subscriber.cpp.o[0m
[15.009s] [ 75%] [32m[1mLinking CXX executable camara_node[0m
[16.325s] [ 75%] Built target camara_node
[19.063s] [100%] [32m[1mLinking CXX executable subscriber[0m
[20.732s] [100%] Built target subscriber
[20.771s] Invoked command in '/home/luis/my_ws/build/camara' returned '0': CMAKE_PREFIX_PATH=${CMAKE_PREFIX_PATH}:/opt/ros/jazzy DEBUGINFOD_URLS=https://debuginfod.ubuntu.com /usr/bin/cmake --build /home/luis/my_ws/build/camara -- -j12 -l12
[20.773s] Invoking command in '/home/luis/my_ws/build/camara': CMAKE_PREFIX_PATH=${CMAKE_PREFIX_PATH}:/opt/ros/jazzy DEBUGINFOD_URLS=https://debuginfod.ubuntu.com /usr/bin/cmake --install /home/luis/my_ws/build/camara
[20.783s] -- Install configuration: ""
[20.783s] -- Installing: /home/luis/my_ws/install/camara/lib/camara/camara_node
[20.785s] -- Set non-toolchain portion of runtime path of "/home/luis/my_ws/install/camara/lib/camara/camara_node" to ""
[20.785s] -- Installing: /home/luis/my_ws/install/camara/lib/camara/subscriber
[20.790s] -- Set non-toolchain portion of runtime path of "/home/luis/my_ws/install/camara/lib/camara/subscriber" to ""
[20.791s] -- Installing: /home/luis/my_ws/install/camara/share/ament_index/resource_index/package_run_dependencies/camara
[20.791s] -- Installing: /home/luis/my_ws/install/camara/share/ament_index/resource_index/parent_prefix_path/camara
[20.791s] -- Installing: /home/luis/my_ws/install/camara/share/camara/environment/ament_prefix_path.sh
[20.791s] -- Installing: /home/luis/my_ws/install/camara/share/camara/environment/ament_prefix_path.dsv
[20.792s] -- Installing: /home/luis/my_ws/install/camara/share/camara/environment/path.sh
[20.792s] -- Installing: /home/luis/my_ws/install/camara/share/camara/environment/path.dsv
[20.792s] -- Installing: /home/luis/my_ws/install/camara/share/camara/local_setup.bash
[20.792s] -- Installing: /home/luis/my_ws/install/camara/share/camara/local_setup.sh
[20.793s] -- Installing: /home/luis/my_ws/install/camara/share/camara/local_setup.zsh
[20.793s] -- Installing: /home/luis/my_ws/install/camara/share/camara/local_setup.dsv
[20.793s] -- Installing: /home/luis/my_ws/install/camara/share/camara/package.dsv
[20.794s] -- Installing: /home/luis/my_ws/install/camara/share/ament_index/resource_index/packages/camara
[20.794s] -- Installing: /home/luis/my_ws/install/camara/share/camara/cmake/camaraConfig.cmake
[20.794s] -- Installing: /home/luis/my_ws/install/camara/share/camara/cmake/camaraConfig-version.cmake
[20.795s] -- Installing: /home/luis/my_ws/install/camara/share/camara/package.xml
[20.799s] Invoked command in '/home/luis/my_ws/build/camara' returned '0': CMAKE_PREFIX_PATH=${CMAKE_PREFIX_PATH}:/opt/ros/jazzy DEBUGINFOD_URLS=https://debuginfod.ubuntu.com /usr/bin/cmake --install /home/luis/my_ws/build/camara
