[0.039s] Invoking command in '/home/luis/my_ws/build/camara': CMAKE_PREFIX_PATH=${CMAKE_PREFIX_PATH}:/opt/ros/jazzy DEBUGINFOD_URLS=https://debuginfod.ubuntu.com /usr/bin/cmake --build /home/luis/my_ws/build/camara -- -j12 -l12
[0.433s] [ 50%] Built target camara_node
[0.433s] [100%] Built target subscriber
[0.435s] Invoked command in '/home/luis/my_ws/build/camara' returned '0': CMAKE_PREFIX_PATH=${CMAKE_PREFIX_PATH}:/opt/ros/jazzy DEBUGINFOD_URLS=https://debuginfod.ubuntu.com /usr/bin/cmake --build /home/luis/my_ws/build/camara -- -j12 -l12
[0.450s] Invoking command in '/home/luis/my_ws/build/camara': CMAKE_PREFIX_PATH=${CMAKE_PREFIX_PATH}:/opt/ros/jazzy DEBUGINFOD_URLS=https://debuginfod.ubuntu.com /usr/bin/cmake --install /home/luis/my_ws/build/camara
[0.465s] -- Install configuration: ""
[0.466s] -- Up-to-date: /home/luis/my_ws/install/camara/lib/camara/camara_node
[0.466s] -- Up-to-date: /home/luis/my_ws/install/camara/lib/camara/subscriber
[0.466s] -- Up-to-date: /home/luis/my_ws/install/camara/share/ament_index/resource_index/package_run_dependencies/camara
[0.467s] -- Up-to-date: /home/luis/my_ws/install/camara/share/ament_index/resource_index/parent_prefix_path/camara
[0.467s] -- Up-to-date: /home/luis/my_ws/install/camara/share/camara/environment/ament_prefix_path.sh
[0.467s] -- Up-to-date: /home/luis/my_ws/install/camara/share/camara/environment/ament_prefix_path.dsv
[0.468s] -- Up-to-date: /home/luis/my_ws/install/camara/share/camara/environment/path.sh
[0.468s] -- Up-to-date: /home/luis/my_ws/install/camara/share/camara/environment/path.dsv
[0.468s] -- Up-to-date: /home/luis/my_ws/install/camara/share/camara/local_setup.bash
[0.468s] -- Up-to-date: /home/luis/my_ws/install/camara/share/camara/local_setup.sh
[0.468s] -- Up-to-date: /home/luis/my_ws/install/camara/share/camara/local_setup.zsh
[0.468s] -- Up-to-date: /home/luis/my_ws/install/camara/share/camara/local_setup.dsv
[0.469s] -- Installing: /home/luis/my_ws/install/camara/share/camara/package.dsv
[0.469s] -- Up-to-date: /home/luis/my_ws/install/camara/share/ament_index/resource_index/packages/camara
[0.469s] -- Up-to-date: /home/luis/my_ws/install/camara/share/camara/cmake/camaraConfig.cmake
[0.469s] -- Up-to-date: /home/luis/my_ws/install/camara/share/camara/cmake/camaraConfig-version.cmake
[0.469s] -- Up-to-date: /home/luis/my_ws/install/camara/share/camara/package.xml
[0.471s] Invoked command in '/home/luis/my_ws/build/camara' returned '0': CMAKE_PREFIX_PATH=${CMAKE_PREFIX_PATH}:/opt/ros/jazzy DEBUGINFOD_URLS=https://debuginfod.ubuntu.com /usr/bin/cmake --install /home/luis/my_ws/build/camara
