[0.040s] Invoking command in '/home/luis/my_ws/build/cv_bridge': CMAKE_PREFIX_PATH=${CMAKE_PREFIX_PATH}:/opt/ros/jazzy DEBUGINFOD_URLS=https://debuginfod.ubuntu.com /usr/bin/cmake /home/luis/my_ws/src/vision_opencv/cv_bridge_backup -DCMAKE_INSTALL_PREFIX=/home/luis/my_ws/install/cv_bridge
[0.466s] -- The C compiler identification is GNU 13.3.0
[0.467s] -- The CXX compiler identification is GNU 13.3.0
[0.467s] -- Detecting C compiler ABI info
[0.508s] -- Detecting C compiler ABI info - done
[0.530s] -- Check for working C compiler: /usr/bin/cc - skipped
[0.530s] -- Detecting C compile features
[0.531s] -- Detecting C compile features - done
[0.548s] -- Detecting CXX compiler ABI info
[0.733s] -- Detecting CXX compiler ABI info - done
[0.759s] -- Check for working CXX compiler: /usr/bin/c++ - skipped
[0.760s] -- Detecting CXX compile features
[0.761s] -- Detecting CXX compile features - done
[0.766s] -- Found ament_cmake_ros: 0.12.0 (/opt/ros/jazzy/share/ament_cmake_ros/cmake)
[1.064s] -- Found Python3: /usr/bin/python3 (found version "3.12.3") found components: Interpreter 
[2.069s] -- Found Python3: /usr/include/python3.12 (found version "3.12.3") found components: Development NumPy Interpreter Development.Module Development.Embed 
[2.105s] -- Found Boost: /usr/lib/x86_64-linux-gnu/cmake/Boost-1.83.0/BoostConfig.cmake (found version "1.83.0") found components: python312 
[2.108s] -- Found rclcpp: 28.1.12 (/opt/ros/jazzy/share/rclcpp/cmake)
[2.166s] -- Found rosidl_generator_c: 4.6.6 (/opt/ros/jazzy/share/rosidl_generator_c/cmake)
[2.187s] -- Found rosidl_generator_cpp: 4.6.6 (/opt/ros/jazzy/share/rosidl_generator_cpp/cmake)
[2.213s] -- Using all available rosidl_typesupport_c: rosidl_typesupport_fastrtps_c;rosidl_typesupport_introspection_c
[2.241s] -- Using all available rosidl_typesupport_cpp: rosidl_typesupport_fastrtps_cpp;rosidl_typesupport_introspection_cpp
[2.371s] -- Found rmw_implementation_cmake: 7.3.2 (/opt/ros/jazzy/share/rmw_implementation_cmake/cmake)
[2.376s] -- Found rmw_fastrtps_cpp: 8.4.3 (/opt/ros/jazzy/share/rmw_fastrtps_cpp/cmake)
[2.536s] -- Found OpenSSL: /usr/lib/x86_64-linux-gnu/libcrypto.so (found version "3.0.13")  
[2.581s] -- Found FastRTPS: /opt/ros/jazzy/include (Required is at least version "2.13") 
[2.626s] -- Using RMW implementation 'rmw_fastrtps_cpp' as default
[2.760s] -- Found sensor_msgs: 5.3.6 (/opt/ros/jazzy/share/sensor_msgs/cmake)
[3.162s] -- Performing Test COMPILER_HAS_HIDDEN_VISIBILITY
[3.398s] -- Performing Test COMPILER_HAS_HIDDEN_VISIBILITY - Success
[3.400s] -- Performing Test COMPILER_HAS_HIDDEN_INLINE_VISIBILITY
[3.666s] -- Performing Test COMPILER_HAS_HIDDEN_INLINE_VISIBILITY - Success
[3.666s] -- Performing Test COMPILER_HAS_DEPRECATED_ATTR
[3.936s] -- Performing Test COMPILER_HAS_DEPRECATED_ATTR - Success
[3.950s] -- Found ament_lint_auto: 0.17.3 (/opt/ros/jazzy/share/ament_lint_auto/cmake)
[4.246s] -- Found gtest sources under '/opt/ros/jazzy/src/gtest_vendor': C++ tests using 'Google Test' will be built
[4.254s] -- Performing Test CMAKE_HAVE_LIBC_PTHREAD
[4.518s] -- Performing Test CMAKE_HAVE_LIBC_PTHREAD - Success
[4.521s] -- Found Threads: TRUE  
[7.318s] -- Configuring done (7.3s)
[7.404s] -- Generating done (0.1s)
[7.426s] -- Build files have been written to: /home/luis/my_ws/build/cv_bridge
[7.542s] Invoked command in '/home/luis/my_ws/build/cv_bridge' returned '0': CMAKE_PREFIX_PATH=${CMAKE_PREFIX_PATH}:/opt/ros/jazzy DEBUGINFOD_URLS=https://debuginfod.ubuntu.com /usr/bin/cmake /home/luis/my_ws/src/vision_opencv/cv_bridge_backup -DCMAKE_INSTALL_PREFIX=/home/luis/my_ws/install/cv_bridge
[7.579s] Invoking command in '/home/luis/my_ws/build/cv_bridge': CMAKE_PREFIX_PATH=${CMAKE_PREFIX_PATH}:/opt/ros/jazzy DEBUGINFOD_URLS=https://debuginfod.ubuntu.com /usr/bin/cmake --build /home/luis/my_ws/build/cv_bridge -- -j12 -l12
[7.695s] [  5%] [32mBuilding CXX object gtest/CMakeFiles/gtest_main.dir/src/gtest_main.cc.o[0m
[7.699s] [ 11%] [32mBuilding CXX object gtest/CMakeFiles/gtest.dir/src/gtest-all.cc.o[0m
[7.708s] [ 27%] [32mBuilding CXX object src/CMakeFiles/cv_bridge.dir/rgb_colors.cpp.o[0m
[7.709s] [ 27%] [32mBuilding CXX object src/CMakeFiles/cv_bridge.dir/cv_bridge.cpp.o[0m
[7.713s] [ 27%] [32mBuilding CXX object src/CMakeFiles/cv_bridge.dir/cv_mat_sensor_msgs_image_type_adapter.cpp.o[0m
[7.726s] [ 27%] Built target ament_cmake_python_copy_cv_bridge
[8.371s] running egg_info
[8.377s] creating cv_bridge.egg-info
[8.450s] writing cv_bridge.egg-info/PKG-INFO
[8.450s] writing dependency_links to cv_bridge.egg-info/dependency_links.txt
[8.451s] writing top-level names to cv_bridge.egg-info/top_level.txt
[8.454s] writing manifest file 'cv_bridge.egg-info/SOURCES.txt'
[8.628s] reading manifest file 'cv_bridge.egg-info/SOURCES.txt'
[8.629s] writing manifest file 'cv_bridge.egg-info/SOURCES.txt'
[8.758s] [ 27%] Built target ament_cmake_python_build_cv_bridge_egg
[9.911s] [ 33%] [32m[1mLinking CXX static library libgtest_main.a[0m
[10.036s] [ 33%] Built target gtest_main
[15.494s] [ 38%] [32m[1mLinking CXX static library libgtest.a[0m
[15.626s] [ 38%] Built target gtest
[16.026s] [ 44%] [32m[1mLinking CXX shared library libcv_bridge.so[0m
[16.288s] [ 44%] Built target cv_bridge
[16.323s] [ 55%] [32mBuilding CXX object test/CMakeFiles/cv_bridge-utest.dir/utest.cpp.o[0m
[16.323s] [ 55%] [32mBuilding CXX object test/CMakeFiles/cv_bridge-utest.dir/test_compression.cpp.o[0m
[16.324s] [ 61%] [32mBuilding CXX object test/CMakeFiles/cv_bridge-utest.dir/test_rgb_colors.cpp.o[0m
[16.324s] [ 66%] [32mBuilding CXX object src/CMakeFiles/cv_bridge_boost.dir/module.cpp.o[0m
[16.324s] [ 72%] [32mBuilding CXX object test/CMakeFiles/cv_bridge-utest.dir/test_dynamic_scaling.cpp.o[0m
[16.329s] [ 83%] [32mBuilding CXX object test/CMakeFiles/cv_bridge-utest.dir/test_endian.cpp.o[0m
[16.329s] [ 83%] [32mBuilding CXX object src/CMakeFiles/cv_bridge_boost.dir/module_opencv4.cpp.o[0m
[16.331s] [ 88%] [32mBuilding CXX object test/CMakeFiles/cv_bridge-utest.dir/utest2.cpp.o[0m
[21.070s] [ 94%] [32m[1mLinking CXX executable cv_bridge-utest[0m
[21.620s] [ 94%] Built target cv_bridge-utest
[22.837s] [100%] [32m[1mLinking CXX shared module boost/cv_bridge_boost.so[0m
[23.011s] [100%] Built target cv_bridge_boost
[23.026s] Invoked command in '/home/luis/my_ws/build/cv_bridge' returned '0': CMAKE_PREFIX_PATH=${CMAKE_PREFIX_PATH}:/opt/ros/jazzy DEBUGINFOD_URLS=https://debuginfod.ubuntu.com /usr/bin/cmake --build /home/luis/my_ws/build/cv_bridge -- -j12 -l12
[23.028s] Invoking command in '/home/luis/my_ws/build/cv_bridge': CMAKE_PREFIX_PATH=${CMAKE_PREFIX_PATH}:/opt/ros/jazzy DEBUGINFOD_URLS=https://debuginfod.ubuntu.com /usr/bin/cmake --install /home/luis/my_ws/build/cv_bridge
[23.037s] -- Install configuration: ""
[23.037s] -- Installing: /home/luis/my_ws/install/cv_bridge/share/cv_bridge/environment/pythonpath.sh
[23.038s] -- Installing: /home/luis/my_ws/install/cv_bridge/share/cv_bridge/environment/pythonpath.dsv
[23.038s] -- Installing: /home/luis/my_ws/install/cv_bridge/lib/python3.12/site-packages/cv_bridge-4.1.0-py3.12.egg-info
[23.038s] -- Installing: /home/luis/my_ws/install/cv_bridge/lib/python3.12/site-packages/cv_bridge-4.1.0-py3.12.egg-info/PKG-INFO
[23.038s] -- Installing: /home/luis/my_ws/install/cv_bridge/lib/python3.12/site-packages/cv_bridge-4.1.0-py3.12.egg-info/SOURCES.txt
[23.038s] -- Installing: /home/luis/my_ws/install/cv_bridge/lib/python3.12/site-packages/cv_bridge-4.1.0-py3.12.egg-info/top_level.txt
[23.038s] -- Installing: /home/luis/my_ws/install/cv_bridge/lib/python3.12/site-packages/cv_bridge-4.1.0-py3.12.egg-info/dependency_links.txt
[23.039s] -- Installing: /home/luis/my_ws/install/cv_bridge/lib/python3.12/site-packages/cv_bridge
[23.039s] -- Installing: /home/luis/my_ws/install/cv_bridge/lib/python3.12/site-packages/cv_bridge/core.py
[23.039s] -- Installing: /home/luis/my_ws/install/cv_bridge/lib/python3.12/site-packages/cv_bridge/__init__.py
[23.075s] Listing '/home/luis/my_ws/install/cv_bridge/lib/python3.12/site-packages/cv_bridge'...
[23.076s] Compiling '/home/luis/my_ws/install/cv_bridge/lib/python3.12/site-packages/cv_bridge/__init__.py'...
[23.076s] Compiling '/home/luis/my_ws/install/cv_bridge/lib/python3.12/site-packages/cv_bridge/core.py'...
[23.083s] -- Installing: /home/luis/my_ws/install/cv_bridge/lib/libcv_bridge.so
[23.085s] -- Set non-toolchain portion of runtime path of "/home/luis/my_ws/install/cv_bridge/lib/libcv_bridge.so" to ""
[23.085s] -- Installing: /home/luis/my_ws/install/cv_bridge/include/cv_bridge/cv_bridge/cv_bridge_export.h
[23.086s] -- Installing: /home/luis/my_ws/install/cv_bridge/lib/python3.12/site-packages/cv_bridge/boost/cv_bridge_boost.so
[23.087s] -- Set non-toolchain portion of runtime path of "/home/luis/my_ws/install/cv_bridge/lib/python3.12/site-packages/cv_bridge/boost/cv_bridge_boost.so" to ""
[23.088s] -- Up-to-date: /home/luis/my_ws/install/cv_bridge/include/cv_bridge
[23.088s] -- Up-to-date: /home/luis/my_ws/install/cv_bridge/include/cv_bridge/cv_bridge
[23.088s] -- Installing: /home/luis/my_ws/install/cv_bridge/include/cv_bridge/cv_bridge/cv_mat_sensor_msgs_image_type_adapter.hpp
[23.088s] -- Installing: /home/luis/my_ws/install/cv_bridge/include/cv_bridge/cv_bridge/visibility_control.h
[23.089s] -- Installing: /home/luis/my_ws/install/cv_bridge/include/cv_bridge/cv_bridge/cv_bridge.hpp
[23.089s] -- Installing: /home/luis/my_ws/install/cv_bridge/include/cv_bridge/cv_bridge/rgb_colors.hpp
[23.089s] -- Up-to-date: /home/luis/my_ws/install/cv_bridge/lib/libcv_bridge.so
[23.090s] -- Installing: /home/luis/my_ws/install/cv_bridge/share/ament_index/resource_index/package_run_dependencies/cv_bridge
[23.090s] -- Installing: /home/luis/my_ws/install/cv_bridge/share/ament_index/resource_index/parent_prefix_path/cv_bridge
[23.090s] -- Installing: /home/luis/my_ws/install/cv_bridge/share/cv_bridge/environment/ament_prefix_path.sh
[23.090s] -- Installing: /home/luis/my_ws/install/cv_bridge/share/cv_bridge/environment/ament_prefix_path.dsv
[23.090s] -- Installing: /home/luis/my_ws/install/cv_bridge/share/cv_bridge/environment/path.sh
[23.091s] -- Installing: /home/luis/my_ws/install/cv_bridge/share/cv_bridge/environment/path.dsv
[23.091s] -- Installing: /home/luis/my_ws/install/cv_bridge/share/cv_bridge/local_setup.bash
[23.091s] -- Installing: /home/luis/my_ws/install/cv_bridge/share/cv_bridge/local_setup.sh
[23.091s] -- Installing: /home/luis/my_ws/install/cv_bridge/share/cv_bridge/local_setup.zsh
[23.091s] -- Installing: /home/luis/my_ws/install/cv_bridge/share/cv_bridge/local_setup.dsv
[23.092s] -- Installing: /home/luis/my_ws/install/cv_bridge/share/cv_bridge/package.dsv
[23.092s] -- Installing: /home/luis/my_ws/install/cv_bridge/share/ament_index/resource_index/packages/cv_bridge
[23.092s] -- Installing: /home/luis/my_ws/install/cv_bridge/share/cv_bridge/cmake/export_cv_bridgeExport.cmake
[23.092s] -- Installing: /home/luis/my_ws/install/cv_bridge/share/cv_bridge/cmake/export_cv_bridgeExport-noconfig.cmake
[23.093s] -- Installing: /home/luis/my_ws/install/cv_bridge/share/cv_bridge/cmake/cv_bridge-extras.cmake
[23.093s] -- Installing: /home/luis/my_ws/install/cv_bridge/share/cv_bridge/cmake/ament_cmake_export_dependencies-extras.cmake
[23.093s] -- Installing: /home/luis/my_ws/install/cv_bridge/share/cv_bridge/cmake/ament_cmake_export_targets-extras.cmake
[23.093s] -- Installing: /home/luis/my_ws/install/cv_bridge/share/cv_bridge/cmake/cv_bridgeConfig.cmake
[23.093s] -- Installing: /home/luis/my_ws/install/cv_bridge/share/cv_bridge/cmake/cv_bridgeConfig-version.cmake
[23.094s] -- Installing: /home/luis/my_ws/install/cv_bridge/share/cv_bridge/package.xml
[23.097s] Invoked command in '/home/luis/my_ws/build/cv_bridge' returned '0': CMAKE_PREFIX_PATH=${CMAKE_PREFIX_PATH}:/opt/ros/jazzy DEBUGINFOD_URLS=https://debuginfod.ubuntu.com /usr/bin/cmake --install /home/luis/my_ws/build/cv_bridge
