[0.278s] Invoking command in '/home/luis/my_ws/src/build/vision_opencv': AMENT_PREFIX_PATH=/home/luis/my_ws/src/install/image_geometry:/home/luis/my_ws/src/install/cv_bridge:${AMENT_PREFIX_PATH} CMAKE_PREFIX_PATH=/home/luis/my_ws/src/install/image_geometry:/home/luis/my_ws/src/install/cv_bridge:/opt/ros/jazzy/opt/gz_math_vendor:/opt/ros/jazzy/opt/gz_utils_vendor:/opt/ros/jazzy/opt/gz_cmake_vendor:/opt/ros/jazzy DEBUGINFOD_URLS=https://debuginfod.ubuntu.com LD_LIBRARY_PATH=/home/luis/my_ws/src/install/image_geometry/lib:/home/luis/my_ws/src/install/cv_bridge/lib:${LD_LIBRARY_PATH} PYTHONPATH=/home/luis/my_ws/src/install/image_geometry/lib/python3.12/site-packages:/home/luis/my_ws/src/install/cv_bridge/lib/python3.12/site-packages:${PYTHONPATH} /usr/bin/cmake /home/luis/my_ws/src/vision_opencv/vision_opencv -DCMAKE_INSTALL_PREFIX=/home/luis/my_ws/src/install/vision_opencv
[0.339s] -- The C compiler identification is GNU 13.3.0
[0.398s] -- The CXX compiler identification is GNU 13.3.0
[0.411s] -- Detecting C compiler ABI info
[0.498s] -- Detecting C compiler ABI info - done
[0.506s] -- Check for working C compiler: /usr/bin/cc - skipped
[0.506s] -- Detecting C compile features
[0.506s] -- Detecting C compile features - done
[0.514s] -- Detecting CXX compiler ABI info
[0.604s] -- Detecting CXX compiler ABI info - done
[0.612s] -- Check for working CXX compiler: /usr/bin/c++ - skipped
[0.612s] -- Detecting CXX compile features
[0.612s] -- Detecting CXX compile features - done
[0.618s] -- Found ament_cmake: 2.5.4 (/opt/ros/jazzy/share/ament_cmake/cmake)
[0.753s] -- Found Python3: /usr/bin/python3 (found version "3.12.3") found components: Interpreter 
[0.922s] -- Configuring done (0.6s)
[0.925s] -- Generating done (0.0s)
[0.927s] -- Build files have been written to: /home/luis/my_ws/src/build/vision_opencv
[0.932s] Invoked command in '/home/luis/my_ws/src/build/vision_opencv' returned '0': AMENT_PREFIX_PATH=/home/luis/my_ws/src/install/image_geometry:/home/luis/my_ws/src/install/cv_bridge:${AMENT_PREFIX_PATH} CMAKE_PREFIX_PATH=/home/luis/my_ws/src/install/image_geometry:/home/luis/my_ws/src/install/cv_bridge:/opt/ros/jazzy/opt/gz_math_vendor:/opt/ros/jazzy/opt/gz_utils_vendor:/opt/ros/jazzy/opt/gz_cmake_vendor:/opt/ros/jazzy DEBUGINFOD_URLS=https://debuginfod.ubuntu.com LD_LIBRARY_PATH=/home/luis/my_ws/src/install/image_geometry/lib:/home/luis/my_ws/src/install/cv_bridge/lib:${LD_LIBRARY_PATH} PYTHONPATH=/home/luis/my_ws/src/install/image_geometry/lib/python3.12/site-packages:/home/luis/my_ws/src/install/cv_bridge/lib/python3.12/site-packages:${PYTHONPATH} /usr/bin/cmake /home/luis/my_ws/src/vision_opencv/vision_opencv -DCMAKE_INSTALL_PREFIX=/home/luis/my_ws/src/install/vision_opencv
[0.934s] Invoking command in '/home/luis/my_ws/src/build/vision_opencv': AMENT_PREFIX_PATH=/home/luis/my_ws/src/install/image_geometry:/home/luis/my_ws/src/install/cv_bridge:${AMENT_PREFIX_PATH} CMAKE_PREFIX_PATH=/home/luis/my_ws/src/install/image_geometry:/home/luis/my_ws/src/install/cv_bridge:/opt/ros/jazzy/opt/gz_math_vendor:/opt/ros/jazzy/opt/gz_utils_vendor:/opt/ros/jazzy/opt/gz_cmake_vendor:/opt/ros/jazzy DEBUGINFOD_URLS=https://debuginfod.ubuntu.com LD_LIBRARY_PATH=/home/luis/my_ws/src/install/image_geometry/lib:/home/luis/my_ws/src/install/cv_bridge/lib:${LD_LIBRARY_PATH} PYTHONPATH=/home/luis/my_ws/src/install/image_geometry/lib/python3.12/site-packages:/home/luis/my_ws/src/install/cv_bridge/lib/python3.12/site-packages:${PYTHONPATH} /usr/bin/cmake --build /home/luis/my_ws/src/build/vision_opencv -- -j12 -l12
[0.974s] Invoked command in '/home/luis/my_ws/src/build/vision_opencv' returned '0': AMENT_PREFIX_PATH=/home/luis/my_ws/src/install/image_geometry:/home/luis/my_ws/src/install/cv_bridge:${AMENT_PREFIX_PATH} CMAKE_PREFIX_PATH=/home/luis/my_ws/src/install/image_geometry:/home/luis/my_ws/src/install/cv_bridge:/opt/ros/jazzy/opt/gz_math_vendor:/opt/ros/jazzy/opt/gz_utils_vendor:/opt/ros/jazzy/opt/gz_cmake_vendor:/opt/ros/jazzy DEBUGINFOD_URLS=https://debuginfod.ubuntu.com LD_LIBRARY_PATH=/home/luis/my_ws/src/install/image_geometry/lib:/home/luis/my_ws/src/install/cv_bridge/lib:${LD_LIBRARY_PATH} PYTHONPATH=/home/luis/my_ws/src/install/image_geometry/lib/python3.12/site-packages:/home/luis/my_ws/src/install/cv_bridge/lib/python3.12/site-packages:${PYTHONPATH} /usr/bin/cmake --build /home/luis/my_ws/src/build/vision_opencv -- -j12 -l12
[0.975s] Invoking command in '/home/luis/my_ws/src/build/vision_opencv': AMENT_PREFIX_PATH=/home/luis/my_ws/src/install/image_geometry:/home/luis/my_ws/src/install/cv_bridge:${AMENT_PREFIX_PATH} CMAKE_PREFIX_PATH=/home/luis/my_ws/src/install/image_geometry:/home/luis/my_ws/src/install/cv_bridge:/opt/ros/jazzy/opt/gz_math_vendor:/opt/ros/jazzy/opt/gz_utils_vendor:/opt/ros/jazzy/opt/gz_cmake_vendor:/opt/ros/jazzy DEBUGINFOD_URLS=https://debuginfod.ubuntu.com LD_LIBRARY_PATH=/home/luis/my_ws/src/install/image_geometry/lib:/home/luis/my_ws/src/install/cv_bridge/lib:${LD_LIBRARY_PATH} PYTHONPATH=/home/luis/my_ws/src/install/image_geometry/lib/python3.12/site-packages:/home/luis/my_ws/src/install/cv_bridge/lib/python3.12/site-packages:${PYTHONPATH} /usr/bin/cmake --install /home/luis/my_ws/src/build/vision_opencv
[0.985s] -- Install configuration: ""
[0.985s] -- Installing: /home/luis/my_ws/src/install/vision_opencv/share/ament_index/resource_index/package_run_dependencies/vision_opencv
[0.985s] -- Installing: /home/luis/my_ws/src/install/vision_opencv/share/ament_index/resource_index/parent_prefix_path/vision_opencv
[0.985s] -- Installing: /home/luis/my_ws/src/install/vision_opencv/share/vision_opencv/environment/ament_prefix_path.sh
[0.985s] -- Installing: /home/luis/my_ws/src/install/vision_opencv/share/vision_opencv/environment/ament_prefix_path.dsv
[0.985s] -- Installing: /home/luis/my_ws/src/install/vision_opencv/share/vision_opencv/environment/path.sh
[0.986s] -- Installing: /home/luis/my_ws/src/install/vision_opencv/share/vision_opencv/environment/path.dsv
[0.986s] -- Installing: /home/luis/my_ws/src/install/vision_opencv/share/vision_opencv/local_setup.bash
[0.986s] -- Installing: /home/luis/my_ws/src/install/vision_opencv/share/vision_opencv/local_setup.sh
[0.986s] -- Installing: /home/luis/my_ws/src/install/vision_opencv/share/vision_opencv/local_setup.zsh
[0.986s] -- Installing: /home/luis/my_ws/src/install/vision_opencv/share/vision_opencv/local_setup.dsv
[0.986s] -- Installing: /home/luis/my_ws/src/install/vision_opencv/share/vision_opencv/package.dsv
[0.986s] -- Installing: /home/luis/my_ws/src/install/vision_opencv/share/ament_index/resource_index/packages/vision_opencv
[0.987s] -- Installing: /home/luis/my_ws/src/install/vision_opencv/share/vision_opencv/cmake/vision_opencvConfig.cmake
[0.987s] -- Installing: /home/luis/my_ws/src/install/vision_opencv/share/vision_opencv/cmake/vision_opencvConfig-version.cmake
[0.987s] -- Installing: /home/luis/my_ws/src/install/vision_opencv/share/vision_opencv/package.xml
[0.989s] Invoked command in '/home/luis/my_ws/src/build/vision_opencv' returned '0': AMENT_PREFIX_PATH=/home/luis/my_ws/src/install/image_geometry:/home/luis/my_ws/src/install/cv_bridge:${AMENT_PREFIX_PATH} CMAKE_PREFIX_PATH=/home/luis/my_ws/src/install/image_geometry:/home/luis/my_ws/src/install/cv_bridge:/opt/ros/jazzy/opt/gz_math_vendor:/opt/ros/jazzy/opt/gz_utils_vendor:/opt/ros/jazzy/opt/gz_cmake_vendor:/opt/ros/jazzy DEBUGINFOD_URLS=https://debuginfod.ubuntu.com LD_LIBRARY_PATH=/home/luis/my_ws/src/install/image_geometry/lib:/home/luis/my_ws/src/install/cv_bridge/lib:${LD_LIBRARY_PATH} PYTHONPATH=/home/luis/my_ws/src/install/image_geometry/lib/python3.12/site-packages:/home/luis/my_ws/src/install/cv_bridge/lib/python3.12/site-packages:${PYTHONPATH} /usr/bin/cmake --install /home/luis/my_ws/src/build/vision_opencv
