[0.036s] Invoking command in '/home/luis/my_ws/build/image_geometry': CMAKE_PREFIX_PATH=${CMAKE_PREFIX_PATH}:/opt/ros/jazzy DEBUGINFOD_URLS=https://debuginfod.ubuntu.com /usr/bin/cmake /home/luis/my_ws/src/vision_opencv/image_geometry -DCMAKE_INSTALL_PREFIX=/home/luis/my_ws/install/image_geometry
[0.460s] -- The C compiler identification is GNU 13.3.0
[0.460s] -- The CXX compiler identification is GNU 13.3.0
[0.460s] -- Detecting C compiler ABI info
[0.498s] -- Detecting C compiler ABI info - done
[0.515s] -- Check for working C compiler: /usr/bin/cc - skipped
[0.515s] -- Detecting C compile features
[0.516s] -- Detecting C compile features - done
[0.534s] -- Detecting CXX compiler ABI info
[0.728s] -- Detecting CXX compiler ABI info - done
[0.755s] -- Check for working CXX compiler: /usr/bin/c++ - skipped
[0.755s] -- Detecting CXX compile features
[0.757s] -- Detecting CXX compile features - done
[0.761s] -- Found ament_cmake_python: 2.5.4 (/opt/ros/jazzy/share/ament_cmake_python/cmake)
[0.765s] -- Found ament_cmake_ros: 0.12.0 (/opt/ros/jazzy/share/ament_cmake_ros/cmake)
[1.065s] -- Found Python3: /usr/bin/python3 (found version "3.12.3") found components: Interpreter 
[1.468s] -- Found OpenCV: /usr (found version "4.6.0") found components: calib3d core highgui imgproc 
[1.472s] -- Found sensor_msgs: 5.3.6 (/opt/ros/jazzy/share/sensor_msgs/cmake)
[1.536s] -- Found rosidl_generator_c: 4.6.6 (/opt/ros/jazzy/share/rosidl_generator_c/cmake)
[1.559s] -- Found rosidl_generator_cpp: 4.6.6 (/opt/ros/jazzy/share/rosidl_generator_cpp/cmake)
[1.586s] -- Using all available rosidl_typesupport_c: rosidl_typesupport_fastrtps_c;rosidl_typesupport_introspection_c
[1.616s] -- Using all available rosidl_typesupport_cpp: rosidl_typesupport_fastrtps_cpp;rosidl_typesupport_introspection_cpp
[2.369s] -- Found gtest sources under '/opt/ros/jazzy/src/gtest_vendor': C++ tests using 'Google Test' will be built
[2.374s] -- Performing Test CMAKE_HAVE_LIBC_PTHREAD
[2.565s] -- Performing Test CMAKE_HAVE_LIBC_PTHREAD - Success
[2.567s] -- Found Threads: TRUE  
[2.745s] -- Configuring done (2.7s)
[2.789s] -- Generating done (0.0s)
[2.801s] -- Build files have been written to: /home/luis/my_ws/build/image_geometry
[2.818s] Invoked command in '/home/luis/my_ws/build/image_geometry' returned '0': CMAKE_PREFIX_PATH=${CMAKE_PREFIX_PATH}:/opt/ros/jazzy DEBUGINFOD_URLS=https://debuginfod.ubuntu.com /usr/bin/cmake /home/luis/my_ws/src/vision_opencv/image_geometry -DCMAKE_INSTALL_PREFIX=/home/luis/my_ws/install/image_geometry
[2.820s] Invoking command in '/home/luis/my_ws/build/image_geometry': CMAKE_PREFIX_PATH=${CMAKE_PREFIX_PATH}:/opt/ros/jazzy DEBUGINFOD_URLS=https://debuginfod.ubuntu.com /usr/bin/cmake --build /home/luis/my_ws/build/image_geometry -- -j12 -l12
[2.910s] [  9%] [32mBuilding CXX object gtest/CMakeFiles/gtest.dir/src/gtest-all.cc.o[0m
[2.911s] [ 18%] [32mBuilding CXX object CMakeFiles/image_geometry.dir/src/stereo_camera_model.cpp.o[0m
[2.912s] [ 36%] [32mBuilding CXX object gtest/CMakeFiles/gtest_main.dir/src/gtest_main.cc.o[0m
[2.912s] [ 36%] [32mBuilding CXX object CMakeFiles/image_geometry.dir/src/pinhole_camera_model.cpp.o[0m
[2.933s] [ 36%] Built target ament_cmake_python_copy_image_geometry
[3.497s] running egg_info
[3.500s] creating image_geometry.egg-info
[3.550s] writing image_geometry.egg-info/PKG-INFO
[3.551s] writing dependency_links to image_geometry.egg-info/dependency_links.txt
[3.552s] writing top-level names to image_geometry.egg-info/top_level.txt
[3.553s] writing manifest file 'image_geometry.egg-info/SOURCES.txt'
[3.750s] reading manifest file 'image_geometry.egg-info/SOURCES.txt'
[3.751s] writing manifest file 'image_geometry.egg-info/SOURCES.txt'
[3.842s] [ 36%] Built target ament_cmake_python_build_image_geometry_egg
[5.097s] [ 45%] [32m[1mLinking CXX static library libgtest_main.a[0m
[5.165s] [ 45%] Built target gtest_main
[5.852s] [ 54%] [32m[1mLinking CXX shared library libimage_geometry.so[0m
[6.201s] [ 54%] Built target image_geometry
[11.500s] [ 63%] [32m[1mLinking CXX static library libgtest.a[0m
[11.648s] [ 63%] Built target gtest
[11.686s] [ 72%] [32mBuilding CXX object test/CMakeFiles/image_geometry-utest.dir/utest.cpp.o[0m
[11.703s] [ 81%] [32mBuilding CXX object test/CMakeFiles/image_geometry-utest-equi.dir/utest_equi.cpp.o[0m
[14.573s] [ 90%] [32m[1mLinking CXX executable image_geometry-utest[0m
[14.577s] [100%] [32m[1mLinking CXX executable image_geometry-utest-equi[0m
[15.090s] [100%] Built target image_geometry-utest
[15.099s] [100%] Built target image_geometry-utest-equi
[15.152s] Invoked command in '/home/luis/my_ws/build/image_geometry' returned '0': CMAKE_PREFIX_PATH=${CMAKE_PREFIX_PATH}:/opt/ros/jazzy DEBUGINFOD_URLS=https://debuginfod.ubuntu.com /usr/bin/cmake --build /home/luis/my_ws/build/image_geometry -- -j12 -l12
[15.155s] Invoking command in '/home/luis/my_ws/build/image_geometry': CMAKE_PREFIX_PATH=${CMAKE_PREFIX_PATH}:/opt/ros/jazzy DEBUGINFOD_URLS=https://debuginfod.ubuntu.com /usr/bin/cmake --install /home/luis/my_ws/build/image_geometry
[15.176s] -- Install configuration: ""
[15.176s] -- Installing: /home/luis/my_ws/install/image_geometry/share/image_geometry/environment/pythonpath.sh
[15.177s] -- Installing: /home/luis/my_ws/install/image_geometry/share/image_geometry/environment/pythonpath.dsv
[15.177s] -- Installing: /home/luis/my_ws/install/image_geometry/lib/python3.12/site-packages/image_geometry-4.1.0-py3.12.egg-info
[15.178s] -- Installing: /home/luis/my_ws/install/image_geometry/lib/python3.12/site-packages/image_geometry-4.1.0-py3.12.egg-info/PKG-INFO
[15.178s] -- Installing: /home/luis/my_ws/install/image_geometry/lib/python3.12/site-packages/image_geometry-4.1.0-py3.12.egg-info/SOURCES.txt
[15.178s] -- Installing: /home/luis/my_ws/install/image_geometry/lib/python3.12/site-packages/image_geometry-4.1.0-py3.12.egg-info/top_level.txt
[15.179s] -- Installing: /home/luis/my_ws/install/image_geometry/lib/python3.12/site-packages/image_geometry-4.1.0-py3.12.egg-info/dependency_links.txt
[15.179s] -- Installing: /home/luis/my_ws/install/image_geometry/lib/python3.12/site-packages/image_geometry
[15.180s] -- Installing: /home/luis/my_ws/install/image_geometry/lib/python3.12/site-packages/image_geometry/__init__.py
[15.182s] -- Installing: /home/luis/my_ws/install/image_geometry/lib/python3.12/site-packages/image_geometry/cameramodels.py
[15.292s] Listing '/home/luis/my_ws/install/image_geometry/lib/python3.12/site-packages/image_geometry'...
[15.293s] Compiling '/home/luis/my_ws/install/image_geometry/lib/python3.12/site-packages/image_geometry/__init__.py'...
[15.293s] Compiling '/home/luis/my_ws/install/image_geometry/lib/python3.12/site-packages/image_geometry/cameramodels.py'...
[15.319s] -- Installing: /home/luis/my_ws/install/image_geometry/include/image_geometry
[15.319s] -- Installing: /home/luis/my_ws/install/image_geometry/include/image_geometry/image_geometry
[15.319s] -- Installing: /home/luis/my_ws/install/image_geometry/include/image_geometry/image_geometry/visibility_control.hpp
[15.320s] -- Installing: /home/luis/my_ws/install/image_geometry/include/image_geometry/image_geometry/stereo_camera_model.hpp
[15.320s] -- Installing: /home/luis/my_ws/install/image_geometry/include/image_geometry/image_geometry/pinhole_camera_model.hpp
[15.321s] -- Installing: /home/luis/my_ws/install/image_geometry/lib/libimage_geometry.so
[15.322s] -- Set non-toolchain portion of runtime path of "/home/luis/my_ws/install/image_geometry/lib/libimage_geometry.so" to ""
[15.323s] -- Installing: /home/luis/my_ws/install/image_geometry/share/ament_index/resource_index/package_run_dependencies/image_geometry
[15.323s] -- Installing: /home/luis/my_ws/install/image_geometry/share/ament_index/resource_index/parent_prefix_path/image_geometry
[15.323s] -- Installing: /home/luis/my_ws/install/image_geometry/share/image_geometry/environment/ament_prefix_path.sh
[15.324s] -- Installing: /home/luis/my_ws/install/image_geometry/share/image_geometry/environment/ament_prefix_path.dsv
[15.324s] -- Installing: /home/luis/my_ws/install/image_geometry/share/image_geometry/environment/path.sh
[15.325s] -- Installing: /home/luis/my_ws/install/image_geometry/share/image_geometry/environment/path.dsv
[15.325s] -- Installing: /home/luis/my_ws/install/image_geometry/share/image_geometry/local_setup.bash
[15.325s] -- Installing: /home/luis/my_ws/install/image_geometry/share/image_geometry/local_setup.sh
[15.326s] -- Installing: /home/luis/my_ws/install/image_geometry/share/image_geometry/local_setup.zsh
[15.327s] -- Installing: /home/luis/my_ws/install/image_geometry/share/image_geometry/local_setup.dsv
[15.327s] -- Installing: /home/luis/my_ws/install/image_geometry/share/image_geometry/package.dsv
[15.327s] -- Installing: /home/luis/my_ws/install/image_geometry/share/ament_index/resource_index/packages/image_geometry
[15.329s] -- Installing: /home/luis/my_ws/install/image_geometry/share/image_geometry/cmake/export_image_geometryExport.cmake
[15.329s] -- Installing: /home/luis/my_ws/install/image_geometry/share/image_geometry/cmake/export_image_geometryExport-noconfig.cmake
[15.329s] -- Installing: /home/luis/my_ws/install/image_geometry/share/image_geometry/cmake/ament_cmake_export_targets-extras.cmake
[15.329s] -- Installing: /home/luis/my_ws/install/image_geometry/share/image_geometry/cmake/ament_cmake_export_dependencies-extras.cmake
[15.329s] -- Installing: /home/luis/my_ws/install/image_geometry/share/image_geometry/cmake/image_geometryConfig.cmake
[15.330s] -- Installing: /home/luis/my_ws/install/image_geometry/share/image_geometry/cmake/image_geometryConfig-version.cmake
[15.330s] -- Installing: /home/luis/my_ws/install/image_geometry/share/image_geometry/package.xml
[15.336s] Invoked command in '/home/luis/my_ws/build/image_geometry' returned '0': CMAKE_PREFIX_PATH=${CMAKE_PREFIX_PATH}:/opt/ros/jazzy DEBUGINFOD_URLS=https://debuginfod.ubuntu.com /usr/bin/cmake --install /home/luis/my_ws/build/image_geometry
