[0.020s] Invoking command in '/home/luis/my_ws/build/cv_bridge': CMAKE_PREFIX_PATH=${CMAKE_PREFIX_PATH}:/opt/ros/jazzy DEBUGINFOD_URLS=https://debuginfod.ubuntu.com /usr/bin/cmake --build /home/luis/my_ws/build/cv_bridge -- -j12 -l12
[0.247s] [ 11%] Built target gtest_main
[0.247s] [ 22%] Built target gtest
[0.247s] [ 44%] Built target cv_bridge
[0.247s] [ 44%] Built target ament_cmake_python_copy_cv_bridge
[0.247s] [ 83%] Built target cv_bridge-utest
[0.248s] [100%] Built target cv_bridge_boost
[0.308s] running egg_info
[0.344s] writing cv_bridge.egg-info/PKG-INFO
[0.344s] writing dependency_links to cv_bridge.egg-info/dependency_links.txt
[0.344s] writing top-level names to cv_bridge.egg-info/top_level.txt
[0.420s] reading manifest file 'cv_bridge.egg-info/SOURCES.txt'
[0.421s] writing manifest file 'cv_bridge.egg-info/SOURCES.txt'
[0.466s] [100%] Built target ament_cmake_python_build_cv_bridge_egg
[0.481s] Invoked command in '/home/luis/my_ws/build/cv_bridge' returned '0': CMAKE_PREFIX_PATH=${CMAKE_PREFIX_PATH}:/opt/ros/jazzy DEBUGINFOD_URLS=https://debuginfod.ubuntu.com /usr/bin/cmake --build /home/luis/my_ws/build/cv_bridge -- -j12 -l12
[0.482s] Invoking command in '/home/luis/my_ws/build/cv_bridge': CMAKE_PREFIX_PATH=${CMAKE_PREFIX_PATH}:/opt/ros/jazzy DEBUGINFOD_URLS=https://debuginfod.ubuntu.com /usr/bin/cmake --install /home/luis/my_ws/build/cv_bridge
[0.491s] -- Install configuration: ""
[0.491s] -- Up-to-date: /home/luis/my_ws/install/cv_bridge/share/cv_bridge/environment/pythonpath.sh
[0.491s] -- Up-to-date: /home/luis/my_ws/install/cv_bridge/share/cv_bridge/environment/pythonpath.dsv
[0.491s] -- Up-to-date: /home/luis/my_ws/install/cv_bridge/lib/python3.12/site-packages/cv_bridge-4.1.0-py3.12.egg-info
[0.491s] -- Installing: /home/luis/my_ws/install/cv_bridge/lib/python3.12/site-packages/cv_bridge-4.1.0-py3.12.egg-info/PKG-INFO
[0.491s] -- Installing: /home/luis/my_ws/install/cv_bridge/lib/python3.12/site-packages/cv_bridge-4.1.0-py3.12.egg-info/SOURCES.txt
[0.491s] -- Installing: /home/luis/my_ws/install/cv_bridge/lib/python3.12/site-packages/cv_bridge-4.1.0-py3.12.egg-info/top_level.txt
[0.491s] -- Installing: /home/luis/my_ws/install/cv_bridge/lib/python3.12/site-packages/cv_bridge-4.1.0-py3.12.egg-info/dependency_links.txt
[0.492s] -- Up-to-date: /home/luis/my_ws/install/cv_bridge/lib/python3.12/site-packages/cv_bridge
[0.492s] -- Up-to-date: /home/luis/my_ws/install/cv_bridge/lib/python3.12/site-packages/cv_bridge/core.py
[0.492s] -- Up-to-date: /home/luis/my_ws/install/cv_bridge/lib/python3.12/site-packages/cv_bridge/__init__.py
[0.527s] Listing '/home/luis/my_ws/install/cv_bridge/lib/python3.12/site-packages/cv_bridge'...
[0.527s] Listing '/home/luis/my_ws/install/cv_bridge/lib/python3.12/site-packages/cv_bridge/boost'...
[0.532s] -- Up-to-date: /home/luis/my_ws/install/cv_bridge/lib/libcv_bridge.so
[0.532s] -- Up-to-date: /home/luis/my_ws/install/cv_bridge/include/cv_bridge/cv_bridge/cv_bridge_export.h
[0.533s] -- Up-to-date: /home/luis/my_ws/install/cv_bridge/lib/python3.12/site-packages/cv_bridge/boost/cv_bridge_boost.so
[0.533s] -- Up-to-date: /home/luis/my_ws/install/cv_bridge/include/cv_bridge
[0.533s] -- Up-to-date: /home/luis/my_ws/install/cv_bridge/include/cv_bridge/cv_bridge
[0.534s] -- Up-to-date: /home/luis/my_ws/install/cv_bridge/include/cv_bridge/cv_bridge/cv_mat_sensor_msgs_image_type_adapter.hpp
[0.534s] -- Up-to-date: /home/luis/my_ws/install/cv_bridge/include/cv_bridge/cv_bridge/visibility_control.h
[0.534s] -- Up-to-date: /home/luis/my_ws/install/cv_bridge/include/cv_bridge/cv_bridge/cv_bridge.hpp
[0.534s] -- Up-to-date: /home/luis/my_ws/install/cv_bridge/include/cv_bridge/cv_bridge/rgb_colors.hpp
[0.534s] -- Up-to-date: /home/luis/my_ws/install/cv_bridge/lib/libcv_bridge.so
[0.534s] -- Up-to-date: /home/luis/my_ws/install/cv_bridge/share/ament_index/resource_index/package_run_dependencies/cv_bridge
[0.535s] -- Up-to-date: /home/luis/my_ws/install/cv_bridge/share/ament_index/resource_index/parent_prefix_path/cv_bridge
[0.535s] -- Up-to-date: /home/luis/my_ws/install/cv_bridge/share/cv_bridge/environment/ament_prefix_path.sh
[0.535s] -- Up-to-date: /home/luis/my_ws/install/cv_bridge/share/cv_bridge/environment/ament_prefix_path.dsv
[0.535s] -- Up-to-date: /home/luis/my_ws/install/cv_bridge/share/cv_bridge/environment/path.sh
[0.535s] -- Up-to-date: /home/luis/my_ws/install/cv_bridge/share/cv_bridge/environment/path.dsv
[0.535s] -- Up-to-date: /home/luis/my_ws/install/cv_bridge/share/cv_bridge/local_setup.bash
[0.535s] -- Up-to-date: /home/luis/my_ws/install/cv_bridge/share/cv_bridge/local_setup.sh
[0.535s] -- Up-to-date: /home/luis/my_ws/install/cv_bridge/share/cv_bridge/local_setup.zsh
[0.535s] -- Up-to-date: /home/luis/my_ws/install/cv_bridge/share/cv_bridge/local_setup.dsv
[0.535s] -- Installing: /home/luis/my_ws/install/cv_bridge/share/cv_bridge/package.dsv
[0.535s] -- Up-to-date: /home/luis/my_ws/install/cv_bridge/share/ament_index/resource_index/packages/cv_bridge
[0.536s] -- Up-to-date: /home/luis/my_ws/install/cv_bridge/share/cv_bridge/cmake/export_cv_bridgeExport.cmake
[0.536s] -- Up-to-date: /home/luis/my_ws/install/cv_bridge/share/cv_bridge/cmake/export_cv_bridgeExport-noconfig.cmake
[0.536s] -- Up-to-date: /home/luis/my_ws/install/cv_bridge/share/cv_bridge/cmake/cv_bridge-extras.cmake
[0.536s] -- Up-to-date: /home/luis/my_ws/install/cv_bridge/share/cv_bridge/cmake/ament_cmake_export_dependencies-extras.cmake
[0.536s] -- Up-to-date: /home/luis/my_ws/install/cv_bridge/share/cv_bridge/cmake/ament_cmake_export_targets-extras.cmake
[0.536s] -- Up-to-date: /home/luis/my_ws/install/cv_bridge/share/cv_bridge/cmake/cv_bridgeConfig.cmake
[0.536s] -- Up-to-date: /home/luis/my_ws/install/cv_bridge/share/cv_bridge/cmake/cv_bridgeConfig-version.cmake
[0.536s] -- Up-to-date: /home/luis/my_ws/install/cv_bridge/share/cv_bridge/package.xml
[0.541s] Invoked command in '/home/luis/my_ws/build/cv_bridge' returned '0': CMAKE_PREFIX_PATH=${CMAKE_PREFIX_PATH}:/opt/ros/jazzy DEBUGINFOD_URLS=https://debuginfod.ubuntu.com /usr/bin/cmake --install /home/luis/my_ws/build/cv_bridge
