[0.401s] Invoking command in '/home/luis/my_ws/build/vision_opencv': AMENT_PREFIX_PATH=/home/luis/my_ws/install/image_geometry:/home/luis/my_ws/install/cv_bridge:${AMENT_PREFIX_PATH} CMAKE_PREFIX_PATH=/home/luis/my_ws/install/image_geometry:/home/luis/my_ws/install/cv_bridge:/opt/ros/jazzy/opt/gz_math_vendor:/opt/ros/jazzy/opt/gz_utils_vendor:/opt/ros/jazzy/opt/gz_cmake_vendor:/opt/ros/jazzy DEBUGINFOD_URLS=https://debuginfod.ubuntu.com LD_LIBRARY_PATH=/home/luis/my_ws/install/image_geometry/lib:/home/luis/my_ws/install/cv_bridge/lib:${LD_LIBRARY_PATH} PYTHONPATH=/home/luis/my_ws/install/image_geometry/lib/python3.12/site-packages:/home/luis/my_ws/install/cv_bridge/lib/python3.12/site-packages:${PYTHONPATH} /usr/bin/cmake --build /home/luis/my_ws/build/vision_opencv -- -j12 -l12
[0.472s] Invoked command in '/home/luis/my_ws/build/vision_opencv' returned '0': AMENT_PREFIX_PATH=/home/luis/my_ws/install/image_geometry:/home/luis/my_ws/install/cv_bridge:${AMENT_PREFIX_PATH} CMAKE_PREFIX_PATH=/home/luis/my_ws/install/image_geometry:/home/luis/my_ws/install/cv_bridge:/opt/ros/jazzy/opt/gz_math_vendor:/opt/ros/jazzy/opt/gz_utils_vendor:/opt/ros/jazzy/opt/gz_cmake_vendor:/opt/ros/jazzy DEBUGINFOD_URLS=https://debuginfod.ubuntu.com LD_LIBRARY_PATH=/home/luis/my_ws/install/image_geometry/lib:/home/luis/my_ws/install/cv_bridge/lib:${LD_LIBRARY_PATH} PYTHONPATH=/home/luis/my_ws/install/image_geometry/lib/python3.12/site-packages:/home/luis/my_ws/install/cv_bridge/lib/python3.12/site-packages:${PYTHONPATH} /usr/bin/cmake --build /home/luis/my_ws/build/vision_opencv -- -j12 -l12
[0.474s] Invoking command in '/home/luis/my_ws/build/vision_opencv': AMENT_PREFIX_PATH=/home/luis/my_ws/install/image_geometry:/home/luis/my_ws/install/cv_bridge:${AMENT_PREFIX_PATH} CMAKE_PREFIX_PATH=/home/luis/my_ws/install/image_geometry:/home/luis/my_ws/install/cv_bridge:/opt/ros/jazzy/opt/gz_math_vendor:/opt/ros/jazzy/opt/gz_utils_vendor:/opt/ros/jazzy/opt/gz_cmake_vendor:/opt/ros/jazzy DEBUGINFOD_URLS=https://debuginfod.ubuntu.com LD_LIBRARY_PATH=/home/luis/my_ws/install/image_geometry/lib:/home/luis/my_ws/install/cv_bridge/lib:${LD_LIBRARY_PATH} PYTHONPATH=/home/luis/my_ws/install/image_geometry/lib/python3.12/site-packages:/home/luis/my_ws/install/cv_bridge/lib/python3.12/site-packages:${PYTHONPATH} /usr/bin/cmake --install /home/luis/my_ws/build/vision_opencv
[0.490s] -- Install configuration: ""
[0.491s] -- Up-to-date: /home/luis/my_ws/install/vision_opencv/share/ament_index/resource_index/package_run_dependencies/vision_opencv
[0.491s] -- Up-to-date: /home/luis/my_ws/install/vision_opencv/share/ament_index/resource_index/parent_prefix_path/vision_opencv
[0.491s] -- Up-to-date: /home/luis/my_ws/install/vision_opencv/share/vision_opencv/environment/ament_prefix_path.sh
[0.491s] -- Up-to-date: /home/luis/my_ws/install/vision_opencv/share/vision_opencv/environment/ament_prefix_path.dsv
[0.491s] -- Up-to-date: /home/luis/my_ws/install/vision_opencv/share/vision_opencv/environment/path.sh
[0.491s] -- Up-to-date: /home/luis/my_ws/install/vision_opencv/share/vision_opencv/environment/path.dsv
[0.491s] -- Up-to-date: /home/luis/my_ws/install/vision_opencv/share/vision_opencv/local_setup.bash
[0.491s] -- Up-to-date: /home/luis/my_ws/install/vision_opencv/share/vision_opencv/local_setup.sh
[0.492s] -- Up-to-date: /home/luis/my_ws/install/vision_opencv/share/vision_opencv/local_setup.zsh
[0.492s] -- Up-to-date: /home/luis/my_ws/install/vision_opencv/share/vision_opencv/local_setup.dsv
[0.492s] -- Up-to-date: /home/luis/my_ws/install/vision_opencv/share/vision_opencv/package.dsv
[0.492s] -- Up-to-date: /home/luis/my_ws/install/vision_opencv/share/ament_index/resource_index/packages/vision_opencv
[0.492s] -- Up-to-date: /home/luis/my_ws/install/vision_opencv/share/vision_opencv/cmake/vision_opencvConfig.cmake
[0.492s] -- Up-to-date: /home/luis/my_ws/install/vision_opencv/share/vision_opencv/cmake/vision_opencvConfig-version.cmake
[0.493s] -- Up-to-date: /home/luis/my_ws/install/vision_opencv/share/vision_opencv/package.xml
[0.495s] Invoked command in '/home/luis/my_ws/build/vision_opencv' returned '0': AMENT_PREFIX_PATH=/home/luis/my_ws/install/image_geometry:/home/luis/my_ws/install/cv_bridge:${AMENT_PREFIX_PATH} CMAKE_PREFIX_PATH=/home/luis/my_ws/install/image_geometry:/home/luis/my_ws/install/cv_bridge:/opt/ros/jazzy/opt/gz_math_vendor:/opt/ros/jazzy/opt/gz_utils_vendor:/opt/ros/jazzy/opt/gz_cmake_vendor:/opt/ros/jazzy DEBUGINFOD_URLS=https://debuginfod.ubuntu.com LD_LIBRARY_PATH=/home/luis/my_ws/install/image_geometry/lib:/home/luis/my_ws/install/cv_bridge/lib:${LD_LIBRARY_PATH} PYTHONPATH=/home/luis/my_ws/install/image_geometry/lib/python3.12/site-packages:/home/luis/my_ws/install/cv_bridge/lib/python3.12/site-packages:${PYTHONPATH} /usr/bin/cmake --install /home/luis/my_ws/build/vision_opencv
