[0.047s] Invoking command in '/home/luis/my_ws/build/camara': CMAKE_PREFIX_PATH=${CMAKE_PREFIX_PATH}:/opt/ros/jazzy DEBUGINFOD_URLS=https://debuginfod.ubuntu.com /usr/bin/cmake --build /home/luis/my_ws/build/camara -- -j12 -l12
[0.530s] [ 50%] Built target camara_node
[0.530s] [100%] Built target subscriber
[0.533s] Invoked command in '/home/luis/my_ws/build/camara' returned '0': CMAKE_PREFIX_PATH=${CMAKE_PREFIX_PATH}:/opt/ros/jazzy DEBUGINFOD_URLS=https://debuginfod.ubuntu.com /usr/bin/cmake --build /home/luis/my_ws/build/camara -- -j12 -l12
[0.562s] Invoking command in '/home/luis/my_ws/build/camara': CMAKE_PREFIX_PATH=${CMAKE_PREFIX_PATH}:/opt/ros/jazzy DEBUGINFOD_URLS=https://debuginfod.ubuntu.com /usr/bin/cmake --install /home/luis/my_ws/build/camara
[0.583s] -- Install configuration: ""
[0.584s] -- Up-to-date: /home/luis/my_ws/install/camara/lib/camara/camara_node
[0.586s] -- Up-to-date: /home/luis/my_ws/install/camara/lib/camara/subscriber
[0.587s] -- Up-to-date: /home/luis/my_ws/install/camara/share/ament_index/resource_index/package_run_dependencies/camara
[0.587s] -- Up-to-date: /home/luis/my_ws/install/camara/share/ament_index/resource_index/parent_prefix_path/camara
[0.588s] -- Up-to-date: /home/luis/my_ws/install/camara/share/camara/environment/ament_prefix_path.sh
[0.589s] -- Up-to-date: /home/luis/my_ws/install/camara/share/camara/environment/ament_prefix_path.dsv
[0.589s] -- Up-to-date: /home/luis/my_ws/install/camara/share/camara/environment/path.sh
[0.590s] -- Up-to-date: /home/luis/my_ws/install/camara/share/camara/environment/path.dsv
[0.590s] -- Up-to-date: /home/luis/my_ws/install/camara/share/camara/local_setup.bash
[0.591s] -- Up-to-date: /home/luis/my_ws/install/camara/share/camara/local_setup.sh
[0.591s] -- Up-to-date: /home/luis/my_ws/install/camara/share/camara/local_setup.zsh
[0.591s] -- Up-to-date: /home/luis/my_ws/install/camara/share/camara/local_setup.dsv
[0.591s] -- Installing: /home/luis/my_ws/install/camara/share/camara/package.dsv
[0.592s] -- Up-to-date: /home/luis/my_ws/install/camara/share/ament_index/resource_index/packages/camara
[0.592s] -- Up-to-date: /home/luis/my_ws/install/camara/share/camara/cmake/camaraConfig.cmake
[0.592s] -- Up-to-date: /home/luis/my_ws/install/camara/share/camara/cmake/camaraConfig-version.cmake
[0.592s] -- Up-to-date: /home/luis/my_ws/install/camara/share/camara/package.xml
[0.597s] Invoked command in '/home/luis/my_ws/build/camara' returned '0': CMAKE_PREFIX_PATH=${CMAKE_PREFIX_PATH}:/opt/ros/jazzy DEBUGINFOD_URLS=https://debuginfod.ubuntu.com /usr/bin/cmake --install /home/luis/my_ws/build/camara
