[0.025s] Invoking command in '/home/luis/my_ws/src/build/cv_bridge': CMAKE_PREFIX_PATH=${CMAKE_PREFIX_PATH}:/opt/ros/jazzy DEBUGINFOD_URLS=https://debuginfod.ubuntu.com /usr/bin/cmake /home/luis/my_ws/src/vision_opencv/cv_bridge_backup -DCMAKE_INSTALL_PREFIX=/home/luis/my_ws/src/install/cv_bridge
[0.299s] -- The C compiler identification is GNU 13.3.0
[0.299s] -- The CXX compiler identification is GNU 13.3.0
[0.300s] -- Detecting C compiler ABI info
[0.300s] -- Detecting C compiler ABI info - done
[0.300s] -- Check for working C compiler: /usr/bin/cc - skipped
[0.300s] -- Detecting C compile features
[0.300s] -- Detecting C compile features - done
[0.301s] -- Detecting CXX compiler ABI info
[0.439s] -- Detecting CXX compiler ABI info - done
[0.452s] -- Check for working CXX compiler: /usr/bin/c++ - skipped
[0.453s] -- Detecting CXX compile features
[0.453s] -- Detecting CXX compile features - done
[0.456s] -- Found ament_cmake_ros: 0.12.0 (/opt/ros/jazzy/share/ament_cmake_ros/cmake)
[0.666s] -- Found Python3: /usr/bin/python3 (found version "3.12.3") found components: Interpreter 
[1.498s] -- Found Python3: /usr/include/python3.12 (found version "3.12.3") found components: Development NumPy Interpreter Development.Module Development.Embed 
[1.523s] -- Found Boost: /usr/lib/x86_64-linux-gnu/cmake/Boost-1.83.0/BoostConfig.cmake (found version "1.83.0") found components: python312 
[1.526s] -- Found rclcpp: 28.1.12 (/opt/ros/jazzy/share/rclcpp/cmake)
[1.569s] -- Found rosidl_generator_c: 4.6.6 (/opt/ros/jazzy/share/rosidl_generator_c/cmake)
[1.583s] -- Found rosidl_generator_cpp: 4.6.6 (/opt/ros/jazzy/share/rosidl_generator_cpp/cmake)
[1.600s] -- Using all available rosidl_typesupport_c: rosidl_typesupport_fastrtps_c;rosidl_typesupport_introspection_c
[1.621s] -- Using all available rosidl_typesupport_cpp: rosidl_typesupport_fastrtps_cpp;rosidl_typesupport_introspection_cpp
[1.727s] -- Found rmw_implementation_cmake: 7.3.2 (/opt/ros/jazzy/share/rmw_implementation_cmake/cmake)
[1.731s] -- Found rmw_fastrtps_cpp: 8.4.3 (/opt/ros/jazzy/share/rmw_fastrtps_cpp/cmake)
[1.859s] -- Found OpenSSL: /usr/lib/x86_64-linux-gnu/libcrypto.so (found version "3.0.13")  
[1.889s] -- Found FastRTPS: /opt/ros/jazzy/include (Required is at least version "2.13") 
[1.931s] -- Using RMW implementation 'rmw_fastrtps_cpp' as default
[2.054s] -- Found sensor_msgs: 5.3.6 (/opt/ros/jazzy/share/sensor_msgs/cmake)
[2.507s] -- Performing Test COMPILER_HAS_HIDDEN_VISIBILITY
[2.928s] -- Performing Test COMPILER_HAS_HIDDEN_VISIBILITY - Success
[2.933s] -- Performing Test COMPILER_HAS_HIDDEN_INLINE_VISIBILITY
[3.327s] -- Performing Test COMPILER_HAS_HIDDEN_INLINE_VISIBILITY - Success
[3.327s] -- Performing Test COMPILER_HAS_DEPRECATED_ATTR
[3.611s] -- Performing Test COMPILER_HAS_DEPRECATED_ATTR - Success
[3.644s] -- Found ament_lint_auto: 0.17.3 (/opt/ros/jazzy/share/ament_lint_auto/cmake)
[3.963s] -- Found gtest sources under '/opt/ros/jazzy/src/gtest_vendor': C++ tests using 'Google Test' will be built
[3.973s] -- Performing Test CMAKE_HAVE_LIBC_PTHREAD
[4.358s] -- Performing Test CMAKE_HAVE_LIBC_PTHREAD - Success
[4.363s] -- Found Threads: TRUE  
[6.956s] -- Configuring done (6.9s)
[7.022s] -- Generating done (0.0s)
[7.037s] -- Build files have been written to: /home/luis/my_ws/src/build/cv_bridge
[7.090s] Invoked command in '/home/luis/my_ws/src/build/cv_bridge' returned '0': CMAKE_PREFIX_PATH=${CMAKE_PREFIX_PATH}:/opt/ros/jazzy DEBUGINFOD_URLS=https://debuginfod.ubuntu.com /usr/bin/cmake /home/luis/my_ws/src/vision_opencv/cv_bridge_backup -DCMAKE_INSTALL_PREFIX=/home/luis/my_ws/src/install/cv_bridge
[7.092s] Invoking command in '/home/luis/my_ws/src/build/cv_bridge': CMAKE_PREFIX_PATH=${CMAKE_PREFIX_PATH}:/opt/ros/jazzy DEBUGINFOD_URLS=https://debuginfod.ubuntu.com /usr/bin/cmake --build /home/luis/my_ws/src/build/cv_bridge -- -j12 -l12
[7.240s] [  5%] [32mBuilding CXX object gtest/CMakeFiles/gtest.dir/src/gtest-all.cc.o[0m
[7.250s] [ 16%] [32mBuilding CXX object gtest/CMakeFiles/gtest_main.dir/src/gtest_main.cc.o[0m
[7.250s] [ 16%] [32mBuilding CXX object src/CMakeFiles/cv_bridge.dir/rgb_colors.cpp.o[0m
[7.254s] [ 22%] [32mBuilding CXX object src/CMakeFiles/cv_bridge.dir/cv_bridge.cpp.o[0m
[7.261s] [ 27%] [32mBuilding CXX object src/CMakeFiles/cv_bridge.dir/cv_mat_sensor_msgs_image_type_adapter.cpp.o[0m
[7.264s] [ 27%] Built target ament_cmake_python_copy_cv_bridge
[7.980s] running egg_info
[7.986s] creating cv_bridge.egg-info
[8.025s] writing cv_bridge.egg-info/PKG-INFO
[8.026s] writing dependency_links to cv_bridge.egg-info/dependency_links.txt
[8.027s] writing top-level names to cv_bridge.egg-info/top_level.txt
[8.028s] writing manifest file 'cv_bridge.egg-info/SOURCES.txt'
[8.165s] reading manifest file 'cv_bridge.egg-info/SOURCES.txt'
[8.166s] writing manifest file 'cv_bridge.egg-info/SOURCES.txt'
[8.452s] [ 27%] Built target ament_cmake_python_build_cv_bridge_egg
[10.085s] [ 33%] [32m[1mLinking CXX static library libgtest_main.a[0m
[10.245s] [ 33%] Built target gtest_main
[16.697s] [ 38%] [32m[1mLinking CXX static library libgtest.a[0m
[16.799s] [ 38%] Built target gtest
[16.908s] [ 44%] [32m[1mLinking CXX shared library libcv_bridge.so[0m
[17.111s] [ 44%] Built target cv_bridge
[17.142s] [ 66%] [32mBuilding CXX object src/CMakeFiles/cv_bridge_boost.dir/module.cpp.o[0m
[17.143s] [ 66%] [32mBuilding CXX object test/CMakeFiles/cv_bridge-utest.dir/utest2.cpp.o[0m
[17.144s] [ 66%] [32mBuilding CXX object test/CMakeFiles/cv_bridge-utest.dir/test_endian.cpp.o[0m
[17.144s] [ 72%] [32mBuilding CXX object src/CMakeFiles/cv_bridge_boost.dir/module_opencv4.cpp.o[0m
[17.144s] [ 83%] [32mBuilding CXX object test/CMakeFiles/cv_bridge-utest.dir/test_compression.cpp.o[0m
[17.144s] [ 88%] [32mBuilding CXX object test/CMakeFiles/cv_bridge-utest.dir/test_dynamic_scaling.cpp.o[0m
[17.144s] [ 88%] [32mBuilding CXX object test/CMakeFiles/cv_bridge-utest.dir/test_rgb_colors.cpp.o[0m
[17.144s] [ 88%] [32mBuilding CXX object test/CMakeFiles/cv_bridge-utest.dir/utest.cpp.o[0m
[22.826s] [ 94%] [32m[1mLinking CXX executable cv_bridge-utest[0m
[23.438s] [ 94%] Built target cv_bridge-utest
[24.516s] [100%] [32m[1mLinking CXX shared module boost/cv_bridge_boost.so[0m
[24.709s] [100%] Built target cv_bridge_boost
[24.724s] Invoked command in '/home/luis/my_ws/src/build/cv_bridge' returned '0': CMAKE_PREFIX_PATH=${CMAKE_PREFIX_PATH}:/opt/ros/jazzy DEBUGINFOD_URLS=https://debuginfod.ubuntu.com /usr/bin/cmake --build /home/luis/my_ws/src/build/cv_bridge -- -j12 -l12
[24.725s] Invoking command in '/home/luis/my_ws/src/build/cv_bridge': CMAKE_PREFIX_PATH=${CMAKE_PREFIX_PATH}:/opt/ros/jazzy DEBUGINFOD_URLS=https://debuginfod.ubuntu.com /usr/bin/cmake --install /home/luis/my_ws/src/build/cv_bridge
[24.734s] -- Install configuration: ""
[24.734s] -- Installing: /home/luis/my_ws/src/install/cv_bridge/share/cv_bridge/environment/pythonpath.sh
[24.734s] -- Installing: /home/luis/my_ws/src/install/cv_bridge/share/cv_bridge/environment/pythonpath.dsv
[24.734s] -- Installing: /home/luis/my_ws/src/install/cv_bridge/lib/python3.12/site-packages/cv_bridge-4.1.0-py3.12.egg-info
[24.735s] -- Installing: /home/luis/my_ws/src/install/cv_bridge/lib/python3.12/site-packages/cv_bridge-4.1.0-py3.12.egg-info/PKG-INFO
[24.735s] -- Installing: /home/luis/my_ws/src/install/cv_bridge/lib/python3.12/site-packages/cv_bridge-4.1.0-py3.12.egg-info/SOURCES.txt
[24.735s] -- Installing: /home/luis/my_ws/src/install/cv_bridge/lib/python3.12/site-packages/cv_bridge-4.1.0-py3.12.egg-info/top_level.txt
[24.735s] -- Installing: /home/luis/my_ws/src/install/cv_bridge/lib/python3.12/site-packages/cv_bridge-4.1.0-py3.12.egg-info/dependency_links.txt
[24.735s] -- Installing: /home/luis/my_ws/src/install/cv_bridge/lib/python3.12/site-packages/cv_bridge
[24.735s] -- Installing: /home/luis/my_ws/src/install/cv_bridge/lib/python3.12/site-packages/cv_bridge/core.py
[24.736s] -- Installing: /home/luis/my_ws/src/install/cv_bridge/lib/python3.12/site-packages/cv_bridge/__init__.py
[24.771s] Listing '/home/luis/my_ws/src/install/cv_bridge/lib/python3.12/site-packages/cv_bridge'...
[24.771s] Compiling '/home/luis/my_ws/src/install/cv_bridge/lib/python3.12/site-packages/cv_bridge/__init__.py'...
[24.772s] Compiling '/home/luis/my_ws/src/install/cv_bridge/lib/python3.12/site-packages/cv_bridge/core.py'...
[24.778s] -- Installing: /home/luis/my_ws/src/install/cv_bridge/lib/libcv_bridge.so
[24.781s] -- Set non-toolchain portion of runtime path of "/home/luis/my_ws/src/install/cv_bridge/lib/libcv_bridge.so" to ""
[24.781s] -- Installing: /home/luis/my_ws/src/install/cv_bridge/include/cv_bridge/cv_bridge/cv_bridge_export.h
[24.781s] -- Installing: /home/luis/my_ws/src/install/cv_bridge/lib/python3.12/site-packages/cv_bridge/boost/cv_bridge_boost.so
[24.784s] -- Set non-toolchain portion of runtime path of "/home/luis/my_ws/src/install/cv_bridge/lib/python3.12/site-packages/cv_bridge/boost/cv_bridge_boost.so" to ""
[24.784s] -- Up-to-date: /home/luis/my_ws/src/install/cv_bridge/include/cv_bridge
[24.784s] -- Up-to-date: /home/luis/my_ws/src/install/cv_bridge/include/cv_bridge/cv_bridge
[24.784s] -- Installing: /home/luis/my_ws/src/install/cv_bridge/include/cv_bridge/cv_bridge/cv_mat_sensor_msgs_image_type_adapter.hpp
[24.785s] -- Installing: /home/luis/my_ws/src/install/cv_bridge/include/cv_bridge/cv_bridge/visibility_control.h
[24.785s] -- Installing: /home/luis/my_ws/src/install/cv_bridge/include/cv_bridge/cv_bridge/cv_bridge.hpp
[24.785s] -- Installing: /home/luis/my_ws/src/install/cv_bridge/include/cv_bridge/cv_bridge/rgb_colors.hpp
[24.785s] -- Up-to-date: /home/luis/my_ws/src/install/cv_bridge/lib/libcv_bridge.so
[24.786s] -- Installing: /home/luis/my_ws/src/install/cv_bridge/share/ament_index/resource_index/package_run_dependencies/cv_bridge
[24.786s] -- Installing: /home/luis/my_ws/src/install/cv_bridge/share/ament_index/resource_index/parent_prefix_path/cv_bridge
[24.786s] -- Installing: /home/luis/my_ws/src/install/cv_bridge/share/cv_bridge/environment/ament_prefix_path.sh
[24.786s] -- Installing: /home/luis/my_ws/src/install/cv_bridge/share/cv_bridge/environment/ament_prefix_path.dsv
[24.786s] -- Installing: /home/luis/my_ws/src/install/cv_bridge/share/cv_bridge/environment/path.sh
[24.787s] -- Installing: /home/luis/my_ws/src/install/cv_bridge/share/cv_bridge/environment/path.dsv
[24.787s] -- Installing: /home/luis/my_ws/src/install/cv_bridge/share/cv_bridge/local_setup.bash
[24.787s] -- Installing: /home/luis/my_ws/src/install/cv_bridge/share/cv_bridge/local_setup.sh
[24.787s] -- Installing: /home/luis/my_ws/src/install/cv_bridge/share/cv_bridge/local_setup.zsh
[24.787s] -- Installing: /home/luis/my_ws/src/install/cv_bridge/share/cv_bridge/local_setup.dsv
[24.788s] -- Installing: /home/luis/my_ws/src/install/cv_bridge/share/cv_bridge/package.dsv
[24.788s] -- Installing: /home/luis/my_ws/src/install/cv_bridge/share/ament_index/resource_index/packages/cv_bridge
[24.788s] -- Installing: /home/luis/my_ws/src/install/cv_bridge/share/cv_bridge/cmake/export_cv_bridgeExport.cmake
[24.788s] -- Installing: /home/luis/my_ws/src/install/cv_bridge/share/cv_bridge/cmake/export_cv_bridgeExport-noconfig.cmake
[24.788s] -- Installing: /home/luis/my_ws/src/install/cv_bridge/share/cv_bridge/cmake/cv_bridge-extras.cmake
[24.788s] -- Installing: /home/luis/my_ws/src/install/cv_bridge/share/cv_bridge/cmake/ament_cmake_export_dependencies-extras.cmake
[24.789s] -- Installing: /home/luis/my_ws/src/install/cv_bridge/share/cv_bridge/cmake/ament_cmake_export_targets-extras.cmake
[24.789s] -- Installing: /home/luis/my_ws/src/install/cv_bridge/share/cv_bridge/cmake/cv_bridgeConfig.cmake
[24.789s] -- Installing: /home/luis/my_ws/src/install/cv_bridge/share/cv_bridge/cmake/cv_bridgeConfig-version.cmake
[24.789s] -- Installing: /home/luis/my_ws/src/install/cv_bridge/share/cv_bridge/package.xml
[24.792s] Invoked command in '/home/luis/my_ws/src/build/cv_bridge' returned '0': CMAKE_PREFIX_PATH=${CMAKE_PREFIX_PATH}:/opt/ros/jazzy DEBUGINFOD_URLS=https://debuginfod.ubuntu.com /usr/bin/cmake --install /home/luis/my_ws/src/build/cv_bridge
