[0.350s] Invoking command in '/home/luis/my_ws/build/vision_opencv': AMENT_PREFIX_PATH=/home/luis/my_ws/install/image_geometry:/home/luis/my_ws/install/cv_bridge:${AMENT_PREFIX_PATH} CMAKE_PREFIX_PATH=/home/luis/my_ws/install/image_geometry:/home/luis/my_ws/install/cv_bridge:/opt/ros/jazzy/opt/gz_math_vendor:/opt/ros/jazzy/opt/gz_utils_vendor:/opt/ros/jazzy/opt/gz_cmake_vendor:/opt/ros/jazzy DEBUGINFOD_URLS=https://debuginfod.ubuntu.com LD_LIBRARY_PATH=/home/luis/my_ws/install/image_geometry/lib:/home/luis/my_ws/install/cv_bridge/lib:${LD_LIBRARY_PATH} PYTHONPATH=/home/luis/my_ws/install/image_geometry/lib/python3.12/site-packages:/home/luis/my_ws/install/cv_bridge/lib/python3.12/site-packages:${PYTHONPATH} /usr/bin/cmake /home/luis/my_ws/src/vision_opencv/vision_opencv -DCMAKE_INSTALL_PREFIX=/home/luis/my_ws/install/vision_opencv
[0.416s] -- The C compiler identification is GNU 13.3.0
[0.482s] -- The CXX compiler identification is GNU 13.3.0
[0.500s] -- Detecting C compiler ABI info
[0.612s] -- Detecting C compiler ABI info - done
[0.620s] -- Check for working C compiler: /usr/bin/cc - skipped
[0.620s] -- Detecting C compile features
[0.621s] -- Detecting C compile features - done
[0.630s] -- Detecting CXX compiler ABI info
[0.727s] -- Detecting CXX compiler ABI info - done
[0.734s] -- Check for working CXX compiler: /usr/bin/c++ - skipped
[0.734s] -- Detecting CXX compile features
[0.735s] -- Detecting CXX compile features - done
[0.737s] -- Found ament_cmake: 2.5.4 (/opt/ros/jazzy/share/ament_cmake/cmake)
[0.876s] -- Found Python3: /usr/bin/python3 (found version "3.12.3") found components: Interpreter 
[1.056s] -- Configuring done (0.7s)
[1.059s] -- Generating done (0.0s)
[1.062s] -- Build files have been written to: /home/luis/my_ws/build/vision_opencv
[1.067s] Invoked command in '/home/luis/my_ws/build/vision_opencv' returned '0': AMENT_PREFIX_PATH=/home/luis/my_ws/install/image_geometry:/home/luis/my_ws/install/cv_bridge:${AMENT_PREFIX_PATH} CMAKE_PREFIX_PATH=/home/luis/my_ws/install/image_geometry:/home/luis/my_ws/install/cv_bridge:/opt/ros/jazzy/opt/gz_math_vendor:/opt/ros/jazzy/opt/gz_utils_vendor:/opt/ros/jazzy/opt/gz_cmake_vendor:/opt/ros/jazzy DEBUGINFOD_URLS=https://debuginfod.ubuntu.com LD_LIBRARY_PATH=/home/luis/my_ws/install/image_geometry/lib:/home/luis/my_ws/install/cv_bridge/lib:${LD_LIBRARY_PATH} PYTHONPATH=/home/luis/my_ws/install/image_geometry/lib/python3.12/site-packages:/home/luis/my_ws/install/cv_bridge/lib/python3.12/site-packages:${PYTHONPATH} /usr/bin/cmake /home/luis/my_ws/src/vision_opencv/vision_opencv -DCMAKE_INSTALL_PREFIX=/home/luis/my_ws/install/vision_opencv
[1.068s] Invoking command in '/home/luis/my_ws/build/vision_opencv': AMENT_PREFIX_PATH=/home/luis/my_ws/install/image_geometry:/home/luis/my_ws/install/cv_bridge:${AMENT_PREFIX_PATH} CMAKE_PREFIX_PATH=/home/luis/my_ws/install/image_geometry:/home/luis/my_ws/install/cv_bridge:/opt/ros/jazzy/opt/gz_math_vendor:/opt/ros/jazzy/opt/gz_utils_vendor:/opt/ros/jazzy/opt/gz_cmake_vendor:/opt/ros/jazzy DEBUGINFOD_URLS=https://debuginfod.ubuntu.com LD_LIBRARY_PATH=/home/luis/my_ws/install/image_geometry/lib:/home/luis/my_ws/install/cv_bridge/lib:${LD_LIBRARY_PATH} PYTHONPATH=/home/luis/my_ws/install/image_geometry/lib/python3.12/site-packages:/home/luis/my_ws/install/cv_bridge/lib/python3.12/site-packages:${PYTHONPATH} /usr/bin/cmake --build /home/luis/my_ws/build/vision_opencv -- -j12 -l12
[1.108s] Invoked command in '/home/luis/my_ws/build/vision_opencv' returned '0': AMENT_PREFIX_PATH=/home/luis/my_ws/install/image_geometry:/home/luis/my_ws/install/cv_bridge:${AMENT_PREFIX_PATH} CMAKE_PREFIX_PATH=/home/luis/my_ws/install/image_geometry:/home/luis/my_ws/install/cv_bridge:/opt/ros/jazzy/opt/gz_math_vendor:/opt/ros/jazzy/opt/gz_utils_vendor:/opt/ros/jazzy/opt/gz_cmake_vendor:/opt/ros/jazzy DEBUGINFOD_URLS=https://debuginfod.ubuntu.com LD_LIBRARY_PATH=/home/luis/my_ws/install/image_geometry/lib:/home/luis/my_ws/install/cv_bridge/lib:${LD_LIBRARY_PATH} PYTHONPATH=/home/luis/my_ws/install/image_geometry/lib/python3.12/site-packages:/home/luis/my_ws/install/cv_bridge/lib/python3.12/site-packages:${PYTHONPATH} /usr/bin/cmake --build /home/luis/my_ws/build/vision_opencv -- -j12 -l12
[1.109s] Invoking command in '/home/luis/my_ws/build/vision_opencv': AMENT_PREFIX_PATH=/home/luis/my_ws/install/image_geometry:/home/luis/my_ws/install/cv_bridge:${AMENT_PREFIX_PATH} CMAKE_PREFIX_PATH=/home/luis/my_ws/install/image_geometry:/home/luis/my_ws/install/cv_bridge:/opt/ros/jazzy/opt/gz_math_vendor:/opt/ros/jazzy/opt/gz_utils_vendor:/opt/ros/jazzy/opt/gz_cmake_vendor:/opt/ros/jazzy DEBUGINFOD_URLS=https://debuginfod.ubuntu.com LD_LIBRARY_PATH=/home/luis/my_ws/install/image_geometry/lib:/home/luis/my_ws/install/cv_bridge/lib:${LD_LIBRARY_PATH} PYTHONPATH=/home/luis/my_ws/install/image_geometry/lib/python3.12/site-packages:/home/luis/my_ws/install/cv_bridge/lib/python3.12/site-packages:${PYTHONPATH} /usr/bin/cmake --install /home/luis/my_ws/build/vision_opencv
[1.117s] -- Install configuration: ""
[1.117s] -- Installing: /home/luis/my_ws/install/vision_opencv/share/ament_index/resource_index/package_run_dependencies/vision_opencv
[1.118s] -- Installing: /home/luis/my_ws/install/vision_opencv/share/ament_index/resource_index/parent_prefix_path/vision_opencv
[1.118s] -- Installing: /home/luis/my_ws/install/vision_opencv/share/vision_opencv/environment/ament_prefix_path.sh
[1.118s] -- Installing: /home/luis/my_ws/install/vision_opencv/share/vision_opencv/environment/ament_prefix_path.dsv
[1.118s] -- Installing: /home/luis/my_ws/install/vision_opencv/share/vision_opencv/environment/path.sh
[1.118s] -- Installing: /home/luis/my_ws/install/vision_opencv/share/vision_opencv/environment/path.dsv
[1.118s] -- Installing: /home/luis/my_ws/install/vision_opencv/share/vision_opencv/local_setup.bash
[1.119s] -- Installing: /home/luis/my_ws/install/vision_opencv/share/vision_opencv/local_setup.sh
[1.119s] -- Installing: /home/luis/my_ws/install/vision_opencv/share/vision_opencv/local_setup.zsh
[1.119s] -- Installing: /home/luis/my_ws/install/vision_opencv/share/vision_opencv/local_setup.dsv
[1.119s] -- Installing: /home/luis/my_ws/install/vision_opencv/share/vision_opencv/package.dsv
[1.119s] -- Installing: /home/luis/my_ws/install/vision_opencv/share/ament_index/resource_index/packages/vision_opencv
[1.119s] -- Installing: /home/luis/my_ws/install/vision_opencv/share/vision_opencv/cmake/vision_opencvConfig.cmake
[1.119s] -- Installing: /home/luis/my_ws/install/vision_opencv/share/vision_opencv/cmake/vision_opencvConfig-version.cmake
[1.120s] -- Installing: /home/luis/my_ws/install/vision_opencv/share/vision_opencv/package.xml
[1.122s] Invoked command in '/home/luis/my_ws/build/vision_opencv' returned '0': AMENT_PREFIX_PATH=/home/luis/my_ws/install/image_geometry:/home/luis/my_ws/install/cv_bridge:${AMENT_PREFIX_PATH} CMAKE_PREFIX_PATH=/home/luis/my_ws/install/image_geometry:/home/luis/my_ws/install/cv_bridge:/opt/ros/jazzy/opt/gz_math_vendor:/opt/ros/jazzy/opt/gz_utils_vendor:/opt/ros/jazzy/opt/gz_cmake_vendor:/opt/ros/jazzy DEBUGINFOD_URLS=https://debuginfod.ubuntu.com LD_LIBRARY_PATH=/home/luis/my_ws/install/image_geometry/lib:/home/luis/my_ws/install/cv_bridge/lib:${LD_LIBRARY_PATH} PYTHONPATH=/home/luis/my_ws/install/image_geometry/lib/python3.12/site-packages:/home/luis/my_ws/install/cv_bridge/lib/python3.12/site-packages:${PYTHONPATH} /usr/bin/cmake --install /home/luis/my_ws/build/vision_opencv
