[0.497s] Invoking command in '/home/luis/my_ws/build/my_msgs': CMAKE_PREFIX_PATH=${CMAKE_PREFIX_PATH}:/home/luis/my_ws/install/opencv_tests:/home/luis/my_ws/install/iarocks_py:/opt/ros/jazzy DEBUGINFOD_URLS=https://debuginfod.ubuntu.com /usr/bin/cmake --build /home/luis/my_ws/build/my_msgs -- -j12 -l12
[0.605s] [  2%] Built target my_msgs__rosidl_generator_type_description
[0.642s] [  2%] Built target ament_cmake_python_copy_my_msgs
[0.660s] [  5%] Built target my_msgs__cpp
[0.661s] [ 20%] Built target my_msgs__rosidl_generator_c
[0.725s] [ 44%] Built target my_msgs__rosidl_typesupport_c
[0.728s] [ 44%] Built target my_msgs__rosidl_typesupport_introspection_cpp
[0.728s] [ 47%] Built target my_msgs__rosidl_typesupport_fastrtps_c
[0.728s] [ 64%] Built target my_msgs__rosidl_typesupport_fastrtps_cpp
[0.729s] [ 64%] Built target my_msgs__rosidl_typesupport_introspection_c
[0.733s] [ 73%] Built target my_msgs__rosidl_typesupport_cpp
[0.773s] [ 73%] Built target my_msgs
[0.819s] [ 76%] Built target my_msgs__py
[0.862s] [ 82%] Built target my_msgs__rosidl_generator_py
[0.905s] [ 88%] Built target my_msgs_s__rosidl_typesupport_fastrtps_c
[0.910s] [ 97%] Built target my_msgs_s__rosidl_typesupport_introspection_c
[0.910s] [100%] Built target my_msgs_s__rosidl_typesupport_c
[1.111s] running egg_info
[1.150s] writing my_msgs.egg-info/PKG-INFO
[1.151s] writing dependency_links to my_msgs.egg-info/dependency_links.txt
[1.151s] writing top-level names to my_msgs.egg-info/top_level.txt
[1.271s] reading manifest file 'my_msgs.egg-info/SOURCES.txt'
[1.272s] writing manifest file 'my_msgs.egg-info/SOURCES.txt'
[1.322s] [100%] Built target ament_cmake_python_build_my_msgs_egg
[1.505s] Invoked command in '/home/luis/my_ws/build/my_msgs' returned '0': CMAKE_PREFIX_PATH=${CMAKE_PREFIX_PATH}:/home/luis/my_ws/install/opencv_tests:/home/luis/my_ws/install/iarocks_py:/opt/ros/jazzy DEBUGINFOD_URLS=https://debuginfod.ubuntu.com /usr/bin/cmake --build /home/luis/my_ws/build/my_msgs -- -j12 -l12
[1.506s] Invoking command in '/home/luis/my_ws/build/my_msgs': CMAKE_PREFIX_PATH=${CMAKE_PREFIX_PATH}:/home/luis/my_ws/install/opencv_tests:/home/luis/my_ws/install/iarocks_py:/opt/ros/jazzy DEBUGINFOD_URLS=https://debuginfod.ubuntu.com /usr/bin/cmake --install /home/luis/my_ws/build/my_msgs
[1.518s] -- Install configuration: ""
[1.518s] -- Up-to-date: /home/luis/my_ws/install/my_msgs/share/ament_index/resource_index/rosidl_interfaces/my_msgs
[1.519s] -- Up-to-date: /home/luis/my_ws/install/my_msgs/share/my_msgs/msg/CamaraMensajes.json
[1.519s] -- Up-to-date: /home/luis/my_ws/install/my_msgs/include/my_msgs/my_msgs
[1.519s] -- Up-to-date: /home/luis/my_ws/install/my_msgs/include/my_msgs/my_msgs/msg
[1.520s] -- Up-to-date: /home/luis/my_ws/install/my_msgs/include/my_msgs/my_msgs/msg/camara_mensajes.h
[1.520s] -- Up-to-date: /home/luis/my_ws/install/my_msgs/include/my_msgs/my_msgs/msg/rosidl_generator_c__visibility_control.h
[1.520s] -- Up-to-date: /home/luis/my_ws/install/my_msgs/include/my_msgs/my_msgs/msg/detail
[1.520s] -- Up-to-date: /home/luis/my_ws/install/my_msgs/include/my_msgs/my_msgs/msg/detail/camara_mensajes__type_support.c
[1.521s] -- Up-to-date: /home/luis/my_ws/install/my_msgs/include/my_msgs/my_msgs/msg/detail/camara_mensajes__functions.c
[1.521s] -- Up-to-date: /home/luis/my_ws/install/my_msgs/include/my_msgs/my_msgs/msg/detail/camara_mensajes__description.c
[1.522s] -- Up-to-date: /home/luis/my_ws/install/my_msgs/include/my_msgs/my_msgs/msg/detail/camara_mensajes__functions.h
[1.522s] -- Up-to-date: /home/luis/my_ws/install/my_msgs/include/my_msgs/my_msgs/msg/detail/camara_mensajes__struct.h
[1.522s] -- Up-to-date: /home/luis/my_ws/install/my_msgs/include/my_msgs/my_msgs/msg/detail/camara_mensajes__type_support.h
[1.523s] -- Up-to-date: /home/luis/my_ws/install/my_msgs/share/my_msgs/environment/library_path.sh
[1.526s] -- Up-to-date: /home/luis/my_ws/install/my_msgs/share/my_msgs/environment/library_path.dsv
[1.526s] -- Up-to-date: /home/luis/my_ws/install/my_msgs/lib/libmy_msgs__rosidl_generator_c.so
[1.527s] -- Up-to-date: /home/luis/my_ws/install/my_msgs/include/my_msgs/my_msgs
[1.527s] -- Up-to-date: /home/luis/my_ws/install/my_msgs/include/my_msgs/my_msgs/msg
[1.528s] -- Up-to-date: /home/luis/my_ws/install/my_msgs/include/my_msgs/my_msgs/msg/rosidl_typesupport_fastrtps_c__visibility_control.h
[1.528s] -- Up-to-date: /home/luis/my_ws/install/my_msgs/include/my_msgs/my_msgs/msg/detail
[1.528s] -- Up-to-date: /home/luis/my_ws/install/my_msgs/include/my_msgs/my_msgs/msg/detail/camara_mensajes__rosidl_typesupport_fastrtps_c.h
[1.528s] -- Up-to-date: /home/luis/my_ws/install/my_msgs/lib/libmy_msgs__rosidl_typesupport_fastrtps_c.so
[1.529s] -- Up-to-date: /home/luis/my_ws/install/my_msgs/include/my_msgs/my_msgs
[1.529s] -- Up-to-date: /home/luis/my_ws/install/my_msgs/include/my_msgs/my_msgs/msg
[1.529s] -- Up-to-date: /home/luis/my_ws/install/my_msgs/include/my_msgs/my_msgs/msg/camara_mensajes.hpp
[1.529s] -- Up-to-date: /home/luis/my_ws/install/my_msgs/include/my_msgs/my_msgs/msg/detail
[1.529s] -- Up-to-date: /home/luis/my_ws/install/my_msgs/include/my_msgs/my_msgs/msg/detail/camara_mensajes__struct.hpp
[1.531s] -- Up-to-date: /home/luis/my_ws/install/my_msgs/include/my_msgs/my_msgs/msg/detail/camara_mensajes__builder.hpp
[1.531s] -- Up-to-date: /home/luis/my_ws/install/my_msgs/include/my_msgs/my_msgs/msg/detail/camara_mensajes__type_support.hpp
[1.531s] -- Up-to-date: /home/luis/my_ws/install/my_msgs/include/my_msgs/my_msgs/msg/detail/camara_mensajes__traits.hpp
[1.532s] -- Up-to-date: /home/luis/my_ws/install/my_msgs/include/my_msgs/my_msgs/msg/rosidl_generator_cpp__visibility_control.hpp
[1.532s] -- Up-to-date: /home/luis/my_ws/install/my_msgs/include/my_msgs/my_msgs
[1.533s] -- Up-to-date: /home/luis/my_ws/install/my_msgs/include/my_msgs/my_msgs/msg
[1.533s] -- Up-to-date: /home/luis/my_ws/install/my_msgs/include/my_msgs/my_msgs/msg/rosidl_typesupport_fastrtps_cpp__visibility_control.h
[1.533s] -- Up-to-date: /home/luis/my_ws/install/my_msgs/include/my_msgs/my_msgs/msg/detail
[1.533s] -- Up-to-date: /home/luis/my_ws/install/my_msgs/include/my_msgs/my_msgs/msg/detail/camara_mensajes__rosidl_typesupport_fastrtps_cpp.hpp
[1.533s] -- Up-to-date: /home/luis/my_ws/install/my_msgs/include/my_msgs/my_msgs/msg/detail/dds_fastrtps
[1.533s] -- Up-to-date: /home/luis/my_ws/install/my_msgs/lib/libmy_msgs__rosidl_typesupport_fastrtps_cpp.so
[1.533s] -- Up-to-date: /home/luis/my_ws/install/my_msgs/include/my_msgs/my_msgs
[1.534s] -- Up-to-date: /home/luis/my_ws/install/my_msgs/include/my_msgs/my_msgs/msg
[1.534s] -- Up-to-date: /home/luis/my_ws/install/my_msgs/include/my_msgs/my_msgs/msg/detail
[1.534s] -- Up-to-date: /home/luis/my_ws/install/my_msgs/include/my_msgs/my_msgs/msg/detail/camara_mensajes__type_support.c
[1.534s] -- Up-to-date: /home/luis/my_ws/install/my_msgs/include/my_msgs/my_msgs/msg/detail/camara_mensajes__rosidl_typesupport_introspection_c.h
[1.534s] -- Up-to-date: /home/luis/my_ws/install/my_msgs/include/my_msgs/my_msgs/msg/rosidl_typesupport_introspection_c__visibility_control.h
[1.534s] -- Up-to-date: /home/luis/my_ws/install/my_msgs/lib/libmy_msgs__rosidl_typesupport_introspection_c.so
[1.534s] -- Up-to-date: /home/luis/my_ws/install/my_msgs/lib/libmy_msgs__rosidl_typesupport_c.so
[1.535s] -- Up-to-date: /home/luis/my_ws/install/my_msgs/include/my_msgs/my_msgs
[1.535s] -- Up-to-date: /home/luis/my_ws/install/my_msgs/include/my_msgs/my_msgs/msg
[1.535s] -- Up-to-date: /home/luis/my_ws/install/my_msgs/include/my_msgs/my_msgs/msg/detail
[1.535s] -- Up-to-date: /home/luis/my_ws/install/my_msgs/include/my_msgs/my_msgs/msg/detail/camara_mensajes__rosidl_typesupport_introspection_cpp.hpp
[1.535s] -- Up-to-date: /home/luis/my_ws/install/my_msgs/include/my_msgs/my_msgs/msg/detail/camara_mensajes__type_support.cpp
[1.538s] -- Up-to-date: /home/luis/my_ws/install/my_msgs/lib/libmy_msgs__rosidl_typesupport_introspection_cpp.so
[1.538s] -- Up-to-date: /home/luis/my_ws/install/my_msgs/lib/libmy_msgs__rosidl_typesupport_cpp.so
[1.538s] -- Up-to-date: /home/luis/my_ws/install/my_msgs/share/my_msgs/environment/pythonpath.sh
[1.540s] -- Up-to-date: /home/luis/my_ws/install/my_msgs/share/my_msgs/environment/pythonpath.dsv
[1.540s] -- Up-to-date: /home/luis/my_ws/install/my_msgs/lib/python3.12/site-packages/my_msgs-0.0.0-py3.12.egg-info
[1.540s] -- Installing: /home/luis/my_ws/install/my_msgs/lib/python3.12/site-packages/my_msgs-0.0.0-py3.12.egg-info/PKG-INFO
[1.540s] -- Installing: /home/luis/my_ws/install/my_msgs/lib/python3.12/site-packages/my_msgs-0.0.0-py3.12.egg-info/SOURCES.txt
[1.540s] -- Installing: /home/luis/my_ws/install/my_msgs/lib/python3.12/site-packages/my_msgs-0.0.0-py3.12.egg-info/top_level.txt
[1.541s] -- Installing: /home/luis/my_ws/install/my_msgs/lib/python3.12/site-packages/my_msgs-0.0.0-py3.12.egg-info/dependency_links.txt
[1.541s] -- Up-to-date: /home/luis/my_ws/install/my_msgs/lib/python3.12/site-packages/my_msgs
[1.541s] -- Up-to-date: /home/luis/my_ws/install/my_msgs/lib/python3.12/site-packages/my_msgs/__init__.py
[1.541s] -- Up-to-date: /home/luis/my_ws/install/my_msgs/lib/python3.12/site-packages/my_msgs/_my_msgs_s.ep.rosidl_typesupport_c.c
[1.541s] -- Up-to-date: /home/luis/my_ws/install/my_msgs/lib/python3.12/site-packages/my_msgs/my_msgs_s__rosidl_typesupport_fastrtps_c.so
[1.542s] -- Up-to-date: /home/luis/my_ws/install/my_msgs/lib/python3.12/site-packages/my_msgs/_my_msgs_s.ep.rosidl_typesupport_introspection_c.c
[1.542s] -- Up-to-date: /home/luis/my_ws/install/my_msgs/lib/python3.12/site-packages/my_msgs/msg
[1.542s] -- Up-to-date: /home/luis/my_ws/install/my_msgs/lib/python3.12/site-packages/my_msgs/msg/_camara_mensajes_s.c
[1.542s] -- Up-to-date: /home/luis/my_ws/install/my_msgs/lib/python3.12/site-packages/my_msgs/msg/__init__.py
[1.544s] -- Up-to-date: /home/luis/my_ws/install/my_msgs/lib/python3.12/site-packages/my_msgs/msg/_camara_mensajes.py
[1.544s] -- Up-to-date: /home/luis/my_ws/install/my_msgs/lib/python3.12/site-packages/my_msgs/_my_msgs_s.ep.rosidl_typesupport_fastrtps_c.c
[1.544s] -- Up-to-date: /home/luis/my_ws/install/my_msgs/lib/python3.12/site-packages/my_msgs/my_msgs_s__rosidl_typesupport_introspection_c.so
[1.544s] -- Up-to-date: /home/luis/my_ws/install/my_msgs/lib/python3.12/site-packages/my_msgs/my_msgs_s__rosidl_typesupport_c.so
[1.597s] Listing '/home/luis/my_ws/install/my_msgs/lib/python3.12/site-packages/my_msgs'...
[1.597s] Listing '/home/luis/my_ws/install/my_msgs/lib/python3.12/site-packages/my_msgs/msg'...
[1.606s] -- Up-to-date: /home/luis/my_ws/install/my_msgs/lib/python3.12/site-packages/my_msgs/my_msgs_s__rosidl_typesupport_fastrtps_c.so
[1.607s] -- Up-to-date: /home/luis/my_ws/install/my_msgs/lib/python3.12/site-packages/my_msgs/my_msgs_s__rosidl_typesupport_introspection_c.so
[1.609s] -- Up-to-date: /home/luis/my_ws/install/my_msgs/lib/python3.12/site-packages/my_msgs/my_msgs_s__rosidl_typesupport_c.so
[1.610s] -- Up-to-date: /home/luis/my_ws/install/my_msgs/lib/libmy_msgs__rosidl_generator_py.so
[1.610s] -- Up-to-date: /home/luis/my_ws/install/my_msgs/share/my_msgs/msg/CamaraMensajes.idl
[1.610s] -- Up-to-date: /home/luis/my_ws/install/my_msgs/share/my_msgs/msg/CamaraMensajes.msg
[1.610s] -- Up-to-date: /home/luis/my_ws/install/my_msgs/share/ament_index/resource_index/package_run_dependencies/my_msgs
[1.610s] -- Up-to-date: /home/luis/my_ws/install/my_msgs/share/ament_index/resource_index/parent_prefix_path/my_msgs
[1.610s] -- Up-to-date: /home/luis/my_ws/install/my_msgs/share/my_msgs/environment/ament_prefix_path.sh
[1.611s] -- Up-to-date: /home/luis/my_ws/install/my_msgs/share/my_msgs/environment/ament_prefix_path.dsv
[1.611s] -- Up-to-date: /home/luis/my_ws/install/my_msgs/share/my_msgs/environment/path.sh
[1.611s] -- Up-to-date: /home/luis/my_ws/install/my_msgs/share/my_msgs/environment/path.dsv
[1.611s] -- Up-to-date: /home/luis/my_ws/install/my_msgs/share/my_msgs/local_setup.bash
[1.614s] -- Up-to-date: /home/luis/my_ws/install/my_msgs/share/my_msgs/local_setup.sh
[1.614s] -- Up-to-date: /home/luis/my_ws/install/my_msgs/share/my_msgs/local_setup.zsh
[1.614s] -- Up-to-date: /home/luis/my_ws/install/my_msgs/share/my_msgs/local_setup.dsv
[1.614s] -- Installing: /home/luis/my_ws/install/my_msgs/share/my_msgs/package.dsv
[1.614s] -- Up-to-date: /home/luis/my_ws/install/my_msgs/share/ament_index/resource_index/packages/my_msgs
[1.615s] -- Up-to-date: /home/luis/my_ws/install/my_msgs/share/my_msgs/cmake/export_my_msgs__rosidl_generator_cExport.cmake
[1.615s] -- Up-to-date: /home/luis/my_ws/install/my_msgs/share/my_msgs/cmake/export_my_msgs__rosidl_generator_cExport-noconfig.cmake
[1.615s] -- Up-to-date: /home/luis/my_ws/install/my_msgs/share/my_msgs/cmake/export_my_msgs__rosidl_typesupport_fastrtps_cExport.cmake
[1.615s] -- Up-to-date: /home/luis/my_ws/install/my_msgs/share/my_msgs/cmake/export_my_msgs__rosidl_typesupport_fastrtps_cExport-noconfig.cmake
[1.615s] -- Up-to-date: /home/luis/my_ws/install/my_msgs/share/my_msgs/cmake/export_my_msgs__rosidl_generator_cppExport.cmake
[1.616s] -- Up-to-date: /home/luis/my_ws/install/my_msgs/share/my_msgs/cmake/export_my_msgs__rosidl_typesupport_fastrtps_cppExport.cmake
[1.616s] -- Up-to-date: /home/luis/my_ws/install/my_msgs/share/my_msgs/cmake/export_my_msgs__rosidl_typesupport_fastrtps_cppExport-noconfig.cmake
[1.616s] -- Up-to-date: /home/luis/my_ws/install/my_msgs/share/my_msgs/cmake/my_msgs__rosidl_typesupport_introspection_cExport.cmake
[1.616s] -- Up-to-date: /home/luis/my_ws/install/my_msgs/share/my_msgs/cmake/my_msgs__rosidl_typesupport_introspection_cExport-noconfig.cmake
[1.616s] -- Up-to-date: /home/luis/my_ws/install/my_msgs/share/my_msgs/cmake/my_msgs__rosidl_typesupport_cExport.cmake
[1.617s] -- Up-to-date: /home/luis/my_ws/install/my_msgs/share/my_msgs/cmake/my_msgs__rosidl_typesupport_cExport-noconfig.cmake
[1.617s] -- Up-to-date: /home/luis/my_ws/install/my_msgs/share/my_msgs/cmake/my_msgs__rosidl_typesupport_introspection_cppExport.cmake
[1.617s] -- Up-to-date: /home/luis/my_ws/install/my_msgs/share/my_msgs/cmake/my_msgs__rosidl_typesupport_introspection_cppExport-noconfig.cmake
[1.617s] -- Up-to-date: /home/luis/my_ws/install/my_msgs/share/my_msgs/cmake/my_msgs__rosidl_typesupport_cppExport.cmake
[1.618s] -- Up-to-date: /home/luis/my_ws/install/my_msgs/share/my_msgs/cmake/my_msgs__rosidl_typesupport_cppExport-noconfig.cmake
[1.618s] -- Up-to-date: /home/luis/my_ws/install/my_msgs/share/my_msgs/cmake/export_my_msgs__rosidl_generator_pyExport.cmake
[1.618s] -- Up-to-date: /home/luis/my_ws/install/my_msgs/share/my_msgs/cmake/export_my_msgs__rosidl_generator_pyExport-noconfig.cmake
[1.619s] -- Up-to-date: /home/luis/my_ws/install/my_msgs/share/my_msgs/cmake/rosidl_cmake-extras.cmake
[1.619s] -- Up-to-date: /home/luis/my_ws/install/my_msgs/share/my_msgs/cmake/ament_cmake_export_dependencies-extras.cmake
[1.619s] -- Up-to-date: /home/luis/my_ws/install/my_msgs/share/my_msgs/cmake/ament_cmake_export_include_directories-extras.cmake
[1.620s] -- Up-to-date: /home/luis/my_ws/install/my_msgs/share/my_msgs/cmake/ament_cmake_export_libraries-extras.cmake
[1.620s] -- Up-to-date: /home/luis/my_ws/install/my_msgs/share/my_msgs/cmake/ament_cmake_export_targets-extras.cmake
[1.621s] -- Up-to-date: /home/luis/my_ws/install/my_msgs/share/my_msgs/cmake/rosidl_cmake_export_typesupport_targets-extras.cmake
[1.621s] -- Up-to-date: /home/luis/my_ws/install/my_msgs/share/my_msgs/cmake/rosidl_cmake_export_typesupport_libraries-extras.cmake
[1.621s] -- Up-to-date: /home/luis/my_ws/install/my_msgs/share/my_msgs/cmake/my_msgsConfig.cmake
[1.621s] -- Up-to-date: /home/luis/my_ws/install/my_msgs/share/my_msgs/cmake/my_msgsConfig-version.cmake
[1.621s] -- Up-to-date: /home/luis/my_ws/install/my_msgs/share/my_msgs/package.xml
[1.644s] Invoked command in '/home/luis/my_ws/build/my_msgs' returned '0': CMAKE_PREFIX_PATH=${CMAKE_PREFIX_PATH}:/home/luis/my_ws/install/opencv_tests:/home/luis/my_ws/install/iarocks_py:/opt/ros/jazzy DEBUGINFOD_URLS=https://debuginfod.ubuntu.com /usr/bin/cmake --install /home/luis/my_ws/build/my_msgs
