[0.663s] Invoking command in '/home/luis/my_ws/build/rocket': CMAKE_PREFIX_PATH=${CMAKE_PREFIX_PATH}:/opt/ros/jazzy DEBUGINFOD_URLS=https://debuginfod.ubuntu.com /usr/bin/cmake --build /home/luis/my_ws/build/rocket -- -j12 -l12
[0.813s] [ 75%] Built target subscriberock
[0.814s] [100%] Built target rocks_node
[0.839s] Invoked command in '/home/luis/my_ws/build/rocket' returned '0': CMAKE_PREFIX_PATH=${CMAKE_PREFIX_PATH}:/opt/ros/jazzy DEBUGINFOD_URLS=https://debuginfod.ubuntu.com /usr/bin/cmake --build /home/luis/my_ws/build/rocket -- -j12 -l12
[0.843s] Invoking command in '/home/luis/my_ws/build/rocket': CMAKE_PREFIX_PATH=${CMAKE_PREFIX_PATH}:/opt/ros/jazzy DEBUGINFOD_URLS=https://debuginfod.ubuntu.com /usr/bin/cmake --install /home/luis/my_ws/build/rocket
[0.863s] -- Install configuration: ""
[0.866s] -- Up-to-date: /home/luis/my_ws/install/rocket/lib/rocket/rocks_node
[0.868s] -- Up-to-date: /home/luis/my_ws/install/rocket/lib/rocket/subscriberock
[0.868s] -- Up-to-date: /home/luis/my_ws/install/rocket/share/ament_index/resource_index/package_run_dependencies/rocket
[0.869s] -- Up-to-date: /home/luis/my_ws/install/rocket/share/ament_index/resource_index/parent_prefix_path/rocket
[0.870s] -- Up-to-date: /home/luis/my_ws/install/rocket/share/rocket/environment/ament_prefix_path.sh
[0.870s] -- Up-to-date: /home/luis/my_ws/install/rocket/share/rocket/environment/ament_prefix_path.dsv
[0.871s] -- Up-to-date: /home/luis/my_ws/install/rocket/share/rocket/environment/path.sh
[0.871s] -- Up-to-date: /home/luis/my_ws/install/rocket/share/rocket/environment/path.dsv
[0.871s] -- Up-to-date: /home/luis/my_ws/install/rocket/share/rocket/local_setup.bash
[0.871s] -- Up-to-date: /home/luis/my_ws/install/rocket/share/rocket/local_setup.sh
[0.871s] -- Up-to-date: /home/luis/my_ws/install/rocket/share/rocket/local_setup.zsh
[0.872s] -- Up-to-date: /home/luis/my_ws/install/rocket/share/rocket/local_setup.dsv
[0.872s] -- Installing: /home/luis/my_ws/install/rocket/share/rocket/package.dsv
[0.874s] -- Up-to-date: /home/luis/my_ws/install/rocket/share/ament_index/resource_index/packages/rocket
[0.875s] -- Up-to-date: /home/luis/my_ws/install/rocket/share/rocket/cmake/rocketConfig.cmake
[0.875s] -- Up-to-date: /home/luis/my_ws/install/rocket/share/rocket/cmake/rocketConfig-version.cmake
[0.875s] -- Up-to-date: /home/luis/my_ws/install/rocket/share/rocket/package.xml
[0.880s] Invoked command in '/home/luis/my_ws/build/rocket' returned '0': CMAKE_PREFIX_PATH=${CMAKE_PREFIX_PATH}:/opt/ros/jazzy DEBUGINFOD_URLS=https://debuginfod.ubuntu.com /usr/bin/cmake --install /home/luis/my_ws/build/rocket
