[0.021s] Invoking command in '/home/luis/my_ws/build/multicamera': CMAKE_PREFIX_PATH=/home/luis/my_ws/install/cv_bridge:/home/luis/my_ws/install/vision_opencv:/home/luis/my_ws/install/rocket:/home/luis/my_ws/install/my_msgs:/home/luis/my_ws/install/multicamera:/home/luis/my_ws/install/image_geometry:/home/luis/my_ws/install/camara:/opt/ros/jazzy/opt/gz_math_vendor:/opt/ros/jazzy/opt/gz_utils_vendor:/opt/ros/jazzy/opt/gz_cmake_vendor:/home/luis/my_ws/install/opencv_tests:/home/luis/my_ws/install/iarocks_py:/opt/ros/jazzy DEBUGINFOD_URLS=https://debuginfod.ubuntu.com LD_LIBRARY_PATH=/home/luis/my_ws/install/cv_bridge/lib:/home/luis/my_ws/install/my_msgs/lib:/home/luis/my_ws/install/image_geometry/lib:/opt/ros/jazzy/opt/rviz_ogre_vendor/lib:/opt/ros/jazzy/lib/x86_64-linux-gnu:/opt/ros/jazzy/opt/gz_math_vendor/lib:/opt/ros/jazzy/opt/gz_utils_vendor/lib:/opt/ros/jazzy/opt/gz_cmake_vendor/lib:/opt/ros/jazzy/lib PYTHONPATH=/home/luis/my_ws/install/cv_bridge/lib/python3.12/site-packages:/home/luis/my_ws/install/opencv_tests/lib/python3.12/site-packages:/home/luis/my_ws/install/my_msgs/lib/python3.12/site-packages:/home/luis/my_ws/install/image_geometry/lib/python3.12/site-packages:/home/luis/my_ws/install/iarocks_py/lib/python3.12/site-packages:/opt/ros/jazzy/lib/python3.12/site-packages /usr/bin/cmake --build /home/luis/my_ws/build/multicamera -- -j12 -l12
[0.302s] [ 75%] Built target camera_subscriber
[0.302s] [ 75%] [32mBuilding CXX object CMakeFiles/camera_publisher.dir/src/camera_publisher.cpp.o[0m
[7.332s] [100%] [32m[1mLinking CXX executable camera_publisher[0m
[7.773s] [100%] Built target camera_publisher
[7.794s] Invoked command in '/home/luis/my_ws/build/multicamera' returned '0': CMAKE_PREFIX_PATH=/home/luis/my_ws/install/cv_bridge:/home/luis/my_ws/install/vision_opencv:/home/luis/my_ws/install/rocket:/home/luis/my_ws/install/my_msgs:/home/luis/my_ws/install/multicamera:/home/luis/my_ws/install/image_geometry:/home/luis/my_ws/install/camara:/opt/ros/jazzy/opt/gz_math_vendor:/opt/ros/jazzy/opt/gz_utils_vendor:/opt/ros/jazzy/opt/gz_cmake_vendor:/home/luis/my_ws/install/opencv_tests:/home/luis/my_ws/install/iarocks_py:/opt/ros/jazzy DEBUGINFOD_URLS=https://debuginfod.ubuntu.com LD_LIBRARY_PATH=/home/luis/my_ws/install/cv_bridge/lib:/home/luis/my_ws/install/my_msgs/lib:/home/luis/my_ws/install/image_geometry/lib:/opt/ros/jazzy/opt/rviz_ogre_vendor/lib:/opt/ros/jazzy/lib/x86_64-linux-gnu:/opt/ros/jazzy/opt/gz_math_vendor/lib:/opt/ros/jazzy/opt/gz_utils_vendor/lib:/opt/ros/jazzy/opt/gz_cmake_vendor/lib:/opt/ros/jazzy/lib PYTHONPATH=/home/luis/my_ws/install/cv_bridge/lib/python3.12/site-packages:/home/luis/my_ws/install/opencv_tests/lib/python3.12/site-packages:/home/luis/my_ws/install/my_msgs/lib/python3.12/site-packages:/home/luis/my_ws/install/image_geometry/lib/python3.12/site-packages:/home/luis/my_ws/install/iarocks_py/lib/python3.12/site-packages:/opt/ros/jazzy/lib/python3.12/site-packages /usr/bin/cmake --build /home/luis/my_ws/build/multicamera -- -j12 -l12
[7.797s] Invoking command in '/home/luis/my_ws/build/multicamera': CMAKE_PREFIX_PATH=/home/luis/my_ws/install/cv_bridge:/home/luis/my_ws/install/vision_opencv:/home/luis/my_ws/install/rocket:/home/luis/my_ws/install/my_msgs:/home/luis/my_ws/install/multicamera:/home/luis/my_ws/install/image_geometry:/home/luis/my_ws/install/camara:/opt/ros/jazzy/opt/gz_math_vendor:/opt/ros/jazzy/opt/gz_utils_vendor:/opt/ros/jazzy/opt/gz_cmake_vendor:/home/luis/my_ws/install/opencv_tests:/home/luis/my_ws/install/iarocks_py:/opt/ros/jazzy DEBUGINFOD_URLS=https://debuginfod.ubuntu.com LD_LIBRARY_PATH=/home/luis/my_ws/install/cv_bridge/lib:/home/luis/my_ws/install/my_msgs/lib:/home/luis/my_ws/install/image_geometry/lib:/opt/ros/jazzy/opt/rviz_ogre_vendor/lib:/opt/ros/jazzy/lib/x86_64-linux-gnu:/opt/ros/jazzy/opt/gz_math_vendor/lib:/opt/ros/jazzy/opt/gz_utils_vendor/lib:/opt/ros/jazzy/opt/gz_cmake_vendor/lib:/opt/ros/jazzy/lib PYTHONPATH=/home/luis/my_ws/install/cv_bridge/lib/python3.12/site-packages:/home/luis/my_ws/install/opencv_tests/lib/python3.12/site-packages:/home/luis/my_ws/install/my_msgs/lib/python3.12/site-packages:/home/luis/my_ws/install/image_geometry/lib/python3.12/site-packages:/home/luis/my_ws/install/iarocks_py/lib/python3.12/site-packages:/opt/ros/jazzy/lib/python3.12/site-packages /usr/bin/cmake --install /home/luis/my_ws/build/multicamera
[7.813s] -- Install configuration: ""
[7.814s] -- Installing: /home/luis/my_ws/install/multicamera/lib/multicamera/camera_publisher
[7.818s] -- Set non-toolchain portion of runtime path of "/home/luis/my_ws/install/multicamera/lib/multicamera/camera_publisher" to ""
[7.819s] -- Up-to-date: /home/luis/my_ws/install/multicamera/lib/multicamera/camera_subscriber
[7.819s] -- Up-to-date: /home/luis/my_ws/install/multicamera/share/ament_index/resource_index/package_run_dependencies/multicamera
[7.819s] -- Up-to-date: /home/luis/my_ws/install/multicamera/share/ament_index/resource_index/parent_prefix_path/multicamera
[7.819s] -- Up-to-date: /home/luis/my_ws/install/multicamera/share/multicamera/environment/ament_prefix_path.sh
[7.820s] -- Up-to-date: /home/luis/my_ws/install/multicamera/share/multicamera/environment/ament_prefix_path.dsv
[7.820s] -- Up-to-date: /home/luis/my_ws/install/multicamera/share/multicamera/environment/path.sh
[7.820s] -- Up-to-date: /home/luis/my_ws/install/multicamera/share/multicamera/environment/path.dsv
[7.820s] -- Up-to-date: /home/luis/my_ws/install/multicamera/share/multicamera/local_setup.bash
[7.820s] -- Up-to-date: /home/luis/my_ws/install/multicamera/share/multicamera/local_setup.sh
[7.820s] -- Up-to-date: /home/luis/my_ws/install/multicamera/share/multicamera/local_setup.zsh
[7.821s] -- Up-to-date: /home/luis/my_ws/install/multicamera/share/multicamera/local_setup.dsv
[7.821s] -- Installing: /home/luis/my_ws/install/multicamera/share/multicamera/package.dsv
[7.821s] -- Up-to-date: /home/luis/my_ws/install/multicamera/share/ament_index/resource_index/packages/multicamera
[7.821s] -- Up-to-date: /home/luis/my_ws/install/multicamera/share/multicamera/cmake/multicameraConfig.cmake
[7.821s] -- Up-to-date: /home/luis/my_ws/install/multicamera/share/multicamera/cmake/multicameraConfig-version.cmake
[7.822s] -- Up-to-date: /home/luis/my_ws/install/multicamera/share/multicamera/package.xml
[7.827s] Invoked command in '/home/luis/my_ws/build/multicamera' returned '0': CMAKE_PREFIX_PATH=/home/luis/my_ws/install/cv_bridge:/home/luis/my_ws/install/vision_opencv:/home/luis/my_ws/install/rocket:/home/luis/my_ws/install/my_msgs:/home/luis/my_ws/install/multicamera:/home/luis/my_ws/install/image_geometry:/home/luis/my_ws/install/camara:/opt/ros/jazzy/opt/gz_math_vendor:/opt/ros/jazzy/opt/gz_utils_vendor:/opt/ros/jazzy/opt/gz_cmake_vendor:/home/luis/my_ws/install/opencv_tests:/home/luis/my_ws/install/iarocks_py:/opt/ros/jazzy DEBUGINFOD_URLS=https://debuginfod.ubuntu.com LD_LIBRARY_PATH=/home/luis/my_ws/install/cv_bridge/lib:/home/luis/my_ws/install/my_msgs/lib:/home/luis/my_ws/install/image_geometry/lib:/opt/ros/jazzy/opt/rviz_ogre_vendor/lib:/opt/ros/jazzy/lib/x86_64-linux-gnu:/opt/ros/jazzy/opt/gz_math_vendor/lib:/opt/ros/jazzy/opt/gz_utils_vendor/lib:/opt/ros/jazzy/opt/gz_cmake_vendor/lib:/opt/ros/jazzy/lib PYTHONPATH=/home/luis/my_ws/install/cv_bridge/lib/python3.12/site-packages:/home/luis/my_ws/install/opencv_tests/lib/python3.12/site-packages:/home/luis/my_ws/install/my_msgs/lib/python3.12/site-packages:/home/luis/my_ws/install/image_geometry/lib/python3.12/site-packages:/home/luis/my_ws/install/iarocks_py/lib/python3.12/site-packages:/opt/ros/jazzy/lib/python3.12/site-packages /usr/bin/cmake --install /home/luis/my_ws/build/multicamera
