[2.225s] Invoking command in '/home/luis/my_ws/src/iarocks_py': DEBUGINFOD_URLS=https://debuginfod.ubuntu.com PYTHONPATH=/home/luis/my_ws/build/iarocks_py/prefix_override:/usr/lib/python3/dist-packages/colcon_core/task/python/colcon_distutils_commands:/home/luis/my_ws/install/iarocks_py/lib/python3.12/site-packages:${PYTHONPATH} /usr/bin/python3 -W ignore:setup.py install is deprecated -W ignore:easy_install command is deprecated setup.py egg_info --egg-base ../../build/iarocks_py build --build-base /home/luis/my_ws/build/iarocks_py/build install --record /home/luis/my_ws/build/iarocks_py/install.log --single-version-externally-managed install_data
[2.741s] running egg_info
[2.780s] writing ../../build/iarocks_py/iarocks_py.egg-info/PKG-INFO
[2.780s] writing dependency_links to ../../build/iarocks_py/iarocks_py.egg-info/dependency_links.txt
[2.781s] writing entry points to ../../build/iarocks_py/iarocks_py.egg-info/entry_points.txt
[2.781s] writing requirements to ../../build/iarocks_py/iarocks_py.egg-info/requires.txt
[2.782s] writing top-level names to ../../build/iarocks_py/iarocks_py.egg-info/top_level.txt
[2.865s] reading manifest file '../../build/iarocks_py/iarocks_py.egg-info/SOURCES.txt'
[2.867s] writing manifest file '../../build/iarocks_py/iarocks_py.egg-info/SOURCES.txt'
[2.868s] running build
[2.868s] running build_py
[2.869s] running install
[2.879s] running install_lib
[2.922s] running install_data
[2.922s] running install_egg_info
[2.963s] removing '/home/luis/my_ws/install/iarocks_py/lib/python3.12/site-packages/iarocks_py-0.0.0-py3.12.egg-info' (and everything under it)
[2.964s] Copying ../../build/iarocks_py/iarocks_py.egg-info to /home/luis/my_ws/install/iarocks_py/lib/python3.12/site-packages/iarocks_py-0.0.0-py3.12.egg-info
[2.967s] running install_scripts
[3.237s] Installing detection_node script to /home/luis/my_ws/install/iarocks_py/lib/iarocks_py
[3.238s] writing list of installed files to '/home/luis/my_ws/build/iarocks_py/install.log'
[3.286s] Invoked command in '/home/luis/my_ws/src/iarocks_py' returned '0': DEBUGINFOD_URLS=https://debuginfod.ubuntu.com PYTHONPATH=/home/luis/my_ws/build/iarocks_py/prefix_override:/usr/lib/python3/dist-packages/colcon_core/task/python/colcon_distutils_commands:/home/luis/my_ws/install/iarocks_py/lib/python3.12/site-packages:${PYTHONPATH} /usr/bin/python3 -W ignore:setup.py install is deprecated -W ignore:easy_install command is deprecated setup.py egg_info --egg-base ../../build/iarocks_py build --build-base /home/luis/my_ws/build/iarocks_py/build install --record /home/luis/my_ws/build/iarocks_py/install.log --single-version-externally-managed install_data
