-- The C compiler identification is GNU 13.3.0
-- The CXX compiler identification is GNU 13.3.0
-- Detecting C compiler ABI info
-- Detecting C compiler ABI info - done
-- Check for working C compiler: /usr/bin/cc - skipped
-- Detecting C compile features
-- Detecting C compile features - done
-- Detecting CXX compiler ABI info
-- Detecting CXX compiler ABI info - done
-- Check for working CXX compiler: /usr/bin/c++ - skipped
-- Detecting CXX compile features
-- Detecting CXX compile features - done
-- Found ament_cmake: 2.5.4 (/opt/ros/jazzy/share/ament_cmake/cmake)
-- Found Python3: /usr/bin/python3 (found version "3.12.3") found components: Interpreter 
-- Found rclcpp: 28.1.12 (/opt/ros/jazzy/share/rclcpp/cmake)
-- Found rosidl_generator_c: 4.6.6 (/opt/ros/jazzy/share/rosidl_generator_c/cmake)
-- Found rosidl_generator_cpp: 4.6.6 (/opt/ros/jazzy/share/rosidl_generator_cpp/cmake)
-- Using all available rosidl_typesupport_c: rosidl_typesupport_fastrtps_c;rosidl_typesupport_introspection_c
-- Using all available rosidl_typesupport_cpp: rosidl_typesupport_fastrtps_cpp;rosidl_typesupport_introspection_cpp
-- Found rmw_implementation_cmake: 7.3.2 (/opt/ros/jazzy/share/rmw_implementation_cmake/cmake)
-- Found rmw_fastrtps_cpp: 8.4.3 (/opt/ros/jazzy/share/rmw_fastrtps_cpp/cmake)
-- Found OpenSSL: /usr/lib/x86_64-linux-gnu/libcrypto.so (found version "3.0.13")  
-- Found FastRTPS: /opt/ros/jazzy/include (Required is at least version "2.13") 
-- Using RMW implementation 'rmw_fastrtps_cpp' as default
-- Found std_msgs: 5.3.6 (/opt/ros/jazzy/share/std_msgs/cmake)
-- Found sensor_msgs: 5.3.6 (/opt/ros/jazzy/share/sensor_msgs/cmake)
-- Found image_transport: 5.1.7 (/opt/ros/jazzy/share/image_transport/cmake)
-- Found OpenCV: /usr (found version "4.6.0") 
-- Configuring done (1.6s)
-- Generating done (0.0s)
-- Build files have been written to: /home/luis/my_ws/src/build/rocket
[ 50%] [32mBuilding CXX object CMakeFiles/rocks_node.dir/src/rocks_node.cpp.o[0m
[ 50%] [32mBuilding CXX object CMakeFiles/subscriberock.dir/src/subscriberock.cpp.o[0m
[ 75%] [32m[1mLinking CXX executable rocks_node[0m
[ 75%] Built target rocks_node
[100%] [32m[1mLinking CXX executable subscriberock[0m
[100%] Built target subscriberock
-- Install configuration: ""
-- Installing: /home/luis/my_ws/src/install/rocket/lib/rocket/rocks_node
-- Set non-toolchain portion of runtime path of "/home/luis/my_ws/src/install/rocket/lib/rocket/rocks_node" to ""
-- Installing: /home/luis/my_ws/src/install/rocket/lib/rocket/subscriberock
-- Set non-toolchain portion of runtime path of "/home/luis/my_ws/src/install/rocket/lib/rocket/subscriberock" to ""
-- Installing: /home/luis/my_ws/src/install/rocket/share/ament_index/resource_index/package_run_dependencies/rocket
-- Installing: /home/luis/my_ws/src/install/rocket/share/ament_index/resource_index/parent_prefix_path/rocket
-- Installing: /home/luis/my_ws/src/install/rocket/share/rocket/environment/ament_prefix_path.sh
-- Installing: /home/luis/my_ws/src/install/rocket/share/rocket/environment/ament_prefix_path.dsv
-- Installing: /home/luis/my_ws/src/install/rocket/share/rocket/environment/path.sh
-- Installing: /home/luis/my_ws/src/install/rocket/share/rocket/environment/path.dsv
-- Installing: /home/luis/my_ws/src/install/rocket/share/rocket/local_setup.bash
-- Installing: /home/luis/my_ws/src/install/rocket/share/rocket/local_setup.sh
-- Installing: /home/luis/my_ws/src/install/rocket/share/rocket/local_setup.zsh
-- Installing: /home/luis/my_ws/src/install/rocket/share/rocket/local_setup.dsv
-- Installing: /home/luis/my_ws/src/install/rocket/share/rocket/package.dsv
-- Installing: /home/luis/my_ws/src/install/rocket/share/ament_index/resource_index/packages/rocket
-- Installing: /home/luis/my_ws/src/install/rocket/share/rocket/cmake/rocketConfig.cmake
-- Installing: /home/luis/my_ws/src/install/rocket/share/rocket/cmake/rocketConfig-version.cmake
-- Installing: /home/luis/my_ws/src/install/rocket/share/rocket/package.xml
