[0.288s] Invoking command in '/home/luis/my_ws/src/build/rocket': CMAKE_PREFIX_PATH=${CMAKE_PREFIX_PATH}:/opt/ros/jazzy DEBUGINFOD_URLS=https://debuginfod.ubuntu.com /usr/bin/cmake /home/luis/my_ws/src/rocket -DCMAKE_INSTALL_PREFIX=/home/luis/my_ws/src/install/rocket
[0.375s] -- The C compiler identification is GNU 13.3.0
[0.470s] -- The CXX compiler identification is GNU 13.3.0
[0.493s] -- Detecting C compiler ABI info
[0.611s] -- Detecting C compiler ABI info - done
[0.624s] -- Check for working C compiler: /usr/bin/cc - skipped
[0.624s] -- Detecting C compile features
[0.627s] -- Detecting C compile features - done
[0.639s] -- Detecting CXX compiler ABI info
[0.793s] -- Detecting CXX compiler ABI info - done
[0.808s] -- Check for working CXX compiler: /usr/bin/c++ - skipped
[0.808s] -- Detecting CXX compile features
[0.809s] -- Detecting CXX compile features - done
[0.812s] -- Found ament_cmake: 2.5.4 (/opt/ros/jazzy/share/ament_cmake/cmake)
[1.013s] -- Found Python3: /usr/bin/python3 (found version "3.12.3") found components: Interpreter 
[1.144s] -- Found rclcpp: 28.1.12 (/opt/ros/jazzy/share/rclcpp/cmake)
[1.186s] -- Found rosidl_generator_c: 4.6.6 (/opt/ros/jazzy/share/rosidl_generator_c/cmake)
[1.204s] -- Found rosidl_generator_cpp: 4.6.6 (/opt/ros/jazzy/share/rosidl_generator_cpp/cmake)
[1.223s] -- Using all available rosidl_typesupport_c: rosidl_typesupport_fastrtps_c;rosidl_typesupport_introspection_c
[1.242s] -- Using all available rosidl_typesupport_cpp: rosidl_typesupport_fastrtps_cpp;rosidl_typesupport_introspection_cpp
[1.331s] -- Found rmw_implementation_cmake: 7.3.2 (/opt/ros/jazzy/share/rmw_implementation_cmake/cmake)
[1.333s] -- Found rmw_fastrtps_cpp: 8.4.3 (/opt/ros/jazzy/share/rmw_fastrtps_cpp/cmake)
[1.449s] -- Found OpenSSL: /usr/lib/x86_64-linux-gnu/libcrypto.so (found version "3.0.13")  
[1.490s] -- Found FastRTPS: /opt/ros/jazzy/include (Required is at least version "2.13") 
[1.521s] -- Using RMW implementation 'rmw_fastrtps_cpp' as default
[1.624s] -- Found std_msgs: 5.3.6 (/opt/ros/jazzy/share/std_msgs/cmake)
[1.650s] -- Found sensor_msgs: 5.3.6 (/opt/ros/jazzy/share/sensor_msgs/cmake)
[1.725s] -- Found image_transport: 5.1.7 (/opt/ros/jazzy/share/image_transport/cmake)
[1.775s] -- Found OpenCV: /usr (found version "4.6.0") 
[1.937s] -- Configuring done (1.6s)
[1.975s] -- Generating done (0.0s)
[1.984s] -- Build files have been written to: /home/luis/my_ws/src/build/rocket
[2.021s] Invoked command in '/home/luis/my_ws/src/build/rocket' returned '0': CMAKE_PREFIX_PATH=${CMAKE_PREFIX_PATH}:/opt/ros/jazzy DEBUGINFOD_URLS=https://debuginfod.ubuntu.com /usr/bin/cmake /home/luis/my_ws/src/rocket -DCMAKE_INSTALL_PREFIX=/home/luis/my_ws/src/install/rocket
[2.023s] Invoking command in '/home/luis/my_ws/src/build/rocket': CMAKE_PREFIX_PATH=${CMAKE_PREFIX_PATH}:/opt/ros/jazzy DEBUGINFOD_URLS=https://debuginfod.ubuntu.com /usr/bin/cmake --build /home/luis/my_ws/src/build/rocket -- -j12 -l12
[2.106s] [ 50%] [32mBuilding CXX object CMakeFiles/rocks_node.dir/src/rocks_node.cpp.o[0m
[2.106s] [ 50%] [32mBuilding CXX object CMakeFiles/subscriberock.dir/src/subscriberock.cpp.o[0m
[15.911s] [ 75%] [32m[1mLinking CXX executable rocks_node[0m
[16.937s] [ 75%] Built target rocks_node
[21.373s] [100%] [32m[1mLinking CXX executable subscriberock[0m
[22.771s] [100%] Built target subscriberock
[22.787s] Invoked command in '/home/luis/my_ws/src/build/rocket' returned '0': CMAKE_PREFIX_PATH=${CMAKE_PREFIX_PATH}:/opt/ros/jazzy DEBUGINFOD_URLS=https://debuginfod.ubuntu.com /usr/bin/cmake --build /home/luis/my_ws/src/build/rocket -- -j12 -l12
[22.788s] Invoking command in '/home/luis/my_ws/src/build/rocket': CMAKE_PREFIX_PATH=${CMAKE_PREFIX_PATH}:/opt/ros/jazzy DEBUGINFOD_URLS=https://debuginfod.ubuntu.com /usr/bin/cmake --install /home/luis/my_ws/src/build/rocket
[22.797s] -- Install configuration: ""
[22.797s] -- Installing: /home/luis/my_ws/src/install/rocket/lib/rocket/rocks_node
[22.799s] -- Set non-toolchain portion of runtime path of "/home/luis/my_ws/src/install/rocket/lib/rocket/rocks_node" to ""
[22.799s] -- Installing: /home/luis/my_ws/src/install/rocket/lib/rocket/subscriberock
[22.805s] -- Set non-toolchain portion of runtime path of "/home/luis/my_ws/src/install/rocket/lib/rocket/subscriberock" to ""
[22.805s] -- Installing: /home/luis/my_ws/src/install/rocket/share/ament_index/resource_index/package_run_dependencies/rocket
[22.805s] -- Installing: /home/luis/my_ws/src/install/rocket/share/ament_index/resource_index/parent_prefix_path/rocket
[22.805s] -- Installing: /home/luis/my_ws/src/install/rocket/share/rocket/environment/ament_prefix_path.sh
[22.806s] -- Installing: /home/luis/my_ws/src/install/rocket/share/rocket/environment/ament_prefix_path.dsv
[22.806s] -- Installing: /home/luis/my_ws/src/install/rocket/share/rocket/environment/path.sh
[22.806s] -- Installing: /home/luis/my_ws/src/install/rocket/share/rocket/environment/path.dsv
[22.806s] -- Installing: /home/luis/my_ws/src/install/rocket/share/rocket/local_setup.bash
[22.806s] -- Installing: /home/luis/my_ws/src/install/rocket/share/rocket/local_setup.sh
[22.806s] -- Installing: /home/luis/my_ws/src/install/rocket/share/rocket/local_setup.zsh
[22.807s] -- Installing: /home/luis/my_ws/src/install/rocket/share/rocket/local_setup.dsv
[22.807s] -- Installing: /home/luis/my_ws/src/install/rocket/share/rocket/package.dsv
[22.807s] -- Installing: /home/luis/my_ws/src/install/rocket/share/ament_index/resource_index/packages/rocket
[22.807s] -- Installing: /home/luis/my_ws/src/install/rocket/share/rocket/cmake/rocketConfig.cmake
[22.807s] -- Installing: /home/luis/my_ws/src/install/rocket/share/rocket/cmake/rocketConfig-version.cmake
[22.807s] -- Installing: /home/luis/my_ws/src/install/rocket/share/rocket/package.xml
[22.811s] Invoked command in '/home/luis/my_ws/src/build/rocket' returned '0': CMAKE_PREFIX_PATH=${CMAKE_PREFIX_PATH}:/opt/ros/jazzy DEBUGINFOD_URLS=https://debuginfod.ubuntu.com /usr/bin/cmake --install /home/luis/my_ws/src/build/rocket
