[0.061s] Invoking command in '/home/luis/my_ws/build/camara': CMAKE_PREFIX_PATH=${CMAKE_PREFIX_PATH}:/home/luis/my_ws/install/opencv_tests:/home/luis/my_ws/install/iarocks_py:/opt/ros/jazzy DEBUGINFOD_URLS=https://debuginfod.ubuntu.com /usr/bin/cmake --build /home/luis/my_ws/build/camara -- -j12 -l12
[0.651s] [ 75%] Built target camara_node
[0.652s] [100%] Built target subscriber
[0.655s] Invoked command in '/home/luis/my_ws/build/camara' returned '0': CMAKE_PREFIX_PATH=${CMAKE_PREFIX_PATH}:/home/luis/my_ws/install/opencv_tests:/home/luis/my_ws/install/iarocks_py:/opt/ros/jazzy DEBUGINFOD_URLS=https://debuginfod.ubuntu.com /usr/bin/cmake --build /home/luis/my_ws/build/camara -- -j12 -l12
[0.690s] Invoking command in '/home/luis/my_ws/build/camara': CMAKE_PREFIX_PATH=${CMAKE_PREFIX_PATH}:/home/luis/my_ws/install/opencv_tests:/home/luis/my_ws/install/iarocks_py:/opt/ros/jazzy DEBUGINFOD_URLS=https://debuginfod.ubuntu.com /usr/bin/cmake --install /home/luis/my_ws/build/camara
[0.712s] -- Install configuration: ""
[0.713s] -- Up-to-date: /home/luis/my_ws/install/camara/lib/camara/camara_node
[0.715s] -- Up-to-date: /home/luis/my_ws/install/camara/lib/camara/subscriber
[0.716s] -- Up-to-date: /home/luis/my_ws/install/camara/share/ament_index/resource_index/package_run_dependencies/camara
[0.716s] -- Up-to-date: /home/luis/my_ws/install/camara/share/ament_index/resource_index/parent_prefix_path/camara
[0.716s] -- Up-to-date: /home/luis/my_ws/install/camara/share/camara/environment/ament_prefix_path.sh
[0.716s] -- Up-to-date: /home/luis/my_ws/install/camara/share/camara/environment/ament_prefix_path.dsv
[0.717s] -- Up-to-date: /home/luis/my_ws/install/camara/share/camara/environment/path.sh
[0.717s] -- Up-to-date: /home/luis/my_ws/install/camara/share/camara/environment/path.dsv
[0.717s] -- Up-to-date: /home/luis/my_ws/install/camara/share/camara/local_setup.bash
[0.718s] -- Up-to-date: /home/luis/my_ws/install/camara/share/camara/local_setup.sh
[0.718s] -- Up-to-date: /home/luis/my_ws/install/camara/share/camara/local_setup.zsh
[0.718s] -- Up-to-date: /home/luis/my_ws/install/camara/share/camara/local_setup.dsv
[0.719s] -- Installing: /home/luis/my_ws/install/camara/share/camara/package.dsv
[0.719s] -- Up-to-date: /home/luis/my_ws/install/camara/share/ament_index/resource_index/packages/camara
[0.719s] -- Up-to-date: /home/luis/my_ws/install/camara/share/camara/cmake/camaraConfig.cmake
[0.719s] -- Up-to-date: /home/luis/my_ws/install/camara/share/camara/cmake/camaraConfig-version.cmake
[0.720s] -- Up-to-date: /home/luis/my_ws/install/camara/share/camara/package.xml
[0.723s] Invoked command in '/home/luis/my_ws/build/camara' returned '0': CMAKE_PREFIX_PATH=${CMAKE_PREFIX_PATH}:/home/luis/my_ws/install/opencv_tests:/home/luis/my_ws/install/iarocks_py:/opt/ros/jazzy DEBUGINFOD_URLS=https://debuginfod.ubuntu.com /usr/bin/cmake --install /home/luis/my_ws/build/camara
