[0.446s] Invoking command in '/home/luis/my_ws/build/rocket': CMAKE_PREFIX_PATH=${CMAKE_PREFIX_PATH}:/opt/ros/jazzy DEBUGINFOD_URLS=https://debuginfod.ubuntu.com /usr/bin/cmake /home/luis/my_ws/src/rocket -DCMAKE_INSTALL_PREFIX=/home/luis/my_ws/install/rocket
[0.544s] -- The C compiler identification is GNU 13.3.0
[0.644s] -- The CXX compiler identification is GNU 13.3.0
[0.676s] -- Detecting C compiler ABI info
[0.840s] -- Detecting C compiler ABI info - done
[0.863s] -- Check for working C compiler: /usr/bin/cc - skipped
[0.864s] -- Detecting C compile features
[0.865s] -- Detecting C compile features - done
[0.884s] -- Detecting CXX compiler ABI info
[1.063s] -- Detecting CXX compiler ABI info - done
[1.078s] -- Check for working CXX compiler: /usr/bin/c++ - skipped
[1.079s] -- Detecting CXX compile features
[1.079s] -- Detecting CXX compile features - done
[1.084s] -- Found ament_cmake: 2.5.4 (/opt/ros/jazzy/share/ament_cmake/cmake)
[1.349s] -- Found Python3: /usr/bin/python3 (found version "3.12.3") found components: Interpreter 
[1.540s] -- Found rclcpp: 28.1.12 (/opt/ros/jazzy/share/rclcpp/cmake)
[1.608s] -- Found rosidl_generator_c: 4.6.6 (/opt/ros/jazzy/share/rosidl_generator_c/cmake)
[1.631s] -- Found rosidl_generator_cpp: 4.6.6 (/opt/ros/jazzy/share/rosidl_generator_cpp/cmake)
[1.659s] -- Using all available rosidl_typesupport_c: rosidl_typesupport_fastrtps_c;rosidl_typesupport_introspection_c
[1.690s] -- Using all available rosidl_typesupport_cpp: rosidl_typesupport_fastrtps_cpp;rosidl_typesupport_introspection_cpp
[1.821s] -- Found rmw_implementation_cmake: 7.3.2 (/opt/ros/jazzy/share/rmw_implementation_cmake/cmake)
[1.825s] -- Found rmw_fastrtps_cpp: 8.4.3 (/opt/ros/jazzy/share/rmw_fastrtps_cpp/cmake)
[1.970s] -- Found OpenSSL: /usr/lib/x86_64-linux-gnu/libcrypto.so (found version "3.0.13")  
[2.011s] -- Found FastRTPS: /opt/ros/jazzy/include (Required is at least version "2.13") 
[2.054s] -- Using RMW implementation 'rmw_fastrtps_cpp' as default
[2.181s] -- Found std_msgs: 5.3.6 (/opt/ros/jazzy/share/std_msgs/cmake)
[2.206s] -- Found sensor_msgs: 5.3.6 (/opt/ros/jazzy/share/sensor_msgs/cmake)
[2.278s] -- Found image_transport: 5.1.7 (/opt/ros/jazzy/share/image_transport/cmake)
[2.335s] -- Found OpenCV: /usr (found version "4.6.0") 
[2.510s] -- Configuring done (2.0s)
[2.556s] -- Generating done (0.0s)
[2.569s] -- Build files have been written to: /home/luis/my_ws/build/rocket
[2.594s] Invoked command in '/home/luis/my_ws/build/rocket' returned '0': CMAKE_PREFIX_PATH=${CMAKE_PREFIX_PATH}:/opt/ros/jazzy DEBUGINFOD_URLS=https://debuginfod.ubuntu.com /usr/bin/cmake /home/luis/my_ws/src/rocket -DCMAKE_INSTALL_PREFIX=/home/luis/my_ws/install/rocket
[2.596s] Invoking command in '/home/luis/my_ws/build/rocket': CMAKE_PREFIX_PATH=${CMAKE_PREFIX_PATH}:/opt/ros/jazzy DEBUGINFOD_URLS=https://debuginfod.ubuntu.com /usr/bin/cmake --build /home/luis/my_ws/build/rocket -- -j12 -l12
[2.685s] [ 50%] [32mBuilding CXX object CMakeFiles/rocks_node.dir/src/rocks_node.cpp.o[0m
[2.685s] [ 50%] [32mBuilding CXX object CMakeFiles/subscriberock.dir/src/subscriberock.cpp.o[0m
[15.026s] [ 75%] [32m[1mLinking CXX executable rocks_node[0m
[16.329s] [ 75%] Built target rocks_node
[19.256s] [100%] [32m[1mLinking CXX executable subscriberock[0m
[20.809s] [100%] Built target subscriberock
[20.838s] Invoked command in '/home/luis/my_ws/build/rocket' returned '0': CMAKE_PREFIX_PATH=${CMAKE_PREFIX_PATH}:/opt/ros/jazzy DEBUGINFOD_URLS=https://debuginfod.ubuntu.com /usr/bin/cmake --build /home/luis/my_ws/build/rocket -- -j12 -l12
[20.840s] Invoking command in '/home/luis/my_ws/build/rocket': CMAKE_PREFIX_PATH=${CMAKE_PREFIX_PATH}:/opt/ros/jazzy DEBUGINFOD_URLS=https://debuginfod.ubuntu.com /usr/bin/cmake --install /home/luis/my_ws/build/rocket
[20.848s] -- Install configuration: ""
[20.848s] -- Installing: /home/luis/my_ws/install/rocket/lib/rocket/rocks_node
[20.851s] -- Set non-toolchain portion of runtime path of "/home/luis/my_ws/install/rocket/lib/rocket/rocks_node" to ""
[20.851s] -- Installing: /home/luis/my_ws/install/rocket/lib/rocket/subscriberock
[20.857s] -- Set non-toolchain portion of runtime path of "/home/luis/my_ws/install/rocket/lib/rocket/subscriberock" to ""
[20.857s] -- Installing: /home/luis/my_ws/install/rocket/share/ament_index/resource_index/package_run_dependencies/rocket
[20.857s] -- Installing: /home/luis/my_ws/install/rocket/share/ament_index/resource_index/parent_prefix_path/rocket
[20.857s] -- Installing: /home/luis/my_ws/install/rocket/share/rocket/environment/ament_prefix_path.sh
[20.857s] -- Installing: /home/luis/my_ws/install/rocket/share/rocket/environment/ament_prefix_path.dsv
[20.858s] -- Installing: /home/luis/my_ws/install/rocket/share/rocket/environment/path.sh
[20.858s] -- Installing: /home/luis/my_ws/install/rocket/share/rocket/environment/path.dsv
[20.858s] -- Installing: /home/luis/my_ws/install/rocket/share/rocket/local_setup.bash
[20.858s] -- Installing: /home/luis/my_ws/install/rocket/share/rocket/local_setup.sh
[20.858s] -- Installing: /home/luis/my_ws/install/rocket/share/rocket/local_setup.zsh
[20.859s] -- Installing: /home/luis/my_ws/install/rocket/share/rocket/local_setup.dsv
[20.859s] -- Installing: /home/luis/my_ws/install/rocket/share/rocket/package.dsv
[20.859s] -- Installing: /home/luis/my_ws/install/rocket/share/ament_index/resource_index/packages/rocket
[20.859s] -- Installing: /home/luis/my_ws/install/rocket/share/rocket/cmake/rocketConfig.cmake
[20.860s] -- Installing: /home/luis/my_ws/install/rocket/share/rocket/cmake/rocketConfig-version.cmake
[20.860s] -- Installing: /home/luis/my_ws/install/rocket/share/rocket/package.xml
[20.863s] Invoked command in '/home/luis/my_ws/build/rocket' returned '0': CMAKE_PREFIX_PATH=${CMAKE_PREFIX_PATH}:/opt/ros/jazzy DEBUGINFOD_URLS=https://debuginfod.ubuntu.com /usr/bin/cmake --install /home/luis/my_ws/build/rocket
