[100%] Built target camera_publisher
[100%] Built target camera_subscriber
-- Install configuration: ""
-- Up-to-date: /home/luis/my_ws/install/multicamera/lib/multicamera/camera_publisher
-- Up-to-date: /home/luis/my_ws/install/multicamera/lib/multicamera/camera_subscriber
-- Up-to-date: /home/luis/my_ws/install/multicamera/share/ament_index/resource_index/package_run_dependencies/multicamera
-- Up-to-date: /home/luis/my_ws/install/multicamera/share/ament_index/resource_index/parent_prefix_path/multicamera
-- Up-to-date: /home/luis/my_ws/install/multicamera/share/multicamera/environment/ament_prefix_path.sh
-- Up-to-date: /home/luis/my_ws/install/multicamera/share/multicamera/environment/ament_prefix_path.dsv
-- Up-to-date: /home/luis/my_ws/install/multicamera/share/multicamera/environment/path.sh
-- Up-to-date: /home/luis/my_ws/install/multicamera/share/multicamera/environment/path.dsv
-- Up-to-date: /home/luis/my_ws/install/multicamera/share/multicamera/local_setup.bash
-- Up-to-date: /home/luis/my_ws/install/multicamera/share/multicamera/local_setup.sh
-- Up-to-date: /home/luis/my_ws/install/multicamera/share/multicamera/local_setup.zsh
-- Up-to-date: /home/luis/my_ws/install/multicamera/share/multicamera/local_setup.dsv
-- Installing: /home/luis/my_ws/install/multicamera/share/multicamera/package.dsv
-- Up-to-date: /home/luis/my_ws/install/multicamera/share/ament_index/resource_index/packages/multicamera
-- Up-to-date: /home/luis/my_ws/install/multicamera/share/multicamera/cmake/multicameraConfig.cmake
-- Up-to-date: /home/luis/my_ws/install/multicamera/share/multicamera/cmake/multicameraConfig-version.cmake
-- Up-to-date: /home/luis/my_ws/install/multicamera/share/multicamera/package.xml
