[ 50%] Built target subscriber
[100%] Built target camara_node
-- Install configuration: ""
-- Up-to-date: /home/luis/my_ws/install/camara/lib/camara/camara_node
-- Up-to-date: /home/luis/my_ws/install/camara/lib/camara/subscriber
-- Up-to-date: /home/luis/my_ws/install/camara/share/ament_index/resource_index/package_run_dependencies/camara
-- Up-to-date: /home/luis/my_ws/install/camara/share/ament_index/resource_index/parent_prefix_path/camara
-- Up-to-date: /home/luis/my_ws/install/camara/share/camara/environment/ament_prefix_path.sh
-- Up-to-date: /home/luis/my_ws/install/camara/share/camara/environment/ament_prefix_path.dsv
-- Up-to-date: /home/luis/my_ws/install/camara/share/camara/environment/path.sh
-- Up-to-date: /home/luis/my_ws/install/camara/share/camara/environment/path.dsv
-- Up-to-date: /home/luis/my_ws/install/camara/share/camara/local_setup.bash
-- Up-to-date: /home/luis/my_ws/install/camara/share/camara/local_setup.sh
-- Up-to-date: /home/luis/my_ws/install/camara/share/camara/local_setup.zsh
-- Up-to-date: /home/luis/my_ws/install/camara/share/camara/local_setup.dsv
-- Installing: /home/luis/my_ws/install/camara/share/camara/package.dsv
-- Up-to-date: /home/luis/my_ws/install/camara/share/ament_index/resource_index/packages/camara
-- Up-to-date: /home/luis/my_ws/install/camara/share/camara/cmake/camaraConfig.cmake
-- Up-to-date: /home/luis/my_ws/install/camara/share/camara/cmake/camaraConfig-version.cmake
-- Up-to-date: /home/luis/my_ws/install/camara/share/camara/package.xml
