[1.902s] Invoking command in '/home/luis/my_ws/src/iarocks_py': DEBUGINFOD_URLS=https://debuginfod.ubuntu.com PYTHONPATH=/home/luis/my_ws/build/iarocks_py/prefix_override:/usr/lib/python3/dist-packages/colcon_core/task/python/colcon_distutils_commands:/home/luis/my_ws/install/iarocks_py/lib/python3.12/site-packages:${PYTHONPATH} /usr/bin/python3 -W ignore:setup.py install is deprecated -W ignore:easy_install command is deprecated setup.py egg_info --egg-base ../../build/iarocks_py build --build-base /home/luis/my_ws/build/iarocks_py/build install --record /home/luis/my_ws/build/iarocks_py/install.log --single-version-externally-managed install_data
[2.367s] running egg_info
[2.403s] writing ../../build/iarocks_py/iarocks_py.egg-info/PKG-INFO
[2.403s] writing dependency_links to ../../build/iarocks_py/iarocks_py.egg-info/dependency_links.txt
[2.403s] writing entry points to ../../build/iarocks_py/iarocks_py.egg-info/entry_points.txt
[2.404s] writing requirements to ../../build/iarocks_py/iarocks_py.egg-info/requires.txt
[2.404s] writing top-level names to ../../build/iarocks_py/iarocks_py.egg-info/top_level.txt
[2.477s] reading manifest file '../../build/iarocks_py/iarocks_py.egg-info/SOURCES.txt'
[2.479s] writing manifest file '../../build/iarocks_py/iarocks_py.egg-info/SOURCES.txt'
[2.479s] running build
[2.479s] running build_py
[2.480s] running install
[2.490s] running install_lib
[2.527s] running install_data
[2.528s] running install_egg_info
[2.565s] removing '/home/luis/my_ws/install/iarocks_py/lib/python3.12/site-packages/iarocks_py-0.0.0-py3.12.egg-info' (and everything under it)
[2.565s] Copying ../../build/iarocks_py/iarocks_py.egg-info to /home/luis/my_ws/install/iarocks_py/lib/python3.12/site-packages/iarocks_py-0.0.0-py3.12.egg-info
[2.568s] running install_scripts
[2.806s] Installing detection_node script to /home/luis/my_ws/install/iarocks_py/lib/iarocks_py
[2.807s] writing list of installed files to '/home/luis/my_ws/build/iarocks_py/install.log'
[2.846s] Invoked command in '/home/luis/my_ws/src/iarocks_py' returned '0': DEBUGINFOD_URLS=https://debuginfod.ubuntu.com PYTHONPATH=/home/luis/my_ws/build/iarocks_py/prefix_override:/usr/lib/python3/dist-packages/colcon_core/task/python/colcon_distutils_commands:/home/luis/my_ws/install/iarocks_py/lib/python3.12/site-packages:${PYTHONPATH} /usr/bin/python3 -W ignore:setup.py install is deprecated -W ignore:easy_install command is deprecated setup.py egg_info --egg-base ../../build/iarocks_py build --build-base /home/luis/my_ws/build/iarocks_py/build install --record /home/luis/my_ws/build/iarocks_py/install.log --single-version-externally-managed install_data
