[0.278s] Invoking command in '/home/luis/my_ws/src/build/multicamera': CMAKE_PREFIX_PATH=${CMAKE_PREFIX_PATH}:/opt/ros/jazzy DEBUGINFOD_URLS=https://debuginfod.ubuntu.com /usr/bin/cmake /home/luis/my_ws/src/multicamera -DCMAKE_INSTALL_PREFIX=/home/luis/my_ws/src/install/multicamera
[0.350s] -- The C compiler identification is GNU 13.3.0
[0.439s] -- The CXX compiler identification is GNU 13.3.0
[0.461s] -- Detecting C compiler ABI info
[0.576s] -- Detecting C compiler ABI info - done
[0.590s] -- Check for working C compiler: /usr/bin/cc - skipped
[0.590s] -- Detecting C compile features
[0.591s] -- Detecting C compile features - done
[0.606s] -- Detecting CXX compiler ABI info
[0.755s] -- Detecting CXX compiler ABI info - done
[0.769s] -- Check for working CXX compiler: /usr/bin/c++ - skipped
[0.770s] -- Detecting CXX compile features
[0.770s] -- Detecting CXX compile features - done
[0.773s] -- Found ament_cmake: 2.5.4 (/opt/ros/jazzy/share/ament_cmake/cmake)
[0.953s] -- Found Python3: /usr/bin/python3 (found version "3.12.3") found components: Interpreter 
[1.076s] -- Found rclcpp: 28.1.12 (/opt/ros/jazzy/share/rclcpp/cmake)
[1.116s] -- Found rosidl_generator_c: 4.6.6 (/opt/ros/jazzy/share/rosidl_generator_c/cmake)
[1.132s] -- Found rosidl_generator_cpp: 4.6.6 (/opt/ros/jazzy/share/rosidl_generator_cpp/cmake)
[1.154s] -- Using all available rosidl_typesupport_c: rosidl_typesupport_fastrtps_c;rosidl_typesupport_introspection_c
[1.173s] -- Using all available rosidl_typesupport_cpp: rosidl_typesupport_fastrtps_cpp;rosidl_typesupport_introspection_cpp
[1.257s] -- Found rmw_implementation_cmake: 7.3.2 (/opt/ros/jazzy/share/rmw_implementation_cmake/cmake)
[1.259s] -- Found rmw_fastrtps_cpp: 8.4.3 (/opt/ros/jazzy/share/rmw_fastrtps_cpp/cmake)
[1.349s] -- Found OpenSSL: /usr/lib/x86_64-linux-gnu/libcrypto.so (found version "3.0.13")  
[1.372s] -- Found FastRTPS: /opt/ros/jazzy/include (Required is at least version "2.13") 
[1.405s] -- Using RMW implementation 'rmw_fastrtps_cpp' as default
[1.502s] -- Found std_msgs: 5.3.6 (/opt/ros/jazzy/share/std_msgs/cmake)
[1.519s] -- Found sensor_msgs: 5.3.6 (/opt/ros/jazzy/share/sensor_msgs/cmake)
[1.568s] -- Found image_transport: 5.1.7 (/opt/ros/jazzy/share/image_transport/cmake)
[1.607s] -- Found OpenCV: /usr (found version "4.6.0") 
[1.743s] -- Configuring done (1.5s)
[1.774s] -- Generating done (0.0s)
[1.785s] -- Build files have been written to: /home/luis/my_ws/src/build/multicamera
[1.821s] Invoked command in '/home/luis/my_ws/src/build/multicamera' returned '0': CMAKE_PREFIX_PATH=${CMAKE_PREFIX_PATH}:/opt/ros/jazzy DEBUGINFOD_URLS=https://debuginfod.ubuntu.com /usr/bin/cmake /home/luis/my_ws/src/multicamera -DCMAKE_INSTALL_PREFIX=/home/luis/my_ws/src/install/multicamera
[1.822s] Invoking command in '/home/luis/my_ws/src/build/multicamera': CMAKE_PREFIX_PATH=${CMAKE_PREFIX_PATH}:/opt/ros/jazzy DEBUGINFOD_URLS=https://debuginfod.ubuntu.com /usr/bin/cmake --build /home/luis/my_ws/src/build/multicamera -- -j12 -l12
[1.899s] [ 25%] [32mBuilding CXX object CMakeFiles/camera_publisher.dir/src/camera_publisher.cpp.o[0m
[1.900s] [ 50%] [32mBuilding CXX object CMakeFiles/camera_subscriber.dir/src/camera_subscriber.cpp.o[0m
[12.918s] [ 75%] [32m[1mLinking CXX executable camera_subscriber[0m
[13.150s] [100%] [32m[1mLinking CXX executable camera_publisher[0m
[14.769s] [100%] Built target camera_subscriber
[14.844s] [100%] Built target camera_publisher
[14.943s] Invoked command in '/home/luis/my_ws/src/build/multicamera' returned '0': CMAKE_PREFIX_PATH=${CMAKE_PREFIX_PATH}:/opt/ros/jazzy DEBUGINFOD_URLS=https://debuginfod.ubuntu.com /usr/bin/cmake --build /home/luis/my_ws/src/build/multicamera -- -j12 -l12
[15.070s] Invoking command in '/home/luis/my_ws/src/build/multicamera': CMAKE_PREFIX_PATH=${CMAKE_PREFIX_PATH}:/opt/ros/jazzy DEBUGINFOD_URLS=https://debuginfod.ubuntu.com /usr/bin/cmake --install /home/luis/my_ws/src/build/multicamera
[15.095s] -- Install configuration: ""
[15.096s] -- Installing: /home/luis/my_ws/src/install/multicamera/lib/multicamera/camera_publisher
[15.098s] -- Set non-toolchain portion of runtime path of "/home/luis/my_ws/src/install/multicamera/lib/multicamera/camera_publisher" to ""
[15.101s] -- Installing: /home/luis/my_ws/src/install/multicamera/lib/multicamera/camera_subscriber
[15.102s] -- Set non-toolchain portion of runtime path of "/home/luis/my_ws/src/install/multicamera/lib/multicamera/camera_subscriber" to ""
[15.102s] -- Installing: /home/luis/my_ws/src/install/multicamera/share/ament_index/resource_index/package_run_dependencies/multicamera
[15.102s] -- Installing: /home/luis/my_ws/src/install/multicamera/share/ament_index/resource_index/parent_prefix_path/multicamera
[15.102s] -- Installing: /home/luis/my_ws/src/install/multicamera/share/multicamera/environment/ament_prefix_path.sh
[15.102s] -- Installing: /home/luis/my_ws/src/install/multicamera/share/multicamera/environment/ament_prefix_path.dsv
[15.102s] -- Installing: /home/luis/my_ws/src/install/multicamera/share/multicamera/environment/path.sh
[15.103s] -- Installing: /home/luis/my_ws/src/install/multicamera/share/multicamera/environment/path.dsv
[15.103s] -- Installing: /home/luis/my_ws/src/install/multicamera/share/multicamera/local_setup.bash
[15.103s] -- Installing: /home/luis/my_ws/src/install/multicamera/share/multicamera/local_setup.sh
[15.103s] -- Installing: /home/luis/my_ws/src/install/multicamera/share/multicamera/local_setup.zsh
[15.103s] -- Installing: /home/luis/my_ws/src/install/multicamera/share/multicamera/local_setup.dsv
[15.103s] -- Installing: /home/luis/my_ws/src/install/multicamera/share/multicamera/package.dsv
[15.103s] -- Installing: /home/luis/my_ws/src/install/multicamera/share/ament_index/resource_index/packages/multicamera
[15.104s] -- Installing: /home/luis/my_ws/src/install/multicamera/share/multicamera/cmake/multicameraConfig.cmake
[15.104s] -- Installing: /home/luis/my_ws/src/install/multicamera/share/multicamera/cmake/multicameraConfig-version.cmake
[15.104s] -- Installing: /home/luis/my_ws/src/install/multicamera/share/multicamera/package.xml
[15.126s] Invoked command in '/home/luis/my_ws/src/build/multicamera' returned '0': CMAKE_PREFIX_PATH=${CMAKE_PREFIX_PATH}:/opt/ros/jazzy DEBUGINFOD_URLS=https://debuginfod.ubuntu.com /usr/bin/cmake --install /home/luis/my_ws/src/build/multicamera
