[0.262s] Invoking command in '/home/luis/my_ws/build/my_msgs': CMAKE_PREFIX_PATH=${CMAKE_PREFIX_PATH}:/home/luis/my_ws/install/opencv_tests:/home/luis/my_ws/install/iarocks_py:/opt/ros/jazzy DEBUGINFOD_URLS=https://debuginfod.ubuntu.com /usr/bin/cmake --build /home/luis/my_ws/build/my_msgs -- -j12 -l12
[0.329s] [  2%] Built target my_msgs__rosidl_generator_type_description
[0.348s] [  2%] Built target ament_cmake_python_copy_my_msgs
[0.384s] [  5%] Built target my_msgs__cpp
[0.385s] [ 20%] Built target my_msgs__rosidl_generator_c
[0.445s] [ 29%] Built target my_msgs__rosidl_typesupport_introspection_c
[0.454s] [ 47%] Built target my_msgs__rosidl_typesupport_cpp
[0.454s] [ 47%] Built target my_msgs__rosidl_typesupport_fastrtps_c
[0.456s] [ 55%] Built target my_msgs__rosidl_typesupport_c
[0.463s] [ 73%] Built target my_msgs__rosidl_typesupport_introspection_cpp
[0.463s] [ 73%] Built target my_msgs__rosidl_typesupport_fastrtps_cpp
[0.498s] [ 73%] Built target my_msgs
[0.528s] [ 76%] Built target my_msgs__py
[0.556s] [ 82%] Built target my_msgs__rosidl_generator_py
[0.588s] [100%] Built target my_msgs_s__rosidl_typesupport_c
[0.588s] [100%] Built target my_msgs_s__rosidl_typesupport_introspection_c
[0.588s] [100%] Built target my_msgs_s__rosidl_typesupport_fastrtps_c
[0.679s] running egg_info
[0.700s] writing my_msgs.egg-info/PKG-INFO
[0.700s] writing dependency_links to my_msgs.egg-info/dependency_links.txt
[0.701s] writing top-level names to my_msgs.egg-info/top_level.txt
[0.765s] reading manifest file 'my_msgs.egg-info/SOURCES.txt'
[0.766s] writing manifest file 'my_msgs.egg-info/SOURCES.txt'
[0.809s] [100%] Built target ament_cmake_python_build_my_msgs_egg
[0.926s] Invoked command in '/home/luis/my_ws/build/my_msgs' returned '0': CMAKE_PREFIX_PATH=${CMAKE_PREFIX_PATH}:/home/luis/my_ws/install/opencv_tests:/home/luis/my_ws/install/iarocks_py:/opt/ros/jazzy DEBUGINFOD_URLS=https://debuginfod.ubuntu.com /usr/bin/cmake --build /home/luis/my_ws/build/my_msgs -- -j12 -l12
[0.926s] Invoking command in '/home/luis/my_ws/build/my_msgs': CMAKE_PREFIX_PATH=${CMAKE_PREFIX_PATH}:/home/luis/my_ws/install/opencv_tests:/home/luis/my_ws/install/iarocks_py:/opt/ros/jazzy DEBUGINFOD_URLS=https://debuginfod.ubuntu.com /usr/bin/cmake --install /home/luis/my_ws/build/my_msgs
[0.936s] -- Install configuration: ""
[0.937s] -- Up-to-date: /home/luis/my_ws/install/my_msgs/share/ament_index/resource_index/rosidl_interfaces/my_msgs
[0.937s] -- Up-to-date: /home/luis/my_ws/install/my_msgs/share/my_msgs/msg/CamaraMensajes.json
[0.937s] -- Up-to-date: /home/luis/my_ws/install/my_msgs/include/my_msgs/my_msgs
[0.937s] -- Up-to-date: /home/luis/my_ws/install/my_msgs/include/my_msgs/my_msgs/msg
[0.937s] -- Up-to-date: /home/luis/my_ws/install/my_msgs/include/my_msgs/my_msgs/msg/camara_mensajes.h
[0.938s] -- Up-to-date: /home/luis/my_ws/install/my_msgs/include/my_msgs/my_msgs/msg/rosidl_generator_c__visibility_control.h
[0.938s] -- Up-to-date: /home/luis/my_ws/install/my_msgs/include/my_msgs/my_msgs/msg/detail
[0.938s] -- Up-to-date: /home/luis/my_ws/install/my_msgs/include/my_msgs/my_msgs/msg/detail/camara_mensajes__type_support.c
[0.938s] -- Up-to-date: /home/luis/my_ws/install/my_msgs/include/my_msgs/my_msgs/msg/detail/camara_mensajes__functions.c
[0.939s] -- Up-to-date: /home/luis/my_ws/install/my_msgs/include/my_msgs/my_msgs/msg/detail/camara_mensajes__description.c
[0.939s] -- Up-to-date: /home/luis/my_ws/install/my_msgs/include/my_msgs/my_msgs/msg/detail/camara_mensajes__functions.h
[0.939s] -- Up-to-date: /home/luis/my_ws/install/my_msgs/include/my_msgs/my_msgs/msg/detail/camara_mensajes__struct.h
[0.939s] -- Up-to-date: /home/luis/my_ws/install/my_msgs/include/my_msgs/my_msgs/msg/detail/camara_mensajes__type_support.h
[0.939s] -- Up-to-date: /home/luis/my_ws/install/my_msgs/share/my_msgs/environment/library_path.sh
[0.939s] -- Up-to-date: /home/luis/my_ws/install/my_msgs/share/my_msgs/environment/library_path.dsv
[0.939s] -- Up-to-date: /home/luis/my_ws/install/my_msgs/lib/libmy_msgs__rosidl_generator_c.so
[0.939s] -- Up-to-date: /home/luis/my_ws/install/my_msgs/include/my_msgs/my_msgs
[0.940s] -- Up-to-date: /home/luis/my_ws/install/my_msgs/include/my_msgs/my_msgs/msg
[0.940s] -- Up-to-date: /home/luis/my_ws/install/my_msgs/include/my_msgs/my_msgs/msg/rosidl_typesupport_fastrtps_c__visibility_control.h
[0.940s] -- Up-to-date: /home/luis/my_ws/install/my_msgs/include/my_msgs/my_msgs/msg/detail
[0.940s] -- Up-to-date: /home/luis/my_ws/install/my_msgs/include/my_msgs/my_msgs/msg/detail/camara_mensajes__rosidl_typesupport_fastrtps_c.h
[0.940s] -- Up-to-date: /home/luis/my_ws/install/my_msgs/lib/libmy_msgs__rosidl_typesupport_fastrtps_c.so
[0.940s] -- Up-to-date: /home/luis/my_ws/install/my_msgs/include/my_msgs/my_msgs
[0.940s] -- Up-to-date: /home/luis/my_ws/install/my_msgs/include/my_msgs/my_msgs/msg
[0.941s] -- Up-to-date: /home/luis/my_ws/install/my_msgs/include/my_msgs/my_msgs/msg/camara_mensajes.hpp
[0.941s] -- Up-to-date: /home/luis/my_ws/install/my_msgs/include/my_msgs/my_msgs/msg/detail
[0.941s] -- Up-to-date: /home/luis/my_ws/install/my_msgs/include/my_msgs/my_msgs/msg/detail/camara_mensajes__struct.hpp
[0.941s] -- Up-to-date: /home/luis/my_ws/install/my_msgs/include/my_msgs/my_msgs/msg/detail/camara_mensajes__builder.hpp
[0.941s] -- Up-to-date: /home/luis/my_ws/install/my_msgs/include/my_msgs/my_msgs/msg/detail/camara_mensajes__type_support.hpp
[0.941s] -- Up-to-date: /home/luis/my_ws/install/my_msgs/include/my_msgs/my_msgs/msg/detail/camara_mensajes__traits.hpp
[0.942s] -- Up-to-date: /home/luis/my_ws/install/my_msgs/include/my_msgs/my_msgs/msg/rosidl_generator_cpp__visibility_control.hpp
[0.942s] -- Up-to-date: /home/luis/my_ws/install/my_msgs/include/my_msgs/my_msgs
[0.942s] -- Up-to-date: /home/luis/my_ws/install/my_msgs/include/my_msgs/my_msgs/msg
[0.942s] -- Up-to-date: /home/luis/my_ws/install/my_msgs/include/my_msgs/my_msgs/msg/rosidl_typesupport_fastrtps_cpp__visibility_control.h
[0.942s] -- Up-to-date: /home/luis/my_ws/install/my_msgs/include/my_msgs/my_msgs/msg/detail
[0.942s] -- Up-to-date: /home/luis/my_ws/install/my_msgs/include/my_msgs/my_msgs/msg/detail/camara_mensajes__rosidl_typesupport_fastrtps_cpp.hpp
[0.943s] -- Up-to-date: /home/luis/my_ws/install/my_msgs/include/my_msgs/my_msgs/msg/detail/dds_fastrtps
[0.943s] -- Up-to-date: /home/luis/my_ws/install/my_msgs/lib/libmy_msgs__rosidl_typesupport_fastrtps_cpp.so
[0.943s] -- Up-to-date: /home/luis/my_ws/install/my_msgs/include/my_msgs/my_msgs
[0.943s] -- Up-to-date: /home/luis/my_ws/install/my_msgs/include/my_msgs/my_msgs/msg
[0.943s] -- Up-to-date: /home/luis/my_ws/install/my_msgs/include/my_msgs/my_msgs/msg/detail
[0.943s] -- Up-to-date: /home/luis/my_ws/install/my_msgs/include/my_msgs/my_msgs/msg/detail/camara_mensajes__type_support.c
[0.943s] -- Up-to-date: /home/luis/my_ws/install/my_msgs/include/my_msgs/my_msgs/msg/detail/camara_mensajes__rosidl_typesupport_introspection_c.h
[0.943s] -- Up-to-date: /home/luis/my_ws/install/my_msgs/include/my_msgs/my_msgs/msg/rosidl_typesupport_introspection_c__visibility_control.h
[0.943s] -- Up-to-date: /home/luis/my_ws/install/my_msgs/lib/libmy_msgs__rosidl_typesupport_introspection_c.so
[0.944s] -- Up-to-date: /home/luis/my_ws/install/my_msgs/lib/libmy_msgs__rosidl_typesupport_c.so
[0.944s] -- Up-to-date: /home/luis/my_ws/install/my_msgs/include/my_msgs/my_msgs
[0.944s] -- Up-to-date: /home/luis/my_ws/install/my_msgs/include/my_msgs/my_msgs/msg
[0.944s] -- Up-to-date: /home/luis/my_ws/install/my_msgs/include/my_msgs/my_msgs/msg/detail
[0.944s] -- Up-to-date: /home/luis/my_ws/install/my_msgs/include/my_msgs/my_msgs/msg/detail/camara_mensajes__rosidl_typesupport_introspection_cpp.hpp
[0.944s] -- Up-to-date: /home/luis/my_ws/install/my_msgs/include/my_msgs/my_msgs/msg/detail/camara_mensajes__type_support.cpp
[0.944s] -- Up-to-date: /home/luis/my_ws/install/my_msgs/lib/libmy_msgs__rosidl_typesupport_introspection_cpp.so
[0.944s] -- Up-to-date: /home/luis/my_ws/install/my_msgs/lib/libmy_msgs__rosidl_typesupport_cpp.so
[0.945s] -- Up-to-date: /home/luis/my_ws/install/my_msgs/share/my_msgs/environment/pythonpath.sh
[0.945s] -- Up-to-date: /home/luis/my_ws/install/my_msgs/share/my_msgs/environment/pythonpath.dsv
[0.945s] -- Up-to-date: /home/luis/my_ws/install/my_msgs/lib/python3.12/site-packages/my_msgs-0.0.0-py3.12.egg-info
[0.945s] -- Installing: /home/luis/my_ws/install/my_msgs/lib/python3.12/site-packages/my_msgs-0.0.0-py3.12.egg-info/PKG-INFO
[0.945s] -- Installing: /home/luis/my_ws/install/my_msgs/lib/python3.12/site-packages/my_msgs-0.0.0-py3.12.egg-info/SOURCES.txt
[0.945s] -- Installing: /home/luis/my_ws/install/my_msgs/lib/python3.12/site-packages/my_msgs-0.0.0-py3.12.egg-info/top_level.txt
[0.945s] -- Installing: /home/luis/my_ws/install/my_msgs/lib/python3.12/site-packages/my_msgs-0.0.0-py3.12.egg-info/dependency_links.txt
[0.945s] -- Up-to-date: /home/luis/my_ws/install/my_msgs/lib/python3.12/site-packages/my_msgs
[0.946s] -- Up-to-date: /home/luis/my_ws/install/my_msgs/lib/python3.12/site-packages/my_msgs/__init__.py
[0.946s] -- Up-to-date: /home/luis/my_ws/install/my_msgs/lib/python3.12/site-packages/my_msgs/_my_msgs_s.ep.rosidl_typesupport_c.c
[0.946s] -- Up-to-date: /home/luis/my_ws/install/my_msgs/lib/python3.12/site-packages/my_msgs/my_msgs_s__rosidl_typesupport_fastrtps_c.so
[0.946s] -- Up-to-date: /home/luis/my_ws/install/my_msgs/lib/python3.12/site-packages/my_msgs/_my_msgs_s.ep.rosidl_typesupport_introspection_c.c
[0.946s] -- Up-to-date: /home/luis/my_ws/install/my_msgs/lib/python3.12/site-packages/my_msgs/msg
[0.946s] -- Up-to-date: /home/luis/my_ws/install/my_msgs/lib/python3.12/site-packages/my_msgs/msg/_camara_mensajes_s.c
[0.946s] -- Up-to-date: /home/luis/my_ws/install/my_msgs/lib/python3.12/site-packages/my_msgs/msg/__init__.py
[0.947s] -- Up-to-date: /home/luis/my_ws/install/my_msgs/lib/python3.12/site-packages/my_msgs/msg/_camara_mensajes.py
[0.947s] -- Up-to-date: /home/luis/my_ws/install/my_msgs/lib/python3.12/site-packages/my_msgs/_my_msgs_s.ep.rosidl_typesupport_fastrtps_c.c
[0.947s] -- Up-to-date: /home/luis/my_ws/install/my_msgs/lib/python3.12/site-packages/my_msgs/my_msgs_s__rosidl_typesupport_introspection_c.so
[0.947s] -- Up-to-date: /home/luis/my_ws/install/my_msgs/lib/python3.12/site-packages/my_msgs/my_msgs_s__rosidl_typesupport_c.so
[0.990s] Listing '/home/luis/my_ws/install/my_msgs/lib/python3.12/site-packages/my_msgs'...
[0.990s] Listing '/home/luis/my_ws/install/my_msgs/lib/python3.12/site-packages/my_msgs/msg'...
[1.002s] -- Up-to-date: /home/luis/my_ws/install/my_msgs/lib/python3.12/site-packages/my_msgs/my_msgs_s__rosidl_typesupport_fastrtps_c.so
[1.004s] -- Up-to-date: /home/luis/my_ws/install/my_msgs/lib/python3.12/site-packages/my_msgs/my_msgs_s__rosidl_typesupport_introspection_c.so
[1.004s] -- Up-to-date: /home/luis/my_ws/install/my_msgs/lib/python3.12/site-packages/my_msgs/my_msgs_s__rosidl_typesupport_c.so
[1.004s] -- Up-to-date: /home/luis/my_ws/install/my_msgs/lib/libmy_msgs__rosidl_generator_py.so
[1.004s] -- Up-to-date: /home/luis/my_ws/install/my_msgs/share/my_msgs/msg/CamaraMensajes.idl
[1.004s] -- Up-to-date: /home/luis/my_ws/install/my_msgs/share/my_msgs/msg/CamaraMensajes.msg
[1.004s] -- Up-to-date: /home/luis/my_ws/install/my_msgs/share/ament_index/resource_index/package_run_dependencies/my_msgs
[1.004s] -- Up-to-date: /home/luis/my_ws/install/my_msgs/share/ament_index/resource_index/parent_prefix_path/my_msgs
[1.004s] -- Up-to-date: /home/luis/my_ws/install/my_msgs/share/my_msgs/environment/ament_prefix_path.sh
[1.005s] -- Up-to-date: /home/luis/my_ws/install/my_msgs/share/my_msgs/environment/ament_prefix_path.dsv
[1.005s] -- Up-to-date: /home/luis/my_ws/install/my_msgs/share/my_msgs/environment/path.sh
[1.005s] -- Up-to-date: /home/luis/my_ws/install/my_msgs/share/my_msgs/environment/path.dsv
[1.005s] -- Up-to-date: /home/luis/my_ws/install/my_msgs/share/my_msgs/local_setup.bash
[1.005s] -- Up-to-date: /home/luis/my_ws/install/my_msgs/share/my_msgs/local_setup.sh
[1.006s] -- Up-to-date: /home/luis/my_ws/install/my_msgs/share/my_msgs/local_setup.zsh
[1.006s] -- Up-to-date: /home/luis/my_ws/install/my_msgs/share/my_msgs/local_setup.dsv
[1.006s] -- Installing: /home/luis/my_ws/install/my_msgs/share/my_msgs/package.dsv
[1.006s] -- Up-to-date: /home/luis/my_ws/install/my_msgs/share/ament_index/resource_index/packages/my_msgs
[1.006s] -- Up-to-date: /home/luis/my_ws/install/my_msgs/share/my_msgs/cmake/export_my_msgs__rosidl_generator_cExport.cmake
[1.006s] -- Up-to-date: /home/luis/my_ws/install/my_msgs/share/my_msgs/cmake/export_my_msgs__rosidl_generator_cExport-noconfig.cmake
[1.006s] -- Up-to-date: /home/luis/my_ws/install/my_msgs/share/my_msgs/cmake/export_my_msgs__rosidl_typesupport_fastrtps_cExport.cmake
[1.007s] -- Up-to-date: /home/luis/my_ws/install/my_msgs/share/my_msgs/cmake/export_my_msgs__rosidl_typesupport_fastrtps_cExport-noconfig.cmake
[1.007s] -- Up-to-date: /home/luis/my_ws/install/my_msgs/share/my_msgs/cmake/export_my_msgs__rosidl_generator_cppExport.cmake
[1.007s] -- Up-to-date: /home/luis/my_ws/install/my_msgs/share/my_msgs/cmake/export_my_msgs__rosidl_typesupport_fastrtps_cppExport.cmake
[1.007s] -- Up-to-date: /home/luis/my_ws/install/my_msgs/share/my_msgs/cmake/export_my_msgs__rosidl_typesupport_fastrtps_cppExport-noconfig.cmake
[1.007s] -- Up-to-date: /home/luis/my_ws/install/my_msgs/share/my_msgs/cmake/my_msgs__rosidl_typesupport_introspection_cExport.cmake
[1.007s] -- Up-to-date: /home/luis/my_ws/install/my_msgs/share/my_msgs/cmake/my_msgs__rosidl_typesupport_introspection_cExport-noconfig.cmake
[1.007s] -- Up-to-date: /home/luis/my_ws/install/my_msgs/share/my_msgs/cmake/my_msgs__rosidl_typesupport_cExport.cmake
[1.008s] -- Up-to-date: /home/luis/my_ws/install/my_msgs/share/my_msgs/cmake/my_msgs__rosidl_typesupport_cExport-noconfig.cmake
[1.008s] -- Up-to-date: /home/luis/my_ws/install/my_msgs/share/my_msgs/cmake/my_msgs__rosidl_typesupport_introspection_cppExport.cmake
[1.008s] -- Up-to-date: /home/luis/my_ws/install/my_msgs/share/my_msgs/cmake/my_msgs__rosidl_typesupport_introspection_cppExport-noconfig.cmake
[1.008s] -- Up-to-date: /home/luis/my_ws/install/my_msgs/share/my_msgs/cmake/my_msgs__rosidl_typesupport_cppExport.cmake
[1.008s] -- Up-to-date: /home/luis/my_ws/install/my_msgs/share/my_msgs/cmake/my_msgs__rosidl_typesupport_cppExport-noconfig.cmake
[1.009s] -- Up-to-date: /home/luis/my_ws/install/my_msgs/share/my_msgs/cmake/export_my_msgs__rosidl_generator_pyExport.cmake
[1.009s] -- Up-to-date: /home/luis/my_ws/install/my_msgs/share/my_msgs/cmake/export_my_msgs__rosidl_generator_pyExport-noconfig.cmake
[1.009s] -- Up-to-date: /home/luis/my_ws/install/my_msgs/share/my_msgs/cmake/rosidl_cmake-extras.cmake
[1.009s] -- Up-to-date: /home/luis/my_ws/install/my_msgs/share/my_msgs/cmake/ament_cmake_export_dependencies-extras.cmake
[1.009s] -- Up-to-date: /home/luis/my_ws/install/my_msgs/share/my_msgs/cmake/ament_cmake_export_include_directories-extras.cmake
[1.009s] -- Up-to-date: /home/luis/my_ws/install/my_msgs/share/my_msgs/cmake/ament_cmake_export_libraries-extras.cmake
[1.009s] -- Up-to-date: /home/luis/my_ws/install/my_msgs/share/my_msgs/cmake/ament_cmake_export_targets-extras.cmake
[1.009s] -- Up-to-date: /home/luis/my_ws/install/my_msgs/share/my_msgs/cmake/rosidl_cmake_export_typesupport_targets-extras.cmake
[1.010s] -- Up-to-date: /home/luis/my_ws/install/my_msgs/share/my_msgs/cmake/rosidl_cmake_export_typesupport_libraries-extras.cmake
[1.010s] -- Up-to-date: /home/luis/my_ws/install/my_msgs/share/my_msgs/cmake/my_msgsConfig.cmake
[1.010s] -- Up-to-date: /home/luis/my_ws/install/my_msgs/share/my_msgs/cmake/my_msgsConfig-version.cmake
[1.010s] -- Up-to-date: /home/luis/my_ws/install/my_msgs/share/my_msgs/package.xml
[1.023s] Invoked command in '/home/luis/my_ws/build/my_msgs' returned '0': CMAKE_PREFIX_PATH=${CMAKE_PREFIX_PATH}:/home/luis/my_ws/install/opencv_tests:/home/luis/my_ws/install/iarocks_py:/opt/ros/jazzy DEBUGINFOD_URLS=https://debuginfod.ubuntu.com /usr/bin/cmake --install /home/luis/my_ws/build/my_msgs
