[0.041s] Invoking command in '/home/luis/my_ws/build/image_geometry': CMAKE_PREFIX_PATH=${CMAKE_PREFIX_PATH}:/opt/ros/jazzy DEBUGINFOD_URLS=https://debuginfod.ubuntu.com /usr/bin/cmake --build /home/luis/my_ws/build/image_geometry -- -j12 -l12
[0.436s] [ 18%] Built target gtest_main
[0.436s] [ 36%] Built target gtest
[0.436s] [ 63%] Built target image_geometry
[0.437s] [ 63%] Built target ament_cmake_python_copy_image_geometry
[0.437s] [100%] Built target image_geometry-utest
[0.437s] [100%] Built target image_geometry-utest-equi
[0.528s] running egg_info
[0.576s] writing image_geometry.egg-info/PKG-INFO
[0.577s] writing dependency_links to image_geometry.egg-info/dependency_links.txt
[0.578s] writing top-level names to image_geometry.egg-info/top_level.txt
[0.706s] reading manifest file 'image_geometry.egg-info/SOURCES.txt'
[0.707s] writing manifest file 'image_geometry.egg-info/SOURCES.txt'
[0.758s] [100%] Built target ament_cmake_python_build_image_geometry_egg
[0.782s] Invoked command in '/home/luis/my_ws/build/image_geometry' returned '0': CMAKE_PREFIX_PATH=${CMAKE_PREFIX_PATH}:/opt/ros/jazzy DEBUGINFOD_URLS=https://debuginfod.ubuntu.com /usr/bin/cmake --build /home/luis/my_ws/build/image_geometry -- -j12 -l12
[0.785s] Invoking command in '/home/luis/my_ws/build/image_geometry': CMAKE_PREFIX_PATH=${CMAKE_PREFIX_PATH}:/opt/ros/jazzy DEBUGINFOD_URLS=https://debuginfod.ubuntu.com /usr/bin/cmake --install /home/luis/my_ws/build/image_geometry
[0.798s] -- Install configuration: ""
[0.799s] -- Up-to-date: /home/luis/my_ws/install/image_geometry/share/image_geometry/environment/pythonpath.sh
[0.799s] -- Up-to-date: /home/luis/my_ws/install/image_geometry/share/image_geometry/environment/pythonpath.dsv
[0.799s] -- Up-to-date: /home/luis/my_ws/install/image_geometry/lib/python3.12/site-packages/image_geometry-4.1.0-py3.12.egg-info
[0.799s] -- Installing: /home/luis/my_ws/install/image_geometry/lib/python3.12/site-packages/image_geometry-4.1.0-py3.12.egg-info/PKG-INFO
[0.799s] -- Installing: /home/luis/my_ws/install/image_geometry/lib/python3.12/site-packages/image_geometry-4.1.0-py3.12.egg-info/SOURCES.txt
[0.800s] -- Installing: /home/luis/my_ws/install/image_geometry/lib/python3.12/site-packages/image_geometry-4.1.0-py3.12.egg-info/top_level.txt
[0.800s] -- Installing: /home/luis/my_ws/install/image_geometry/lib/python3.12/site-packages/image_geometry-4.1.0-py3.12.egg-info/dependency_links.txt
[0.800s] -- Up-to-date: /home/luis/my_ws/install/image_geometry/lib/python3.12/site-packages/image_geometry
[0.800s] -- Up-to-date: /home/luis/my_ws/install/image_geometry/lib/python3.12/site-packages/image_geometry/__init__.py
[0.800s] -- Up-to-date: /home/luis/my_ws/install/image_geometry/lib/python3.12/site-packages/image_geometry/cameramodels.py
[0.855s] Listing '/home/luis/my_ws/install/image_geometry/lib/python3.12/site-packages/image_geometry'...
[0.863s] -- Up-to-date: /home/luis/my_ws/install/image_geometry/include/image_geometry
[0.863s] -- Up-to-date: /home/luis/my_ws/install/image_geometry/include/image_geometry/image_geometry
[0.864s] -- Up-to-date: /home/luis/my_ws/install/image_geometry/include/image_geometry/image_geometry/visibility_control.hpp
[0.864s] -- Up-to-date: /home/luis/my_ws/install/image_geometry/include/image_geometry/image_geometry/stereo_camera_model.hpp
[0.864s] -- Up-to-date: /home/luis/my_ws/install/image_geometry/include/image_geometry/image_geometry/pinhole_camera_model.hpp
[0.865s] -- Up-to-date: /home/luis/my_ws/install/image_geometry/lib/libimage_geometry.so
[0.865s] -- Up-to-date: /home/luis/my_ws/install/image_geometry/share/ament_index/resource_index/package_run_dependencies/image_geometry
[0.865s] -- Up-to-date: /home/luis/my_ws/install/image_geometry/share/ament_index/resource_index/parent_prefix_path/image_geometry
[0.866s] -- Up-to-date: /home/luis/my_ws/install/image_geometry/share/image_geometry/environment/ament_prefix_path.sh
[0.866s] -- Up-to-date: /home/luis/my_ws/install/image_geometry/share/image_geometry/environment/ament_prefix_path.dsv
[0.866s] -- Up-to-date: /home/luis/my_ws/install/image_geometry/share/image_geometry/environment/path.sh
[0.866s] -- Up-to-date: /home/luis/my_ws/install/image_geometry/share/image_geometry/environment/path.dsv
[0.867s] -- Up-to-date: /home/luis/my_ws/install/image_geometry/share/image_geometry/local_setup.bash
[0.867s] -- Up-to-date: /home/luis/my_ws/install/image_geometry/share/image_geometry/local_setup.sh
[0.867s] -- Up-to-date: /home/luis/my_ws/install/image_geometry/share/image_geometry/local_setup.zsh
[0.867s] -- Up-to-date: /home/luis/my_ws/install/image_geometry/share/image_geometry/local_setup.dsv
[0.868s] -- Installing: /home/luis/my_ws/install/image_geometry/share/image_geometry/package.dsv
[0.868s] -- Up-to-date: /home/luis/my_ws/install/image_geometry/share/ament_index/resource_index/packages/image_geometry
[0.868s] -- Up-to-date: /home/luis/my_ws/install/image_geometry/share/image_geometry/cmake/export_image_geometryExport.cmake
[0.869s] -- Up-to-date: /home/luis/my_ws/install/image_geometry/share/image_geometry/cmake/export_image_geometryExport-noconfig.cmake
[0.869s] -- Up-to-date: /home/luis/my_ws/install/image_geometry/share/image_geometry/cmake/ament_cmake_export_targets-extras.cmake
[0.869s] -- Up-to-date: /home/luis/my_ws/install/image_geometry/share/image_geometry/cmake/ament_cmake_export_dependencies-extras.cmake
[0.870s] -- Up-to-date: /home/luis/my_ws/install/image_geometry/share/image_geometry/cmake/image_geometryConfig.cmake
[0.870s] -- Up-to-date: /home/luis/my_ws/install/image_geometry/share/image_geometry/cmake/image_geometryConfig-version.cmake
[0.870s] -- Up-to-date: /home/luis/my_ws/install/image_geometry/share/image_geometry/package.xml
[0.877s] Invoked command in '/home/luis/my_ws/build/image_geometry' returned '0': CMAKE_PREFIX_PATH=${CMAKE_PREFIX_PATH}:/opt/ros/jazzy DEBUGINFOD_URLS=https://debuginfod.ubuntu.com /usr/bin/cmake --install /home/luis/my_ws/build/image_geometry
