[2.419s] Invoking command in '/home/luis/my_ws/src/iarocks_py': DEBUGINFOD_URLS=https://debuginfod.ubuntu.com PYTHONPATH=/home/luis/my_ws/build/iarocks_py/prefix_override:/usr/lib/python3/dist-packages/colcon_core/task/python/colcon_distutils_commands:/home/luis/my_ws/install/iarocks_py/lib/python3.12/site-packages:${PYTHONPATH} /usr/bin/python3 -W ignore:setup.py install is deprecated -W ignore:easy_install command is deprecated setup.py egg_info --egg-base ../../build/iarocks_py build --build-base /home/luis/my_ws/build/iarocks_py/build install --record /home/luis/my_ws/build/iarocks_py/install.log --single-version-externally-managed install_data
[2.981s] running egg_info
[3.020s] writing ../../build/iarocks_py/iarocks_py.egg-info/PKG-INFO
[3.020s] writing dependency_links to ../../build/iarocks_py/iarocks_py.egg-info/dependency_links.txt
[3.021s] writing entry points to ../../build/iarocks_py/iarocks_py.egg-info/entry_points.txt
[3.021s] writing requirements to ../../build/iarocks_py/iarocks_py.egg-info/requires.txt
[3.021s] writing top-level names to ../../build/iarocks_py/iarocks_py.egg-info/top_level.txt
[3.105s] reading manifest file '../../build/iarocks_py/iarocks_py.egg-info/SOURCES.txt'
[3.107s] writing manifest file '../../build/iarocks_py/iarocks_py.egg-info/SOURCES.txt'
[3.107s] running build
[3.108s] running build_py
[3.108s] running install
[3.120s] running install_lib
[3.163s] running install_data
[3.163s] running install_egg_info
[3.205s] removing '/home/luis/my_ws/install/iarocks_py/lib/python3.12/site-packages/iarocks_py-0.0.0-py3.12.egg-info' (and everything under it)
[3.206s] Copying ../../build/iarocks_py/iarocks_py.egg-info to /home/luis/my_ws/install/iarocks_py/lib/python3.12/site-packages/iarocks_py-0.0.0-py3.12.egg-info
[3.208s] running install_scripts
[3.573s] Installing detection_node script to /home/luis/my_ws/install/iarocks_py/lib/iarocks_py
[3.573s] writing list of installed files to '/home/luis/my_ws/build/iarocks_py/install.log'
[3.642s] Invoked command in '/home/luis/my_ws/src/iarocks_py' returned '0': DEBUGINFOD_URLS=https://debuginfod.ubuntu.com PYTHONPATH=/home/luis/my_ws/build/iarocks_py/prefix_override:/usr/lib/python3/dist-packages/colcon_core/task/python/colcon_distutils_commands:/home/luis/my_ws/install/iarocks_py/lib/python3.12/site-packages:${PYTHONPATH} /usr/bin/python3 -W ignore:setup.py install is deprecated -W ignore:easy_install command is deprecated setup.py egg_info --egg-base ../../build/iarocks_py build --build-base /home/luis/my_ws/build/iarocks_py/build install --record /home/luis/my_ws/build/iarocks_py/install.log --single-version-externally-managed install_data
