[0.278s] Invoking command in '/home/luis/my_ws/src/build/my_msgs': CMAKE_PREFIX_PATH=${CMAKE_PREFIX_PATH}:/opt/ros/jazzy DEBUGINFOD_URLS=https://debuginfod.ubuntu.com /usr/bin/cmake /home/luis/my_ws/src/my_msgs -DCMAKE_INSTALL_PREFIX=/home/luis/my_ws/src/install/my_msgs
[0.355s] -- The C compiler identification is GNU 13.3.0
[0.441s] -- The CXX compiler identification is GNU 13.3.0
[0.460s] -- Detecting C compiler ABI info
[0.568s] -- Detecting C compiler ABI info - done
[0.580s] -- Check for working C compiler: /usr/bin/cc - skipped
[0.580s] -- Detecting C compile features
[0.581s] -- Detecting C compile features - done
[0.598s] -- Detecting CXX compiler ABI info
[0.751s] -- Detecting CXX compiler ABI info - done
[0.766s] -- Check for working CXX compiler: /usr/bin/c++ - skipped
[0.766s] -- Detecting CXX compile features
[0.766s] -- Detecting CXX compile features - done
[0.769s] -- Found ament_cmake: 2.5.4 (/opt/ros/jazzy/share/ament_cmake/cmake)
[0.966s] -- Found Python3: /usr/bin/python3 (found version "3.12.3") found components: Interpreter 
[1.100s] -- Found std_msgs: 5.3.6 (/opt/ros/jazzy/share/std_msgs/cmake)
[1.155s] -- Found rosidl_generator_c: 4.6.6 (/opt/ros/jazzy/share/rosidl_generator_c/cmake)
[1.177s] -- Found rosidl_generator_cpp: 4.6.6 (/opt/ros/jazzy/share/rosidl_generator_cpp/cmake)
[1.203s] -- Using all available rosidl_typesupport_c: rosidl_typesupport_fastrtps_c;rosidl_typesupport_introspection_c
[1.233s] -- Using all available rosidl_typesupport_cpp: rosidl_typesupport_fastrtps_cpp;rosidl_typesupport_introspection_cpp
[1.282s] -- Found sensor_msgs: 5.3.6 (/opt/ros/jazzy/share/sensor_msgs/cmake)
[1.373s] -- Found rosidl_default_generators: 1.6.0 (/opt/ros/jazzy/share/rosidl_default_generators/cmake)
[1.396s] -- Found rosidl_adapter: 4.6.6 (/opt/ros/jazzy/share/rosidl_adapter/cmake)
[2.700s] -- Found ament_cmake_ros: 0.12.0 (/opt/ros/jazzy/share/ament_cmake_ros/cmake)
[5.401s] -- Using all available rosidl_typesupport_c: rosidl_typesupport_fastrtps_c;rosidl_typesupport_introspection_c
[6.077s] -- Using all available rosidl_typesupport_cpp: rosidl_typesupport_fastrtps_cpp;rosidl_typesupport_introspection_cpp
[6.082s] -- Found python_cmake_module: 0.11.1 (/opt/ros/jazzy/share/python_cmake_module/cmake)
[6.370s] -- Found PythonExtra: /usr/bin/python3  
[7.708s] -- Found Python3: /usr/bin/python3 (found version "3.12.3") found components: Interpreter Development NumPy Development.Module Development.Embed 
[7.913s] -- Configuring done (7.6s)
[8.082s] -- Generating done (0.1s)
[8.130s] -- Build files have been written to: /home/luis/my_ws/src/build/my_msgs
[8.205s] Invoked command in '/home/luis/my_ws/src/build/my_msgs' returned '0': CMAKE_PREFIX_PATH=${CMAKE_PREFIX_PATH}:/opt/ros/jazzy DEBUGINFOD_URLS=https://debuginfod.ubuntu.com /usr/bin/cmake /home/luis/my_ws/src/my_msgs -DCMAKE_INSTALL_PREFIX=/home/luis/my_ws/src/install/my_msgs
[8.207s] Invoking command in '/home/luis/my_ws/src/build/my_msgs': CMAKE_PREFIX_PATH=${CMAKE_PREFIX_PATH}:/opt/ros/jazzy DEBUGINFOD_URLS=https://debuginfod.ubuntu.com /usr/bin/cmake --build /home/luis/my_ws/src/build/my_msgs -- -j12 -l12
[8.453s] [  2%] [34m[1mGenerating type hashes for ROS interfaces[0m
[8.524s] [  2%] Built target ament_cmake_python_copy_my_msgs
[9.169s] [  2%] Built target my_msgs__rosidl_generator_type_description
[9.224s] [  5%] [34m[1mGenerating C code for ROS interfaces[0m
[9.250s] running egg_info
[9.252s] creating my_msgs.egg-info
[9.276s] [  8%] [34m[1mGenerating C++ code for ROS interfaces[0m
[9.304s] writing my_msgs.egg-info/PKG-INFO
[9.308s] writing dependency_links to my_msgs.egg-info/dependency_links.txt
[9.308s] writing top-level names to my_msgs.egg-info/top_level.txt
[9.308s] writing manifest file 'my_msgs.egg-info/SOURCES.txt'
[9.427s] reading manifest file 'my_msgs.egg-info/SOURCES.txt'
[9.428s] writing manifest file 'my_msgs.egg-info/SOURCES.txt'
[9.649s] [  8%] Built target ament_cmake_python_build_my_msgs_egg
[10.064s] [  8%] Built target my_msgs__cpp
[10.319s] [ 11%] [32mBuilding C object CMakeFiles/my_msgs__rosidl_generator_c.dir/rosidl_generator_c/my_msgs/msg/detail/camara_mensajes__description.c.o[0m
[10.321s] [ 14%] [32mBuilding C object CMakeFiles/my_msgs__rosidl_generator_c.dir/rosidl_generator_c/my_msgs/msg/detail/camara_mensajes__type_support.c.o[0m
[10.336s] [ 17%] [32mBuilding C object CMakeFiles/my_msgs__rosidl_generator_c.dir/rosidl_generator_c/my_msgs/msg/detail/camara_mensajes__functions.c.o[0m
[10.455s] [ 20%] [32m[1mLinking C shared library libmy_msgs__rosidl_generator_c.so[0m
[10.555s] [ 20%] Built target my_msgs__rosidl_generator_c
[10.588s] [ 23%] [34m[1mGenerating C++ introspection for ROS interfaces[0m
[10.596s] [ 26%] [34m[1mGenerating C++ type support dispatch for ROS interfaces[0m
[10.598s] [ 32%] [34m[1mGenerating C type support for eProsima Fast-RTPS[0m
[10.600s] [ 35%] [34m[1mGenerating C type support dispatch for ROS interfaces[0m
[10.600s] [ 35%] [34m[1mGenerating C introspection for ROS interfaces[0m
[10.623s] [ 38%] [34m[1mGenerating C++ type support for eProsima Fast-RTPS[0m
[11.183s] [ 41%] [32mBuilding CXX object CMakeFiles/my_msgs__rosidl_typesupport_c.dir/rosidl_typesupport_c/my_msgs/msg/camara_mensajes__type_support.cpp.o[0m
[11.293s] [ 44%] [32m[1mLinking CXX shared library libmy_msgs__rosidl_typesupport_c.so[0m
[11.320s] [ 47%] [32mBuilding CXX object CMakeFiles/my_msgs__rosidl_typesupport_cpp.dir/rosidl_typesupport_cpp/my_msgs/msg/camara_mensajes__type_support.cpp.o[0m
[11.386s] [ 47%] Built target my_msgs__rosidl_typesupport_c
[11.544s] [ 50%] [32mBuilding CXX object CMakeFiles/my_msgs__rosidl_typesupport_fastrtps_cpp.dir/rosidl_typesupport_fastrtps_cpp/my_msgs/msg/detail/dds_fastrtps/camara_mensajes__type_support.cpp.o[0m
[11.745s] [ 52%] [32mBuilding CXX object CMakeFiles/my_msgs__rosidl_typesupport_introspection_cpp.dir/rosidl_typesupport_introspection_cpp/my_msgs/msg/detail/camara_mensajes__type_support.cpp.o[0m
[11.837s] [ 55%] [32mBuilding CXX object CMakeFiles/my_msgs__rosidl_typesupport_fastrtps_c.dir/rosidl_typesupport_fastrtps_c/my_msgs/msg/detail/camara_mensajes__type_support_c.cpp.o[0m
[11.859s] [ 58%] [32mBuilding C object CMakeFiles/my_msgs__rosidl_typesupport_introspection_c.dir/rosidl_typesupport_introspection_c/my_msgs/msg/detail/camara_mensajes__type_support.c.o[0m
[12.021s] [ 61%] [32m[1mLinking C shared library libmy_msgs__rosidl_typesupport_introspection_c.so[0m
[12.069s] [ 64%] [32m[1mLinking CXX shared library libmy_msgs__rosidl_typesupport_cpp.so[0m
[12.194s] [ 64%] Built target my_msgs__rosidl_typesupport_introspection_c
[12.219s] [ 64%] Built target my_msgs__rosidl_typesupport_cpp
[12.585s] [ 67%] [32m[1mLinking CXX shared library libmy_msgs__rosidl_typesupport_introspection_cpp.so[0m
[12.608s] [ 70%] [32m[1mLinking CXX shared library libmy_msgs__rosidl_typesupport_fastrtps_cpp.so[0m
[12.914s] [ 70%] Built target my_msgs__rosidl_typesupport_introspection_cpp
[13.042s] [ 73%] [32m[1mLinking CXX shared library libmy_msgs__rosidl_typesupport_fastrtps_c.so[0m
[13.052s] [ 73%] Built target my_msgs__rosidl_typesupport_fastrtps_cpp
[13.479s] [ 73%] Built target my_msgs__rosidl_typesupport_fastrtps_c
[13.553s] [ 73%] Built target my_msgs
[13.627s] [ 76%] [34m[1mGenerating Python code for ROS interfaces[0m
[14.207s] [ 76%] Built target my_msgs__py
[14.258s] [ 79%] [32mBuilding C object CMakeFiles/my_msgs__rosidl_generator_py.dir/rosidl_generator_py/my_msgs/msg/_camara_mensajes_s.c.o[0m
[14.518s] [ 82%] [32m[1mLinking C shared library libmy_msgs__rosidl_generator_py.so[0m
[14.777s] [ 82%] Built target my_msgs__rosidl_generator_py
[14.835s] [ 85%] [32mBuilding C object CMakeFiles/my_msgs_s__rosidl_typesupport_introspection_c.dir/rosidl_generator_py/my_msgs/_my_msgs_s.ep.rosidl_typesupport_introspection_c.c.o[0m
[14.860s] [ 88%] [32mBuilding C object CMakeFiles/my_msgs_s__rosidl_typesupport_fastrtps_c.dir/rosidl_generator_py/my_msgs/_my_msgs_s.ep.rosidl_typesupport_fastrtps_c.c.o[0m
[14.882s] [ 91%] [32mBuilding C object CMakeFiles/my_msgs_s__rosidl_typesupport_c.dir/rosidl_generator_py/my_msgs/_my_msgs_s.ep.rosidl_typesupport_c.c.o[0m
[15.125s] [ 94%] [32m[1mLinking C shared module rosidl_generator_py/my_msgs/my_msgs_s__rosidl_typesupport_c.so[0m
[15.136s] [ 97%] [32m[1mLinking C shared module rosidl_generator_py/my_msgs/my_msgs_s__rosidl_typesupport_introspection_c.so[0m
[15.175s] [100%] [32m[1mLinking C shared module rosidl_generator_py/my_msgs/my_msgs_s__rosidl_typesupport_fastrtps_c.so[0m
[15.212s] [100%] Built target my_msgs_s__rosidl_typesupport_c
[15.212s] [100%] Built target my_msgs_s__rosidl_typesupport_introspection_c
[15.260s] [100%] Built target my_msgs_s__rosidl_typesupport_fastrtps_c
[15.296s] Invoked command in '/home/luis/my_ws/src/build/my_msgs' returned '0': CMAKE_PREFIX_PATH=${CMAKE_PREFIX_PATH}:/opt/ros/jazzy DEBUGINFOD_URLS=https://debuginfod.ubuntu.com /usr/bin/cmake --build /home/luis/my_ws/src/build/my_msgs -- -j12 -l12
[15.299s] Invoking command in '/home/luis/my_ws/src/build/my_msgs': CMAKE_PREFIX_PATH=${CMAKE_PREFIX_PATH}:/opt/ros/jazzy DEBUGINFOD_URLS=https://debuginfod.ubuntu.com /usr/bin/cmake --install /home/luis/my_ws/src/build/my_msgs
[15.326s] -- Install configuration: ""
[15.326s] -- Installing: /home/luis/my_ws/src/install/my_msgs/share/ament_index/resource_index/rosidl_interfaces/my_msgs
[15.327s] -- Installing: /home/luis/my_ws/src/install/my_msgs/share/my_msgs/msg/CamaraMensajes.json
[15.328s] -- Installing: /home/luis/my_ws/src/install/my_msgs/include/my_msgs/my_msgs
[15.329s] -- Installing: /home/luis/my_ws/src/install/my_msgs/include/my_msgs/my_msgs/msg
[15.329s] -- Installing: /home/luis/my_ws/src/install/my_msgs/include/my_msgs/my_msgs/msg/camara_mensajes.h
[15.330s] -- Installing: /home/luis/my_ws/src/install/my_msgs/include/my_msgs/my_msgs/msg/rosidl_generator_c__visibility_control.h
[15.330s] -- Installing: /home/luis/my_ws/src/install/my_msgs/include/my_msgs/my_msgs/msg/detail
[15.330s] -- Installing: /home/luis/my_ws/src/install/my_msgs/include/my_msgs/my_msgs/msg/detail/camara_mensajes__type_support.c
[15.330s] -- Installing: /home/luis/my_ws/src/install/my_msgs/include/my_msgs/my_msgs/msg/detail/camara_mensajes__functions.c
[15.330s] -- Installing: /home/luis/my_ws/src/install/my_msgs/include/my_msgs/my_msgs/msg/detail/camara_mensajes__description.c
[15.330s] -- Installing: /home/luis/my_ws/src/install/my_msgs/include/my_msgs/my_msgs/msg/detail/camara_mensajes__functions.h
[15.330s] -- Installing: /home/luis/my_ws/src/install/my_msgs/include/my_msgs/my_msgs/msg/detail/camara_mensajes__struct.h
[15.333s] -- Installing: /home/luis/my_ws/src/install/my_msgs/include/my_msgs/my_msgs/msg/detail/camara_mensajes__type_support.h
[15.333s] -- Installing: /home/luis/my_ws/src/install/my_msgs/share/my_msgs/environment/library_path.sh
[15.333s] -- Installing: /home/luis/my_ws/src/install/my_msgs/share/my_msgs/environment/library_path.dsv
[15.333s] -- Installing: /home/luis/my_ws/src/install/my_msgs/lib/libmy_msgs__rosidl_generator_c.so
[15.333s] -- Set non-toolchain portion of runtime path of "/home/luis/my_ws/src/install/my_msgs/lib/libmy_msgs__rosidl_generator_c.so" to ""
[15.334s] -- Up-to-date: /home/luis/my_ws/src/install/my_msgs/include/my_msgs/my_msgs
[15.334s] -- Up-to-date: /home/luis/my_ws/src/install/my_msgs/include/my_msgs/my_msgs/msg
[15.335s] -- Installing: /home/luis/my_ws/src/install/my_msgs/include/my_msgs/my_msgs/msg/rosidl_typesupport_fastrtps_c__visibility_control.h
[15.335s] -- Up-to-date: /home/luis/my_ws/src/install/my_msgs/include/my_msgs/my_msgs/msg/detail
[15.335s] -- Installing: /home/luis/my_ws/src/install/my_msgs/include/my_msgs/my_msgs/msg/detail/camara_mensajes__rosidl_typesupport_fastrtps_c.h
[15.335s] -- Installing: /home/luis/my_ws/src/install/my_msgs/lib/libmy_msgs__rosidl_typesupport_fastrtps_c.so
[15.336s] -- Set non-toolchain portion of runtime path of "/home/luis/my_ws/src/install/my_msgs/lib/libmy_msgs__rosidl_typesupport_fastrtps_c.so" to ""
[15.336s] -- Up-to-date: /home/luis/my_ws/src/install/my_msgs/include/my_msgs/my_msgs
[15.336s] -- Up-to-date: /home/luis/my_ws/src/install/my_msgs/include/my_msgs/my_msgs/msg
[15.336s] -- Installing: /home/luis/my_ws/src/install/my_msgs/include/my_msgs/my_msgs/msg/camara_mensajes.hpp
[15.336s] -- Up-to-date: /home/luis/my_ws/src/install/my_msgs/include/my_msgs/my_msgs/msg/detail
[15.336s] -- Installing: /home/luis/my_ws/src/install/my_msgs/include/my_msgs/my_msgs/msg/detail/camara_mensajes__struct.hpp
[15.336s] -- Installing: /home/luis/my_ws/src/install/my_msgs/include/my_msgs/my_msgs/msg/detail/camara_mensajes__builder.hpp
[15.337s] -- Installing: /home/luis/my_ws/src/install/my_msgs/include/my_msgs/my_msgs/msg/detail/camara_mensajes__type_support.hpp
[15.337s] -- Installing: /home/luis/my_ws/src/install/my_msgs/include/my_msgs/my_msgs/msg/detail/camara_mensajes__traits.hpp
[15.337s] -- Installing: /home/luis/my_ws/src/install/my_msgs/include/my_msgs/my_msgs/msg/rosidl_generator_cpp__visibility_control.hpp
[15.337s] -- Up-to-date: /home/luis/my_ws/src/install/my_msgs/include/my_msgs/my_msgs
[15.338s] -- Up-to-date: /home/luis/my_ws/src/install/my_msgs/include/my_msgs/my_msgs/msg
[15.338s] -- Installing: /home/luis/my_ws/src/install/my_msgs/include/my_msgs/my_msgs/msg/rosidl_typesupport_fastrtps_cpp__visibility_control.h
[15.339s] -- Up-to-date: /home/luis/my_ws/src/install/my_msgs/include/my_msgs/my_msgs/msg/detail
[15.339s] -- Installing: /home/luis/my_ws/src/install/my_msgs/include/my_msgs/my_msgs/msg/detail/camara_mensajes__rosidl_typesupport_fastrtps_cpp.hpp
[15.339s] -- Installing: /home/luis/my_ws/src/install/my_msgs/include/my_msgs/my_msgs/msg/detail/dds_fastrtps
[15.339s] -- Installing: /home/luis/my_ws/src/install/my_msgs/lib/libmy_msgs__rosidl_typesupport_fastrtps_cpp.so
[15.340s] -- Set non-toolchain portion of runtime path of "/home/luis/my_ws/src/install/my_msgs/lib/libmy_msgs__rosidl_typesupport_fastrtps_cpp.so" to ""
[15.340s] -- Up-to-date: /home/luis/my_ws/src/install/my_msgs/include/my_msgs/my_msgs
[15.340s] -- Up-to-date: /home/luis/my_ws/src/install/my_msgs/include/my_msgs/my_msgs/msg
[15.340s] -- Up-to-date: /home/luis/my_ws/src/install/my_msgs/include/my_msgs/my_msgs/msg/detail
[15.340s] -- Installing: /home/luis/my_ws/src/install/my_msgs/include/my_msgs/my_msgs/msg/detail/camara_mensajes__type_support.c
[15.340s] -- Installing: /home/luis/my_ws/src/install/my_msgs/include/my_msgs/my_msgs/msg/detail/camara_mensajes__rosidl_typesupport_introspection_c.h
[15.340s] -- Installing: /home/luis/my_ws/src/install/my_msgs/include/my_msgs/my_msgs/msg/rosidl_typesupport_introspection_c__visibility_control.h
[15.340s] -- Installing: /home/luis/my_ws/src/install/my_msgs/lib/libmy_msgs__rosidl_typesupport_introspection_c.so
[15.341s] -- Set non-toolchain portion of runtime path of "/home/luis/my_ws/src/install/my_msgs/lib/libmy_msgs__rosidl_typesupport_introspection_c.so" to ""
[15.344s] -- Installing: /home/luis/my_ws/src/install/my_msgs/lib/libmy_msgs__rosidl_typesupport_c.so
[15.345s] -- Set non-toolchain portion of runtime path of "/home/luis/my_ws/src/install/my_msgs/lib/libmy_msgs__rosidl_typesupport_c.so" to ""
[15.345s] -- Up-to-date: /home/luis/my_ws/src/install/my_msgs/include/my_msgs/my_msgs
[15.345s] -- Up-to-date: /home/luis/my_ws/src/install/my_msgs/include/my_msgs/my_msgs/msg
[15.345s] -- Up-to-date: /home/luis/my_ws/src/install/my_msgs/include/my_msgs/my_msgs/msg/detail
[15.345s] -- Installing: /home/luis/my_ws/src/install/my_msgs/include/my_msgs/my_msgs/msg/detail/camara_mensajes__rosidl_typesupport_introspection_cpp.hpp
[15.345s] -- Installing: /home/luis/my_ws/src/install/my_msgs/include/my_msgs/my_msgs/msg/detail/camara_mensajes__type_support.cpp
[15.345s] -- Installing: /home/luis/my_ws/src/install/my_msgs/lib/libmy_msgs__rosidl_typesupport_introspection_cpp.so
[15.346s] -- Set non-toolchain portion of runtime path of "/home/luis/my_ws/src/install/my_msgs/lib/libmy_msgs__rosidl_typesupport_introspection_cpp.so" to ""
[15.346s] -- Installing: /home/luis/my_ws/src/install/my_msgs/lib/libmy_msgs__rosidl_typesupport_cpp.so
[15.348s] -- Set non-toolchain portion of runtime path of "/home/luis/my_ws/src/install/my_msgs/lib/libmy_msgs__rosidl_typesupport_cpp.so" to ""
[15.348s] -- Installing: /home/luis/my_ws/src/install/my_msgs/share/my_msgs/environment/pythonpath.sh
[15.348s] -- Installing: /home/luis/my_ws/src/install/my_msgs/share/my_msgs/environment/pythonpath.dsv
[15.349s] -- Installing: /home/luis/my_ws/src/install/my_msgs/lib/python3.12/site-packages/my_msgs-0.0.0-py3.12.egg-info
[15.350s] -- Installing: /home/luis/my_ws/src/install/my_msgs/lib/python3.12/site-packages/my_msgs-0.0.0-py3.12.egg-info/PKG-INFO
[15.350s] -- Installing: /home/luis/my_ws/src/install/my_msgs/lib/python3.12/site-packages/my_msgs-0.0.0-py3.12.egg-info/SOURCES.txt
[15.351s] -- Installing: /home/luis/my_ws/src/install/my_msgs/lib/python3.12/site-packages/my_msgs-0.0.0-py3.12.egg-info/top_level.txt
[15.351s] -- Installing: /home/luis/my_ws/src/install/my_msgs/lib/python3.12/site-packages/my_msgs-0.0.0-py3.12.egg-info/dependency_links.txt
[15.352s] -- Installing: /home/luis/my_ws/src/install/my_msgs/lib/python3.12/site-packages/my_msgs
[15.352s] -- Installing: /home/luis/my_ws/src/install/my_msgs/lib/python3.12/site-packages/my_msgs/__init__.py
[15.352s] -- Installing: /home/luis/my_ws/src/install/my_msgs/lib/python3.12/site-packages/my_msgs/_my_msgs_s.ep.rosidl_typesupport_c.c
[15.353s] -- Installing: /home/luis/my_ws/src/install/my_msgs/lib/python3.12/site-packages/my_msgs/my_msgs_s__rosidl_typesupport_fastrtps_c.so
[15.353s] -- Installing: /home/luis/my_ws/src/install/my_msgs/lib/python3.12/site-packages/my_msgs/_my_msgs_s.ep.rosidl_typesupport_introspection_c.c
[15.354s] -- Installing: /home/luis/my_ws/src/install/my_msgs/lib/python3.12/site-packages/my_msgs/msg
[15.354s] -- Installing: /home/luis/my_ws/src/install/my_msgs/lib/python3.12/site-packages/my_msgs/msg/_camara_mensajes_s.c
[15.354s] -- Installing: /home/luis/my_ws/src/install/my_msgs/lib/python3.12/site-packages/my_msgs/msg/__init__.py
[15.354s] -- Installing: /home/luis/my_ws/src/install/my_msgs/lib/python3.12/site-packages/my_msgs/msg/_camara_mensajes.py
[15.354s] -- Installing: /home/luis/my_ws/src/install/my_msgs/lib/python3.12/site-packages/my_msgs/_my_msgs_s.ep.rosidl_typesupport_fastrtps_c.c
[15.354s] -- Installing: /home/luis/my_ws/src/install/my_msgs/lib/python3.12/site-packages/my_msgs/my_msgs_s__rosidl_typesupport_introspection_c.so
[15.354s] -- Installing: /home/luis/my_ws/src/install/my_msgs/lib/python3.12/site-packages/my_msgs/my_msgs_s__rosidl_typesupport_c.so
[15.433s] Listing '/home/luis/my_ws/src/install/my_msgs/lib/python3.12/site-packages/my_msgs'...
[15.433s] Compiling '/home/luis/my_ws/src/install/my_msgs/lib/python3.12/site-packages/my_msgs/__init__.py'...
[15.433s] Listing '/home/luis/my_ws/src/install/my_msgs/lib/python3.12/site-packages/my_msgs/msg'...
[15.433s] Compiling '/home/luis/my_ws/src/install/my_msgs/lib/python3.12/site-packages/my_msgs/msg/__init__.py'...
[15.433s] Compiling '/home/luis/my_ws/src/install/my_msgs/lib/python3.12/site-packages/my_msgs/msg/_camara_mensajes.py'...
[15.453s] -- Installing: /home/luis/my_ws/src/install/my_msgs/lib/python3.12/site-packages/my_msgs/my_msgs_s__rosidl_typesupport_fastrtps_c.so
[15.453s] -- Set non-toolchain portion of runtime path of "/home/luis/my_ws/src/install/my_msgs/lib/python3.12/site-packages/my_msgs/my_msgs_s__rosidl_typesupport_fastrtps_c.so" to ""
[15.454s] -- Installing: /home/luis/my_ws/src/install/my_msgs/lib/python3.12/site-packages/my_msgs/my_msgs_s__rosidl_typesupport_introspection_c.so
[15.454s] -- Set non-toolchain portion of runtime path of "/home/luis/my_ws/src/install/my_msgs/lib/python3.12/site-packages/my_msgs/my_msgs_s__rosidl_typesupport_introspection_c.so" to ""
[15.454s] -- Installing: /home/luis/my_ws/src/install/my_msgs/lib/python3.12/site-packages/my_msgs/my_msgs_s__rosidl_typesupport_c.so
[15.455s] -- Set non-toolchain portion of runtime path of "/home/luis/my_ws/src/install/my_msgs/lib/python3.12/site-packages/my_msgs/my_msgs_s__rosidl_typesupport_c.so" to ""
[15.455s] -- Installing: /home/luis/my_ws/src/install/my_msgs/lib/libmy_msgs__rosidl_generator_py.so
[15.456s] -- Set non-toolchain portion of runtime path of "/home/luis/my_ws/src/install/my_msgs/lib/libmy_msgs__rosidl_generator_py.so" to ""
[15.457s] -- Installing: /home/luis/my_ws/src/install/my_msgs/share/my_msgs/msg/CamaraMensajes.idl
[15.458s] -- Installing: /home/luis/my_ws/src/install/my_msgs/share/my_msgs/msg/CamaraMensajes.msg
[15.458s] -- Installing: /home/luis/my_ws/src/install/my_msgs/share/ament_index/resource_index/package_run_dependencies/my_msgs
[15.458s] -- Installing: /home/luis/my_ws/src/install/my_msgs/share/ament_index/resource_index/parent_prefix_path/my_msgs
[15.459s] -- Installing: /home/luis/my_ws/src/install/my_msgs/share/my_msgs/environment/ament_prefix_path.sh
[15.460s] -- Installing: /home/luis/my_ws/src/install/my_msgs/share/my_msgs/environment/ament_prefix_path.dsv
[15.460s] -- Installing: /home/luis/my_ws/src/install/my_msgs/share/my_msgs/environment/path.sh
[15.461s] -- Installing: /home/luis/my_ws/src/install/my_msgs/share/my_msgs/environment/path.dsv
[15.461s] -- Installing: /home/luis/my_ws/src/install/my_msgs/share/my_msgs/local_setup.bash
[15.462s] -- Installing: /home/luis/my_ws/src/install/my_msgs/share/my_msgs/local_setup.sh
[15.463s] -- Installing: /home/luis/my_ws/src/install/my_msgs/share/my_msgs/local_setup.zsh
[15.463s] -- Installing: /home/luis/my_ws/src/install/my_msgs/share/my_msgs/local_setup.dsv
[15.464s] -- Installing: /home/luis/my_ws/src/install/my_msgs/share/my_msgs/package.dsv
[15.464s] -- Installing: /home/luis/my_ws/src/install/my_msgs/share/ament_index/resource_index/packages/my_msgs
[15.465s] -- Installing: /home/luis/my_ws/src/install/my_msgs/share/my_msgs/cmake/export_my_msgs__rosidl_generator_cExport.cmake
[15.465s] -- Installing: /home/luis/my_ws/src/install/my_msgs/share/my_msgs/cmake/export_my_msgs__rosidl_generator_cExport-noconfig.cmake
[15.466s] -- Installing: /home/luis/my_ws/src/install/my_msgs/share/my_msgs/cmake/export_my_msgs__rosidl_typesupport_fastrtps_cExport.cmake
[15.467s] -- Installing: /home/luis/my_ws/src/install/my_msgs/share/my_msgs/cmake/export_my_msgs__rosidl_typesupport_fastrtps_cExport-noconfig.cmake
[15.467s] -- Installing: /home/luis/my_ws/src/install/my_msgs/share/my_msgs/cmake/export_my_msgs__rosidl_generator_cppExport.cmake
[15.468s] -- Installing: /home/luis/my_ws/src/install/my_msgs/share/my_msgs/cmake/export_my_msgs__rosidl_typesupport_fastrtps_cppExport.cmake
[15.468s] -- Installing: /home/luis/my_ws/src/install/my_msgs/share/my_msgs/cmake/export_my_msgs__rosidl_typesupport_fastrtps_cppExport-noconfig.cmake
[15.469s] -- Installing: /home/luis/my_ws/src/install/my_msgs/share/my_msgs/cmake/my_msgs__rosidl_typesupport_introspection_cExport.cmake
[15.469s] -- Installing: /home/luis/my_ws/src/install/my_msgs/share/my_msgs/cmake/my_msgs__rosidl_typesupport_introspection_cExport-noconfig.cmake
[15.470s] -- Installing: /home/luis/my_ws/src/install/my_msgs/share/my_msgs/cmake/my_msgs__rosidl_typesupport_cExport.cmake
[15.471s] -- Installing: /home/luis/my_ws/src/install/my_msgs/share/my_msgs/cmake/my_msgs__rosidl_typesupport_cExport-noconfig.cmake
[15.471s] -- Installing: /home/luis/my_ws/src/install/my_msgs/share/my_msgs/cmake/my_msgs__rosidl_typesupport_introspection_cppExport.cmake
[15.472s] -- Installing: /home/luis/my_ws/src/install/my_msgs/share/my_msgs/cmake/my_msgs__rosidl_typesupport_introspection_cppExport-noconfig.cmake
[15.472s] -- Installing: /home/luis/my_ws/src/install/my_msgs/share/my_msgs/cmake/my_msgs__rosidl_typesupport_cppExport.cmake
[15.473s] -- Installing: /home/luis/my_ws/src/install/my_msgs/share/my_msgs/cmake/my_msgs__rosidl_typesupport_cppExport-noconfig.cmake
[15.474s] -- Installing: /home/luis/my_ws/src/install/my_msgs/share/my_msgs/cmake/export_my_msgs__rosidl_generator_pyExport.cmake
[15.474s] -- Installing: /home/luis/my_ws/src/install/my_msgs/share/my_msgs/cmake/export_my_msgs__rosidl_generator_pyExport-noconfig.cmake
[15.475s] -- Installing: /home/luis/my_ws/src/install/my_msgs/share/my_msgs/cmake/rosidl_cmake-extras.cmake
[15.475s] -- Installing: /home/luis/my_ws/src/install/my_msgs/share/my_msgs/cmake/ament_cmake_export_dependencies-extras.cmake
[15.476s] -- Installing: /home/luis/my_ws/src/install/my_msgs/share/my_msgs/cmake/ament_cmake_export_include_directories-extras.cmake
[15.476s] -- Installing: /home/luis/my_ws/src/install/my_msgs/share/my_msgs/cmake/ament_cmake_export_libraries-extras.cmake
[15.477s] -- Installing: /home/luis/my_ws/src/install/my_msgs/share/my_msgs/cmake/ament_cmake_export_targets-extras.cmake
[15.478s] -- Installing: /home/luis/my_ws/src/install/my_msgs/share/my_msgs/cmake/rosidl_cmake_export_typesupport_targets-extras.cmake
[15.478s] -- Installing: /home/luis/my_ws/src/install/my_msgs/share/my_msgs/cmake/rosidl_cmake_export_typesupport_libraries-extras.cmake
[15.479s] -- Installing: /home/luis/my_ws/src/install/my_msgs/share/my_msgs/cmake/my_msgsConfig.cmake
[15.479s] -- Installing: /home/luis/my_ws/src/install/my_msgs/share/my_msgs/cmake/my_msgsConfig-version.cmake
[15.480s] -- Installing: /home/luis/my_ws/src/install/my_msgs/share/my_msgs/package.xml
[15.489s] Invoked command in '/home/luis/my_ws/src/build/my_msgs' returned '0': CMAKE_PREFIX_PATH=${CMAKE_PREFIX_PATH}:/opt/ros/jazzy DEBUGINFOD_URLS=https://debuginfod.ubuntu.com /usr/bin/cmake --install /home/luis/my_ws/src/build/my_msgs
