[0.018s] Invoking command in '/home/luis/my_ws/src/build/camara': CMAKE_PREFIX_PATH=${CMAKE_PREFIX_PATH}:/opt/ros/jazzy DEBUGINFOD_URLS=https://debuginfod.ubuntu.com /usr/bin/cmake /home/luis/my_ws/src/camara -DCMAKE_INSTALL_PREFIX=/home/luis/my_ws/src/install/camara
[0.293s] -- The C compiler identification is GNU 13.3.0
[0.293s] -- The CXX compiler identification is GNU 13.3.0
[0.293s] -- Detecting C compiler ABI info
[0.293s] -- Detecting C compiler ABI info - done
[0.294s] -- Check for working C compiler: /usr/bin/cc - skipped
[0.294s] -- Detecting C compile features
[0.294s] -- Detecting C compile features - done
[0.294s] -- Detecting CXX compiler ABI info
[0.448s] -- Detecting CXX compiler ABI info - done
[0.462s] -- Check for working CXX compiler: /usr/bin/c++ - skipped
[0.463s] -- Detecting CXX compile features
[0.463s] -- Detecting CXX compile features - done
[0.467s] -- Found ament_cmake: 2.5.4 (/opt/ros/jazzy/share/ament_cmake/cmake)
[0.656s] -- Found Python3: /usr/bin/python3 (found version "3.12.3") found components: Interpreter 
[0.803s] -- Found rclcpp: 28.1.12 (/opt/ros/jazzy/share/rclcpp/cmake)
[0.844s] -- Found rosidl_generator_c: 4.6.6 (/opt/ros/jazzy/share/rosidl_generator_c/cmake)
[0.857s] -- Found rosidl_generator_cpp: 4.6.6 (/opt/ros/jazzy/share/rosidl_generator_cpp/cmake)
[0.874s] -- Using all available rosidl_typesupport_c: rosidl_typesupport_fastrtps_c;rosidl_typesupport_introspection_c
[0.893s] -- Using all available rosidl_typesupport_cpp: rosidl_typesupport_fastrtps_cpp;rosidl_typesupport_introspection_cpp
[0.976s] -- Found rmw_implementation_cmake: 7.3.2 (/opt/ros/jazzy/share/rmw_implementation_cmake/cmake)
[0.979s] -- Found rmw_fastrtps_cpp: 8.4.3 (/opt/ros/jazzy/share/rmw_fastrtps_cpp/cmake)
[1.071s] -- Found OpenSSL: /usr/lib/x86_64-linux-gnu/libcrypto.so (found version "3.0.13")  
[1.097s] -- Found FastRTPS: /opt/ros/jazzy/include (Required is at least version "2.13") 
[1.127s] -- Using RMW implementation 'rmw_fastrtps_cpp' as default
[1.213s] -- Found std_msgs: 5.3.6 (/opt/ros/jazzy/share/std_msgs/cmake)
[1.230s] -- Found sensor_msgs: 5.3.6 (/opt/ros/jazzy/share/sensor_msgs/cmake)
[1.276s] -- Found image_transport: 5.1.7 (/opt/ros/jazzy/share/image_transport/cmake)
[1.314s] -- Found OpenCV: /usr (found version "4.6.0") 
[1.453s] -- Configuring done (1.4s)
[1.502s] -- Generating done (0.0s)
[1.512s] -- Build files have been written to: /home/luis/my_ws/src/build/camara
[1.539s] Invoked command in '/home/luis/my_ws/src/build/camara' returned '0': CMAKE_PREFIX_PATH=${CMAKE_PREFIX_PATH}:/opt/ros/jazzy DEBUGINFOD_URLS=https://debuginfod.ubuntu.com /usr/bin/cmake /home/luis/my_ws/src/camara -DCMAKE_INSTALL_PREFIX=/home/luis/my_ws/src/install/camara
[1.541s] Invoking command in '/home/luis/my_ws/src/build/camara': CMAKE_PREFIX_PATH=${CMAKE_PREFIX_PATH}:/opt/ros/jazzy DEBUGINFOD_URLS=https://debuginfod.ubuntu.com /usr/bin/cmake --build /home/luis/my_ws/src/build/camara -- -j12 -l12
[1.625s] [ 50%] [32mBuilding CXX object CMakeFiles/camara_node.dir/src/camara_node.cpp.o[0m
[1.625s] [ 50%] [32mBuilding CXX object CMakeFiles/subscriber.dir/src/subscriber.cpp.o[0m
[15.219s] [ 75%] [32m[1mLinking CXX executable camara_node[0m
[16.580s] [ 75%] Built target camara_node
[20.614s] [100%] [32m[1mLinking CXX executable subscriber[0m
[22.135s] [100%] Built target subscriber
[22.178s] Invoked command in '/home/luis/my_ws/src/build/camara' returned '0': CMAKE_PREFIX_PATH=${CMAKE_PREFIX_PATH}:/opt/ros/jazzy DEBUGINFOD_URLS=https://debuginfod.ubuntu.com /usr/bin/cmake --build /home/luis/my_ws/src/build/camara -- -j12 -l12
[22.180s] Invoking command in '/home/luis/my_ws/src/build/camara': CMAKE_PREFIX_PATH=${CMAKE_PREFIX_PATH}:/opt/ros/jazzy DEBUGINFOD_URLS=https://debuginfod.ubuntu.com /usr/bin/cmake --install /home/luis/my_ws/src/build/camara
[22.199s] -- Install configuration: ""
[22.199s] -- Installing: /home/luis/my_ws/src/install/camara/lib/camara/camara_node
[22.202s] -- Set non-toolchain portion of runtime path of "/home/luis/my_ws/src/install/camara/lib/camara/camara_node" to ""
[22.202s] -- Installing: /home/luis/my_ws/src/install/camara/lib/camara/subscriber
[22.212s] -- Set non-toolchain portion of runtime path of "/home/luis/my_ws/src/install/camara/lib/camara/subscriber" to ""
[22.212s] -- Installing: /home/luis/my_ws/src/install/camara/share/ament_index/resource_index/package_run_dependencies/camara
[22.213s] -- Installing: /home/luis/my_ws/src/install/camara/share/ament_index/resource_index/parent_prefix_path/camara
[22.213s] -- Installing: /home/luis/my_ws/src/install/camara/share/camara/environment/ament_prefix_path.sh
[22.213s] -- Installing: /home/luis/my_ws/src/install/camara/share/camara/environment/ament_prefix_path.dsv
[22.214s] -- Installing: /home/luis/my_ws/src/install/camara/share/camara/environment/path.sh
[22.214s] -- Installing: /home/luis/my_ws/src/install/camara/share/camara/environment/path.dsv
[22.214s] -- Installing: /home/luis/my_ws/src/install/camara/share/camara/local_setup.bash
[22.214s] -- Installing: /home/luis/my_ws/src/install/camara/share/camara/local_setup.sh
[22.215s] -- Installing: /home/luis/my_ws/src/install/camara/share/camara/local_setup.zsh
[22.215s] -- Installing: /home/luis/my_ws/src/install/camara/share/camara/local_setup.dsv
[22.215s] -- Installing: /home/luis/my_ws/src/install/camara/share/camara/package.dsv
[22.216s] -- Installing: /home/luis/my_ws/src/install/camara/share/ament_index/resource_index/packages/camara
[22.216s] -- Installing: /home/luis/my_ws/src/install/camara/share/camara/cmake/camaraConfig.cmake
[22.216s] -- Installing: /home/luis/my_ws/src/install/camara/share/camara/cmake/camaraConfig-version.cmake
[22.216s] -- Installing: /home/luis/my_ws/src/install/camara/share/camara/package.xml
[22.222s] Invoked command in '/home/luis/my_ws/src/build/camara' returned '0': CMAKE_PREFIX_PATH=${CMAKE_PREFIX_PATH}:/opt/ros/jazzy DEBUGINFOD_URLS=https://debuginfod.ubuntu.com /usr/bin/cmake --install /home/luis/my_ws/src/build/camara
