[0.057s] Invoking command in '/home/luis/my_ws/build/camara': CMAKE_PREFIX_PATH=${CMAKE_PREFIX_PATH}:/home/luis/my_ws/install/opencv_tests:/home/luis/my_ws/install/iarocks_py:/opt/ros/jazzy DEBUGINFOD_URLS=https://debuginfod.ubuntu.com /usr/bin/cmake --build /home/luis/my_ws/build/camara -- -j12 -l12
[0.606s] [ 50%] Built target subscriber
[0.606s] [100%] Built target camara_node
[0.614s] Invoked command in '/home/luis/my_ws/build/camara' returned '0': CMAKE_PREFIX_PATH=${CMAKE_PREFIX_PATH}:/home/luis/my_ws/install/opencv_tests:/home/luis/my_ws/install/iarocks_py:/opt/ros/jazzy DEBUGINFOD_URLS=https://debuginfod.ubuntu.com /usr/bin/cmake --build /home/luis/my_ws/build/camara -- -j12 -l12
[0.638s] Invoking command in '/home/luis/my_ws/build/camara': CMAKE_PREFIX_PATH=${CMAKE_PREFIX_PATH}:/home/luis/my_ws/install/opencv_tests:/home/luis/my_ws/install/iarocks_py:/opt/ros/jazzy DEBUGINFOD_URLS=https://debuginfod.ubuntu.com /usr/bin/cmake --install /home/luis/my_ws/build/camara
[0.660s] -- Install configuration: ""
[0.661s] -- Up-to-date: /home/luis/my_ws/install/camara/lib/camara/camara_node
[0.661s] -- Up-to-date: /home/luis/my_ws/install/camara/lib/camara/subscriber
[0.662s] -- Up-to-date: /home/luis/my_ws/install/camara/share/ament_index/resource_index/package_run_dependencies/camara
[0.662s] -- Up-to-date: /home/luis/my_ws/install/camara/share/ament_index/resource_index/parent_prefix_path/camara
[0.662s] -- Up-to-date: /home/luis/my_ws/install/camara/share/camara/environment/ament_prefix_path.sh
[0.663s] -- Up-to-date: /home/luis/my_ws/install/camara/share/camara/environment/ament_prefix_path.dsv
[0.663s] -- Up-to-date: /home/luis/my_ws/install/camara/share/camara/environment/path.sh
[0.663s] -- Up-to-date: /home/luis/my_ws/install/camara/share/camara/environment/path.dsv
[0.664s] -- Up-to-date: /home/luis/my_ws/install/camara/share/camara/local_setup.bash
[0.664s] -- Up-to-date: /home/luis/my_ws/install/camara/share/camara/local_setup.sh
[0.664s] -- Up-to-date: /home/luis/my_ws/install/camara/share/camara/local_setup.zsh
[0.664s] -- Up-to-date: /home/luis/my_ws/install/camara/share/camara/local_setup.dsv
[0.665s] -- Installing: /home/luis/my_ws/install/camara/share/camara/package.dsv
[0.665s] -- Up-to-date: /home/luis/my_ws/install/camara/share/ament_index/resource_index/packages/camara
[0.665s] -- Up-to-date: /home/luis/my_ws/install/camara/share/camara/cmake/camaraConfig.cmake
[0.665s] -- Up-to-date: /home/luis/my_ws/install/camara/share/camara/cmake/camaraConfig-version.cmake
[0.666s] -- Up-to-date: /home/luis/my_ws/install/camara/share/camara/package.xml
[0.669s] Invoked command in '/home/luis/my_ws/build/camara' returned '0': CMAKE_PREFIX_PATH=${CMAKE_PREFIX_PATH}:/home/luis/my_ws/install/opencv_tests:/home/luis/my_ws/install/iarocks_py:/opt/ros/jazzy DEBUGINFOD_URLS=https://debuginfod.ubuntu.com /usr/bin/cmake --install /home/luis/my_ws/build/camara
