[0.025s] Invoking command in '/home/luis/my_ws/build/multicamera': AMENT_PREFIX_PATH=/home/luis/my_ws/install/cv_bridge:${AMENT_PREFIX_PATH} CMAKE_PREFIX_PATH=/home/luis/my_ws/install/cv_bridge:/opt/ros/jazzy/opt/gz_math_vendor:/opt/ros/jazzy/opt/gz_utils_vendor:/opt/ros/jazzy/opt/gz_cmake_vendor:/opt/ros/jazzy DEBUGINFOD_URLS=https://debuginfod.ubuntu.com LD_LIBRARY_PATH=/home/luis/my_ws/install/cv_bridge/lib:${LD_LIBRARY_PATH} PYTHONPATH=/home/luis/my_ws/install/cv_bridge/lib/python3.12/site-packages:${PYTHONPATH} /usr/bin/cmake --build /home/luis/my_ws/build/multicamera -- -j12 -l12
[0.466s] [100%] Built target camera_publisher
[0.466s] [100%] Built target camera_subscriber
[0.476s] Invoked command in '/home/luis/my_ws/build/multicamera' returned '0': AMENT_PREFIX_PATH=/home/luis/my_ws/install/cv_bridge:${AMENT_PREFIX_PATH} CMAKE_PREFIX_PATH=/home/luis/my_ws/install/cv_bridge:/opt/ros/jazzy/opt/gz_math_vendor:/opt/ros/jazzy/opt/gz_utils_vendor:/opt/ros/jazzy/opt/gz_cmake_vendor:/opt/ros/jazzy DEBUGINFOD_URLS=https://debuginfod.ubuntu.com LD_LIBRARY_PATH=/home/luis/my_ws/install/cv_bridge/lib:${LD_LIBRARY_PATH} PYTHONPATH=/home/luis/my_ws/install/cv_bridge/lib/python3.12/site-packages:${PYTHONPATH} /usr/bin/cmake --build /home/luis/my_ws/build/multicamera -- -j12 -l12
[0.478s] Invoking command in '/home/luis/my_ws/build/multicamera': AMENT_PREFIX_PATH=/home/luis/my_ws/install/cv_bridge:${AMENT_PREFIX_PATH} CMAKE_PREFIX_PATH=/home/luis/my_ws/install/cv_bridge:/opt/ros/jazzy/opt/gz_math_vendor:/opt/ros/jazzy/opt/gz_utils_vendor:/opt/ros/jazzy/opt/gz_cmake_vendor:/opt/ros/jazzy DEBUGINFOD_URLS=https://debuginfod.ubuntu.com LD_LIBRARY_PATH=/home/luis/my_ws/install/cv_bridge/lib:${LD_LIBRARY_PATH} PYTHONPATH=/home/luis/my_ws/install/cv_bridge/lib/python3.12/site-packages:${PYTHONPATH} /usr/bin/cmake --install /home/luis/my_ws/build/multicamera
[0.493s] -- Install configuration: ""
[0.497s] -- Up-to-date: /home/luis/my_ws/install/multicamera/lib/multicamera/camera_publisher
[0.498s] -- Up-to-date: /home/luis/my_ws/install/multicamera/lib/multicamera/camera_subscriber
[0.500s] -- Up-to-date: /home/luis/my_ws/install/multicamera/share/ament_index/resource_index/package_run_dependencies/multicamera
[0.502s] -- Up-to-date: /home/luis/my_ws/install/multicamera/share/ament_index/resource_index/parent_prefix_path/multicamera
[0.503s] -- Up-to-date: /home/luis/my_ws/install/multicamera/share/multicamera/environment/ament_prefix_path.sh
[0.503s] -- Up-to-date: /home/luis/my_ws/install/multicamera/share/multicamera/environment/ament_prefix_path.dsv
[0.503s] -- Up-to-date: /home/luis/my_ws/install/multicamera/share/multicamera/environment/path.sh
[0.504s] -- Up-to-date: /home/luis/my_ws/install/multicamera/share/multicamera/environment/path.dsv
[0.504s] -- Up-to-date: /home/luis/my_ws/install/multicamera/share/multicamera/local_setup.bash
[0.504s] -- Up-to-date: /home/luis/my_ws/install/multicamera/share/multicamera/local_setup.sh
[0.505s] -- Up-to-date: /home/luis/my_ws/install/multicamera/share/multicamera/local_setup.zsh
[0.505s] -- Up-to-date: /home/luis/my_ws/install/multicamera/share/multicamera/local_setup.dsv
[0.505s] -- Installing: /home/luis/my_ws/install/multicamera/share/multicamera/package.dsv
[0.509s] -- Up-to-date: /home/luis/my_ws/install/multicamera/share/ament_index/resource_index/packages/multicamera
[0.510s] -- Up-to-date: /home/luis/my_ws/install/multicamera/share/multicamera/cmake/multicameraConfig.cmake
[0.510s] -- Up-to-date: /home/luis/my_ws/install/multicamera/share/multicamera/cmake/multicameraConfig-version.cmake
[0.510s] -- Up-to-date: /home/luis/my_ws/install/multicamera/share/multicamera/package.xml
[0.519s] Invoked command in '/home/luis/my_ws/build/multicamera' returned '0': AMENT_PREFIX_PATH=/home/luis/my_ws/install/cv_bridge:${AMENT_PREFIX_PATH} CMAKE_PREFIX_PATH=/home/luis/my_ws/install/cv_bridge:/opt/ros/jazzy/opt/gz_math_vendor:/opt/ros/jazzy/opt/gz_utils_vendor:/opt/ros/jazzy/opt/gz_cmake_vendor:/opt/ros/jazzy DEBUGINFOD_URLS=https://debuginfod.ubuntu.com LD_LIBRARY_PATH=/home/luis/my_ws/install/cv_bridge/lib:${LD_LIBRARY_PATH} PYTHONPATH=/home/luis/my_ws/install/cv_bridge/lib/python3.12/site-packages:${PYTHONPATH} /usr/bin/cmake --install /home/luis/my_ws/build/multicamera
