[0.049s] Invoking command in '/home/luis/my_ws/build/cv_bridge': CMAKE_PREFIX_PATH=${CMAKE_PREFIX_PATH}:/opt/ros/jazzy DEBUGINFOD_URLS=https://debuginfod.ubuntu.com /usr/bin/cmake --build /home/luis/my_ws/build/cv_bridge -- -j12 -l12
[0.513s] [ 22%] Built target gtest
[0.513s] [ 22%] Built target gtest_main
[0.513s] [ 22%] Built target ament_cmake_python_copy_cv_bridge
[0.514s] [ 44%] Built target cv_bridge
[0.514s] [ 83%] Built target cv_bridge-utest
[0.514s] [100%] Built target cv_bridge_boost
[0.591s] running egg_info
[0.640s] writing cv_bridge.egg-info/PKG-INFO
[0.640s] writing dependency_links to cv_bridge.egg-info/dependency_links.txt
[0.641s] writing top-level names to cv_bridge.egg-info/top_level.txt
[0.780s] reading manifest file 'cv_bridge.egg-info/SOURCES.txt'
[0.781s] writing manifest file 'cv_bridge.egg-info/SOURCES.txt'
[0.859s] [100%] Built target ament_cmake_python_build_cv_bridge_egg
[0.877s] Invoked command in '/home/luis/my_ws/build/cv_bridge' returned '0': CMAKE_PREFIX_PATH=${CMAKE_PREFIX_PATH}:/opt/ros/jazzy DEBUGINFOD_URLS=https://debuginfod.ubuntu.com /usr/bin/cmake --build /home/luis/my_ws/build/cv_bridge -- -j12 -l12
[0.879s] Invoking command in '/home/luis/my_ws/build/cv_bridge': CMAKE_PREFIX_PATH=${CMAKE_PREFIX_PATH}:/opt/ros/jazzy DEBUGINFOD_URLS=https://debuginfod.ubuntu.com /usr/bin/cmake --install /home/luis/my_ws/build/cv_bridge
[0.892s] -- Install configuration: ""
[0.892s] -- Up-to-date: /home/luis/my_ws/install/cv_bridge/share/cv_bridge/environment/pythonpath.sh
[0.892s] -- Up-to-date: /home/luis/my_ws/install/cv_bridge/share/cv_bridge/environment/pythonpath.dsv
[0.892s] -- Up-to-date: /home/luis/my_ws/install/cv_bridge/lib/python3.12/site-packages/cv_bridge-4.1.0-py3.12.egg-info
[0.893s] -- Installing: /home/luis/my_ws/install/cv_bridge/lib/python3.12/site-packages/cv_bridge-4.1.0-py3.12.egg-info/PKG-INFO
[0.893s] -- Installing: /home/luis/my_ws/install/cv_bridge/lib/python3.12/site-packages/cv_bridge-4.1.0-py3.12.egg-info/SOURCES.txt
[0.893s] -- Installing: /home/luis/my_ws/install/cv_bridge/lib/python3.12/site-packages/cv_bridge-4.1.0-py3.12.egg-info/top_level.txt
[0.894s] -- Installing: /home/luis/my_ws/install/cv_bridge/lib/python3.12/site-packages/cv_bridge-4.1.0-py3.12.egg-info/dependency_links.txt
[0.894s] -- Up-to-date: /home/luis/my_ws/install/cv_bridge/lib/python3.12/site-packages/cv_bridge
[0.894s] -- Up-to-date: /home/luis/my_ws/install/cv_bridge/lib/python3.12/site-packages/cv_bridge/core.py
[0.894s] -- Up-to-date: /home/luis/my_ws/install/cv_bridge/lib/python3.12/site-packages/cv_bridge/__init__.py
[0.956s] Listing '/home/luis/my_ws/install/cv_bridge/lib/python3.12/site-packages/cv_bridge'...
[0.957s] Listing '/home/luis/my_ws/install/cv_bridge/lib/python3.12/site-packages/cv_bridge/boost'...
[0.966s] -- Up-to-date: /home/luis/my_ws/install/cv_bridge/lib/libcv_bridge.so
[0.967s] -- Up-to-date: /home/luis/my_ws/install/cv_bridge/include/cv_bridge/cv_bridge/cv_bridge_export.h
[0.967s] -- Up-to-date: /home/luis/my_ws/install/cv_bridge/lib/python3.12/site-packages/cv_bridge/boost/cv_bridge_boost.so
[0.968s] -- Up-to-date: /home/luis/my_ws/install/cv_bridge/include/cv_bridge
[0.968s] -- Up-to-date: /home/luis/my_ws/install/cv_bridge/include/cv_bridge/cv_bridge
[0.968s] -- Up-to-date: /home/luis/my_ws/install/cv_bridge/include/cv_bridge/cv_bridge/cv_mat_sensor_msgs_image_type_adapter.hpp
[0.969s] -- Up-to-date: /home/luis/my_ws/install/cv_bridge/include/cv_bridge/cv_bridge/visibility_control.h
[0.969s] -- Up-to-date: /home/luis/my_ws/install/cv_bridge/include/cv_bridge/cv_bridge/cv_bridge.hpp
[0.969s] -- Up-to-date: /home/luis/my_ws/install/cv_bridge/include/cv_bridge/cv_bridge/rgb_colors.hpp
[0.969s] -- Up-to-date: /home/luis/my_ws/install/cv_bridge/lib/libcv_bridge.so
[0.970s] -- Up-to-date: /home/luis/my_ws/install/cv_bridge/share/ament_index/resource_index/package_run_dependencies/cv_bridge
[0.970s] -- Up-to-date: /home/luis/my_ws/install/cv_bridge/share/ament_index/resource_index/parent_prefix_path/cv_bridge
[0.971s] -- Up-to-date: /home/luis/my_ws/install/cv_bridge/share/cv_bridge/environment/ament_prefix_path.sh
[0.972s] -- Up-to-date: /home/luis/my_ws/install/cv_bridge/share/cv_bridge/environment/ament_prefix_path.dsv
[0.973s] -- Up-to-date: /home/luis/my_ws/install/cv_bridge/share/cv_bridge/environment/path.sh
[0.973s] -- Up-to-date: /home/luis/my_ws/install/cv_bridge/share/cv_bridge/environment/path.dsv
[0.973s] -- Up-to-date: /home/luis/my_ws/install/cv_bridge/share/cv_bridge/local_setup.bash
[0.974s] -- Up-to-date: /home/luis/my_ws/install/cv_bridge/share/cv_bridge/local_setup.sh
[0.974s] -- Up-to-date: /home/luis/my_ws/install/cv_bridge/share/cv_bridge/local_setup.zsh
[0.974s] -- Up-to-date: /home/luis/my_ws/install/cv_bridge/share/cv_bridge/local_setup.dsv
[0.974s] -- Installing: /home/luis/my_ws/install/cv_bridge/share/cv_bridge/package.dsv
[0.975s] -- Up-to-date: /home/luis/my_ws/install/cv_bridge/share/ament_index/resource_index/packages/cv_bridge
[0.975s] -- Up-to-date: /home/luis/my_ws/install/cv_bridge/share/cv_bridge/cmake/export_cv_bridgeExport.cmake
[0.976s] -- Up-to-date: /home/luis/my_ws/install/cv_bridge/share/cv_bridge/cmake/export_cv_bridgeExport-noconfig.cmake
[0.976s] -- Up-to-date: /home/luis/my_ws/install/cv_bridge/share/cv_bridge/cmake/cv_bridge-extras.cmake
[0.976s] -- Up-to-date: /home/luis/my_ws/install/cv_bridge/share/cv_bridge/cmake/ament_cmake_export_dependencies-extras.cmake
[0.976s] -- Up-to-date: /home/luis/my_ws/install/cv_bridge/share/cv_bridge/cmake/ament_cmake_export_targets-extras.cmake
[0.977s] -- Up-to-date: /home/luis/my_ws/install/cv_bridge/share/cv_bridge/cmake/cv_bridgeConfig.cmake
[0.977s] -- Up-to-date: /home/luis/my_ws/install/cv_bridge/share/cv_bridge/cmake/cv_bridgeConfig-version.cmake
[0.977s] -- Up-to-date: /home/luis/my_ws/install/cv_bridge/share/cv_bridge/package.xml
[0.999s] Invoked command in '/home/luis/my_ws/build/cv_bridge' returned '0': CMAKE_PREFIX_PATH=${CMAKE_PREFIX_PATH}:/opt/ros/jazzy DEBUGINFOD_URLS=https://debuginfod.ubuntu.com /usr/bin/cmake --install /home/luis/my_ws/build/cv_bridge
