[0.086s] Invoking command in '/home/luis/my_ws/build/multicamera': AMENT_PREFIX_PATH=/home/luis/my_ws/install/cv_bridge:${AMENT_PREFIX_PATH} CMAKE_PREFIX_PATH=/home/luis/my_ws/install/cv_bridge:/opt/ros/jazzy/opt/gz_math_vendor:/opt/ros/jazzy/opt/gz_utils_vendor:/opt/ros/jazzy/opt/gz_cmake_vendor:/opt/ros/jazzy DEBUGINFOD_URLS=https://debuginfod.ubuntu.com LD_LIBRARY_PATH=/home/luis/my_ws/install/cv_bridge/lib:${LD_LIBRARY_PATH} PYTHONPATH=/home/luis/my_ws/install/cv_bridge/lib/python3.12/site-packages:${PYTHONPATH} /usr/bin/cmake --build /home/luis/my_ws/build/multicamera -- -j12 -l12
[0.199s] [ 25%] [32mBuilding CXX object CMakeFiles/camera_publisher.dir/src/camera_publisher.cpp.o[0m
[0.218s] [ 75%] Built target camera_subscriber
[5.234s] [32m[1mLinking CXX executable camera_publisher[0m
[5.413s] Built target camera_publisher
[5.423s] Invoked command in '/home/luis/my_ws/build/multicamera' returned '0': AMENT_PREFIX_PATH=/home/luis/my_ws/install/cv_bridge:${AMENT_PREFIX_PATH} CMAKE_PREFIX_PATH=/home/luis/my_ws/install/cv_bridge:/opt/ros/jazzy/opt/gz_math_vendor:/opt/ros/jazzy/opt/gz_utils_vendor:/opt/ros/jazzy/opt/gz_cmake_vendor:/opt/ros/jazzy DEBUGINFOD_URLS=https://debuginfod.ubuntu.com LD_LIBRARY_PATH=/home/luis/my_ws/install/cv_bridge/lib:${LD_LIBRARY_PATH} PYTHONPATH=/home/luis/my_ws/install/cv_bridge/lib/python3.12/site-packages:${PYTHONPATH} /usr/bin/cmake --build /home/luis/my_ws/build/multicamera -- -j12 -l12
[5.424s] Invoking command in '/home/luis/my_ws/build/multicamera': AMENT_PREFIX_PATH=/home/luis/my_ws/install/cv_bridge:${AMENT_PREFIX_PATH} CMAKE_PREFIX_PATH=/home/luis/my_ws/install/cv_bridge:/opt/ros/jazzy/opt/gz_math_vendor:/opt/ros/jazzy/opt/gz_utils_vendor:/opt/ros/jazzy/opt/gz_cmake_vendor:/opt/ros/jazzy DEBUGINFOD_URLS=https://debuginfod.ubuntu.com LD_LIBRARY_PATH=/home/luis/my_ws/install/cv_bridge/lib:${LD_LIBRARY_PATH} PYTHONPATH=/home/luis/my_ws/install/cv_bridge/lib/python3.12/site-packages:${PYTHONPATH} /usr/bin/cmake --install /home/luis/my_ws/build/multicamera
[5.430s] -- Install configuration: ""
[5.431s] -- Installing: /home/luis/my_ws/install/multicamera/lib/multicamera/camera_publisher
[5.433s] -- Set non-toolchain portion of runtime path of "/home/luis/my_ws/install/multicamera/lib/multicamera/camera_publisher" to ""
[5.433s] -- Up-to-date: /home/luis/my_ws/install/multicamera/lib/multicamera/camera_subscriber
[5.433s] -- Up-to-date: /home/luis/my_ws/install/multicamera/share/ament_index/resource_index/package_run_dependencies/multicamera
[5.433s] -- Up-to-date: /home/luis/my_ws/install/multicamera/share/ament_index/resource_index/parent_prefix_path/multicamera
[5.433s] -- Up-to-date: /home/luis/my_ws/install/multicamera/share/multicamera/environment/ament_prefix_path.sh
[5.433s] -- Up-to-date: /home/luis/my_ws/install/multicamera/share/multicamera/environment/ament_prefix_path.dsv
[5.433s] -- Up-to-date: /home/luis/my_ws/install/multicamera/share/multicamera/environment/path.sh
[5.434s] -- Up-to-date: /home/luis/my_ws/install/multicamera/share/multicamera/environment/path.dsv
[5.434s] -- Up-to-date: /home/luis/my_ws/install/multicamera/share/multicamera/local_setup.bash
[5.434s] -- Up-to-date: /home/luis/my_ws/install/multicamera/share/multicamera/local_setup.sh
[5.434s] -- Up-to-date: /home/luis/my_ws/install/multicamera/share/multicamera/local_setup.zsh
[5.434s] -- Up-to-date: /home/luis/my_ws/install/multicamera/share/multicamera/local_setup.dsv
[5.434s] -- Installing: /home/luis/my_ws/install/multicamera/share/multicamera/package.dsv
[5.434s] -- Up-to-date: /home/luis/my_ws/install/multicamera/share/ament_index/resource_index/packages/multicamera
[5.434s] -- Up-to-date: /home/luis/my_ws/install/multicamera/share/multicamera/cmake/multicameraConfig.cmake
[5.434s] -- Up-to-date: /home/luis/my_ws/install/multicamera/share/multicamera/cmake/multicameraConfig-version.cmake
[5.434s] -- Up-to-date: /home/luis/my_ws/install/multicamera/share/multicamera/package.xml
[5.435s] Invoked command in '/home/luis/my_ws/build/multicamera' returned '0': AMENT_PREFIX_PATH=/home/luis/my_ws/install/cv_bridge:${AMENT_PREFIX_PATH} CMAKE_PREFIX_PATH=/home/luis/my_ws/install/cv_bridge:/opt/ros/jazzy/opt/gz_math_vendor:/opt/ros/jazzy/opt/gz_utils_vendor:/opt/ros/jazzy/opt/gz_cmake_vendor:/opt/ros/jazzy DEBUGINFOD_URLS=https://debuginfod.ubuntu.com LD_LIBRARY_PATH=/home/luis/my_ws/install/cv_bridge/lib:${LD_LIBRARY_PATH} PYTHONPATH=/home/luis/my_ws/install/cv_bridge/lib/python3.12/site-packages:${PYTHONPATH} /usr/bin/cmake --install /home/luis/my_ws/build/multicamera
